[  1%] Built target vier_gewinnt__cpp
[  2%] [32mBuilding CXX object CMakeFiles/init.dir/src/init.cpp.o[0m
[ 12%] Built target vier_gewinnt__rosidl_generator_c
[ 12%] Built target ament_cmake_python_copy_vier_gewinnt
[ 23%] Built target vier_gewinnt__rosidl_typesupport_cpp
[ 33%] Built target vier_gewinnt__rosidl_typesupport_fastrtps_cpp
[ 44%] Built target vier_gewinnt__rosidl_typesupport_introspection_c
[ 54%] Built target vier_gewinnt__rosidl_typesupport_c
[ 65%] Built target vier_gewinnt__rosidl_typesupport_introspection_cpp
[35m[1mConsolidate compiler generated dependencies of target vier_gewinnt_node[0m
[ 75%] Built target vier_gewinnt__rosidl_typesupport_fastrtps_c
[ 82%] Built target vier_gewinnt_node
[ 82%] Built target vier_gewinnt
[ 83%] Built target vier_gewinnt__py
[ 92%] Built target vier_gewinnt__rosidl_generator_py
[ 94%] Built target vier_gewinnt__rosidl_typesupport_fastrtps_c__pyext
[ 96%] Built target vier_gewinnt__rosidl_typesupport_introspection_c__pyext
[ 97%] [32m[1mLinking CXX executable init[0m
running egg_info
[100%] Built target vier_gewinnt__rosidl_typesupport_c__pyext
writing vier_gewinnt.egg-info/PKG-INFO
writing dependency_links to vier_gewinnt.egg-info/dependency_links.txt
writing top-level names to vier_gewinnt.egg-info/top_level.txt
reading manifest file 'vier_gewinnt.egg-info/SOURCES.txt'
writing manifest file 'vier_gewinnt.egg-info/SOURCES.txt'
[100%] Built target ament_cmake_python_build_vier_gewinnt_egg
[100%] Built target init
-- Install configuration: ""
-- Up-to-date: /home/parallels/prog/ros2_4gewinnt/install/vier_gewinnt/share/ament_index/resource_index/rosidl_interfaces/vier_gewinnt
-- Up-to-date: /home/parallels/prog/ros2_4gewinnt/install/vier_gewinnt/include/vier_gewinnt/vier_gewinnt
-- Up-to-date: /home/parallels/prog/ros2_4gewinnt/install/vier_gewinnt/include/vier_gewinnt/vier_gewinnt/msg
-- Up-to-date: /home/parallels/prog/ros2_4gewinnt/install/vier_gewinnt/include/vier_gewinnt/vier_gewinnt/msg/rosidl_generator_c__visibility_control.h
-- Up-to-date: /home/parallels/prog/ros2_4gewinnt/install/vier_gewinnt/include/vier_gewinnt/vier_gewinnt/msg/detail
-- Up-to-date: /home/parallels/prog/ros2_4gewinnt/install/vier_gewinnt/include/vier_gewinnt/vier_gewinnt/msg/detail/color__type_support.h
-- Up-to-date: /home/parallels/prog/ros2_4gewinnt/install/vier_gewinnt/include/vier_gewinnt/vier_gewinnt/msg/detail/pose__functions.c
-- Up-to-date: /home/parallels/prog/ros2_4gewinnt/install/vier_gewinnt/include/vier_gewinnt/vier_gewinnt/msg/detail/pose__functions.h
-- Up-to-date: /home/parallels/prog/ros2_4gewinnt/install/vier_gewinnt/include/vier_gewinnt/vier_gewinnt/msg/detail/color__struct.h
-- Up-to-date: /home/parallels/prog/ros2_4gewinnt/install/vier_gewinnt/include/vier_gewinnt/vier_gewinnt/msg/detail/color__functions.c
-- Up-to-date: /home/parallels/prog/ros2_4gewinnt/install/vier_gewinnt/include/vier_gewinnt/vier_gewinnt/msg/detail/pose__type_support.h
-- Up-to-date: /home/parallels/prog/ros2_4gewinnt/install/vier_gewinnt/include/vier_gewinnt/vier_gewinnt/msg/detail/pose__struct.h
-- Up-to-date: /home/parallels/prog/ros2_4gewinnt/install/vier_gewinnt/include/vier_gewinnt/vier_gewinnt/msg/detail/color__functions.h
-- Up-to-date: /home/parallels/prog/ros2_4gewinnt/install/vier_gewinnt/include/vier_gewinnt/vier_gewinnt/msg/color.h
-- Up-to-date: /home/parallels/prog/ros2_4gewinnt/install/vier_gewinnt/include/vier_gewinnt/vier_gewinnt/msg/pose.h
-- Up-to-date: /home/parallels/prog/ros2_4gewinnt/install/vier_gewinnt/include/vier_gewinnt/vier_gewinnt/action
-- Up-to-date: /home/parallels/prog/ros2_4gewinnt/install/vier_gewinnt/include/vier_gewinnt/vier_gewinnt/action/detail
-- Up-to-date: /home/parallels/prog/ros2_4gewinnt/install/vier_gewinnt/include/vier_gewinnt/vier_gewinnt/action/detail/rotate_absolute__functions.h
-- Up-to-date: /home/parallels/prog/ros2_4gewinnt/install/vier_gewinnt/include/vier_gewinnt/vier_gewinnt/action/detail/rotate_absolute__type_support.h
-- Up-to-date: /home/parallels/prog/ros2_4gewinnt/install/vier_gewinnt/include/vier_gewinnt/vier_gewinnt/action/detail/rotate_absolute__functions.c
-- Up-to-date: /home/parallels/prog/ros2_4gewinnt/install/vier_gewinnt/include/vier_gewinnt/vier_gewinnt/action/detail/rotate_absolute__struct.h
-- Up-to-date: /home/parallels/prog/ros2_4gewinnt/install/vier_gewinnt/include/vier_gewinnt/vier_gewinnt/action/rotate_absolute.h
-- Up-to-date: /home/parallels/prog/ros2_4gewinnt/install/vier_gewinnt/include/vier_gewinnt/vier_gewinnt/srv
-- Up-to-date: /home/parallels/prog/ros2_4gewinnt/install/vier_gewinnt/include/vier_gewinnt/vier_gewinnt/srv/detail
-- Up-to-date: /home/parallels/prog/ros2_4gewinnt/install/vier_gewinnt/include/vier_gewinnt/vier_gewinnt/srv/detail/teleport_absolute__functions.c
-- Up-to-date: /home/parallels/prog/ros2_4gewinnt/install/vier_gewinnt/include/vier_gewinnt/vier_gewinnt/srv/detail/spawn__struct.h
-- Up-to-date: /home/parallels/prog/ros2_4gewinnt/install/vier_gewinnt/include/vier_gewinnt/vier_gewinnt/srv/detail/teleport_absolute__type_support.h
-- Up-to-date: /home/parallels/prog/ros2_4gewinnt/install/vier_gewinnt/include/vier_gewinnt/vier_gewinnt/srv/detail/teleport_absolute__struct.h
-- Up-to-date: /home/parallels/prog/ros2_4gewinnt/install/vier_gewinnt/include/vier_gewinnt/vier_gewinnt/srv/detail/kill__functions.h
-- Up-to-date: /home/parallels/prog/ros2_4gewinnt/install/vier_gewinnt/include/vier_gewinnt/vier_gewinnt/srv/detail/set_pen__type_support.h
-- Up-to-date: /home/parallels/prog/ros2_4gewinnt/install/vier_gewinnt/include/vier_gewinnt/vier_gewinnt/srv/detail/teleport_relative__struct.h
-- Up-to-date: /home/parallels/prog/ros2_4gewinnt/install/vier_gewinnt/include/vier_gewinnt/vier_gewinnt/srv/detail/set_pen__struct.h
-- Up-to-date: /home/parallels/prog/ros2_4gewinnt/install/vier_gewinnt/include/vier_gewinnt/vier_gewinnt/srv/detail/kill__functions.c
-- Up-to-date: /home/parallels/prog/ros2_4gewinnt/install/vier_gewinnt/include/vier_gewinnt/vier_gewinnt/srv/detail/spawn__type_support.h
-- Up-to-date: /home/parallels/prog/ros2_4gewinnt/install/vier_gewinnt/include/vier_gewinnt/vier_gewinnt/srv/detail/teleport_absolute__functions.h
-- Up-to-date: /home/parallels/prog/ros2_4gewinnt/install/vier_gewinnt/include/vier_gewinnt/vier_gewinnt/srv/detail/kill__struct.h
-- Up-to-date: /home/parallels/prog/ros2_4gewinnt/install/vier_gewinnt/include/vier_gewinnt/vier_gewinnt/srv/detail/teleport_relative__type_support.h
-- Up-to-date: /home/parallels/prog/ros2_4gewinnt/install/vier_gewinnt/include/vier_gewinnt/vier_gewinnt/srv/detail/set_pen__functions.c
-- Up-to-date: /home/parallels/prog/ros2_4gewinnt/install/vier_gewinnt/include/vier_gewinnt/vier_gewinnt/srv/detail/teleport_relative__functions.h
-- Up-to-date: /home/parallels/prog/ros2_4gewinnt/install/vier_gewinnt/include/vier_gewinnt/vier_gewinnt/srv/detail/spawn__functions.c
-- Up-to-date: /home/parallels/prog/ros2_4gewinnt/install/vier_gewinnt/include/vier_gewinnt/vier_gewinnt/srv/detail/kill__type_support.h
-- Up-to-date: /home/parallels/prog/ros2_4gewinnt/install/vier_gewinnt/include/vier_gewinnt/vier_gewinnt/srv/detail/set_pen__functions.h
-- Up-to-date: /home/parallels/prog/ros2_4gewinnt/install/vier_gewinnt/include/vier_gewinnt/vier_gewinnt/srv/detail/spawn__functions.h
-- Up-to-date: /home/parallels/prog/ros2_4gewinnt/install/vier_gewinnt/include/vier_gewinnt/vier_gewinnt/srv/detail/teleport_relative__functions.c
-- Up-to-date: /home/parallels/prog/ros2_4gewinnt/install/vier_gewinnt/include/vier_gewinnt/vier_gewinnt/srv/teleport_absolute.h
-- Up-to-date: /home/parallels/prog/ros2_4gewinnt/install/vier_gewinnt/include/vier_gewinnt/vier_gewinnt/srv/kill.h
-- Up-to-date: /home/parallels/prog/ros2_4gewinnt/install/vier_gewinnt/include/vier_gewinnt/vier_gewinnt/srv/spawn.h
-- Up-to-date: /home/parallels/prog/ros2_4gewinnt/install/vier_gewinnt/include/vier_gewinnt/vier_gewinnt/srv/set_pen.h
-- Up-to-date: /home/parallels/prog/ros2_4gewinnt/install/vier_gewinnt/include/vier_gewinnt/vier_gewinnt/srv/teleport_relative.h
-- Up-to-date: /home/parallels/prog/ros2_4gewinnt/install/vier_gewinnt/share/vier_gewinnt/environment/library_path.sh
-- Up-to-date: /home/parallels/prog/ros2_4gewinnt/install/vier_gewinnt/share/vier_gewinnt/environment/library_path.dsv
-- Up-to-date: /home/parallels/prog/ros2_4gewinnt/install/vier_gewinnt/lib/libvier_gewinnt__rosidl_generator_c.so
-- Up-to-date: /home/parallels/prog/ros2_4gewinnt/install/vier_gewinnt/include/vier_gewinnt/vier_gewinnt
-- Up-to-date: /home/parallels/prog/ros2_4gewinnt/install/vier_gewinnt/include/vier_gewinnt/vier_gewinnt/msg
-- Up-to-date: /home/parallels/prog/ros2_4gewinnt/install/vier_gewinnt/include/vier_gewinnt/vier_gewinnt/msg/detail
-- Up-to-date: /home/parallels/prog/ros2_4gewinnt/install/vier_gewinnt/include/vier_gewinnt/vier_gewinnt/msg/detail/color__rosidl_typesupport_fastrtps_c.h
-- Up-to-date: /home/parallels/prog/ros2_4gewinnt/install/vier_gewinnt/include/vier_gewinnt/vier_gewinnt/msg/detail/pose__rosidl_typesupport_fastrtps_c.h
-- Up-to-date: /home/parallels/prog/ros2_4gewinnt/install/vier_gewinnt/include/vier_gewinnt/vier_gewinnt/msg/rosidl_typesupport_fastrtps_c__visibility_control.h
-- Up-to-date: /home/parallels/prog/ros2_4gewinnt/install/vier_gewinnt/include/vier_gewinnt/vier_gewinnt/action
-- Up-to-date: /home/parallels/prog/ros2_4gewinnt/install/vier_gewinnt/include/vier_gewinnt/vier_gewinnt/action/detail
-- Up-to-date: /home/parallels/prog/ros2_4gewinnt/install/vier_gewinnt/include/vier_gewinnt/vier_gewinnt/action/detail/rotate_absolute__rosidl_typesupport_fastrtps_c.h
-- Up-to-date: /home/parallels/prog/ros2_4gewinnt/install/vier_gewinnt/include/vier_gewinnt/vier_gewinnt/srv
-- Up-to-date: /home/parallels/prog/ros2_4gewinnt/install/vier_gewinnt/include/vier_gewinnt/vier_gewinnt/srv/detail
-- Up-to-date: /home/parallels/prog/ros2_4gewinnt/install/vier_gewinnt/include/vier_gewinnt/vier_gewinnt/srv/detail/kill__rosidl_typesupport_fastrtps_c.h
-- Up-to-date: /home/parallels/prog/ros2_4gewinnt/install/vier_gewinnt/include/vier_gewinnt/vier_gewinnt/srv/detail/spawn__rosidl_typesupport_fastrtps_c.h
-- Up-to-date: /home/parallels/prog/ros2_4gewinnt/install/vier_gewinnt/include/vier_gewinnt/vier_gewinnt/srv/detail/set_pen__rosidl_typesupport_fastrtps_c.h
-- Up-to-date: /home/parallels/prog/ros2_4gewinnt/install/vier_gewinnt/include/vier_gewinnt/vier_gewinnt/srv/detail/teleport_absolute__rosidl_typesupport_fastrtps_c.h
-- Up-to-date: /home/parallels/prog/ros2_4gewinnt/install/vier_gewinnt/include/vier_gewinnt/vier_gewinnt/srv/detail/teleport_relative__rosidl_typesupport_fastrtps_c.h
-- Up-to-date: /home/parallels/prog/ros2_4gewinnt/install/vier_gewinnt/lib/libvier_gewinnt__rosidl_typesupport_fastrtps_c.so
-- Up-to-date: /home/parallels/prog/ros2_4gewinnt/install/vier_gewinnt/include/vier_gewinnt/vier_gewinnt
-- Up-to-date: /home/parallels/prog/ros2_4gewinnt/install/vier_gewinnt/include/vier_gewinnt/vier_gewinnt/msg
-- Up-to-date: /home/parallels/prog/ros2_4gewinnt/install/vier_gewinnt/include/vier_gewinnt/vier_gewinnt/msg/pose.hpp
-- Up-to-date: /home/parallels/prog/ros2_4gewinnt/install/vier_gewinnt/include/vier_gewinnt/vier_gewinnt/msg/detail
-- Up-to-date: /home/parallels/prog/ros2_4gewinnt/install/vier_gewinnt/include/vier_gewinnt/vier_gewinnt/msg/detail/color__traits.hpp
-- Up-to-date: /home/parallels/prog/ros2_4gewinnt/install/vier_gewinnt/include/vier_gewinnt/vier_gewinnt/msg/detail/pose__struct.hpp
-- Up-to-date: /home/parallels/prog/ros2_4gewinnt/install/vier_gewinnt/include/vier_gewinnt/vier_gewinnt/msg/detail/color__builder.hpp
-- Up-to-date: /home/parallels/prog/ros2_4gewinnt/install/vier_gewinnt/include/vier_gewinnt/vier_gewinnt/msg/detail/pose__builder.hpp
-- Up-to-date: /home/parallels/prog/ros2_4gewinnt/install/vier_gewinnt/include/vier_gewinnt/vier_gewinnt/msg/detail/color__struct.hpp
-- Up-to-date: /home/parallels/prog/ros2_4gewinnt/install/vier_gewinnt/include/vier_gewinnt/vier_gewinnt/msg/detail/pose__traits.hpp
-- Up-to-date: /home/parallels/prog/ros2_4gewinnt/install/vier_gewinnt/include/vier_gewinnt/vier_gewinnt/msg/color.hpp
-- Up-to-date: /home/parallels/prog/ros2_4gewinnt/install/vier_gewinnt/include/vier_gewinnt/vier_gewinnt/action
-- Up-to-date: /home/parallels/prog/ros2_4gewinnt/install/vier_gewinnt/include/vier_gewinnt/vier_gewinnt/action/detail
-- Up-to-date: /home/parallels/prog/ros2_4gewinnt/install/vier_gewinnt/include/vier_gewinnt/vier_gewinnt/action/detail/rotate_absolute__traits.hpp
-- Up-to-date: /home/parallels/prog/ros2_4gewinnt/install/vier_gewinnt/include/vier_gewinnt/vier_gewinnt/action/detail/rotate_absolute__struct.hpp
-- Up-to-date: /home/parallels/prog/ros2_4gewinnt/install/vier_gewinnt/include/vier_gewinnt/vier_gewinnt/action/detail/rotate_absolute__builder.hpp
-- Up-to-date: /home/parallels/prog/ros2_4gewinnt/install/vier_gewinnt/include/vier_gewinnt/vier_gewinnt/action/rotate_absolute.hpp
-- Up-to-date: /home/parallels/prog/ros2_4gewinnt/install/vier_gewinnt/include/vier_gewinnt/vier_gewinnt/srv
-- Up-to-date: /home/parallels/prog/ros2_4gewinnt/install/vier_gewinnt/include/vier_gewinnt/vier_gewinnt/srv/detail
-- Up-to-date: /home/parallels/prog/ros2_4gewinnt/install/vier_gewinnt/include/vier_gewinnt/vier_gewinnt/srv/detail/kill__struct.hpp
-- Up-to-date: /home/parallels/prog/ros2_4gewinnt/install/vier_gewinnt/include/vier_gewinnt/vier_gewinnt/srv/detail/teleport_absolute__struct.hpp
-- Up-to-date: /home/parallels/prog/ros2_4gewinnt/install/vier_gewinnt/include/vier_gewinnt/vier_gewinnt/srv/detail/kill__builder.hpp
-- Up-to-date: /home/parallels/prog/ros2_4gewinnt/install/vier_gewinnt/include/vier_gewinnt/vier_gewinnt/srv/detail/teleport_relative__traits.hpp
-- Up-to-date: /home/parallels/prog/ros2_4gewinnt/install/vier_gewinnt/include/vier_gewinnt/vier_gewinnt/srv/detail/spawn__traits.hpp
-- Up-to-date: /home/parallels/prog/ros2_4gewinnt/install/vier_gewinnt/include/vier_gewinnt/vier_gewinnt/srv/detail/set_pen__builder.hpp
-- Up-to-date: /home/parallels/prog/ros2_4gewinnt/install/vier_gewinnt/include/vier_gewinnt/vier_gewinnt/srv/detail/teleport_absolute__traits.hpp
-- Up-to-date: /home/parallels/prog/ros2_4gewinnt/install/vier_gewinnt/include/vier_gewinnt/vier_gewinnt/srv/detail/teleport_absolute__builder.hpp
-- Up-to-date: /home/parallels/prog/ros2_4gewinnt/install/vier_gewinnt/include/vier_gewinnt/vier_gewinnt/srv/detail/spawn__struct.hpp
-- Up-to-date: /home/parallels/prog/ros2_4gewinnt/install/vier_gewinnt/include/vier_gewinnt/vier_gewinnt/srv/detail/set_pen__struct.hpp
-- Up-to-date: /home/parallels/prog/ros2_4gewinnt/install/vier_gewinnt/include/vier_gewinnt/vier_gewinnt/srv/detail/kill__traits.hpp
-- Up-to-date: /home/parallels/prog/ros2_4gewinnt/install/vier_gewinnt/include/vier_gewinnt/vier_gewinnt/srv/detail/set_pen__traits.hpp
-- Up-to-date: /home/parallels/prog/ros2_4gewinnt/install/vier_gewinnt/include/vier_gewinnt/vier_gewinnt/srv/detail/teleport_relative__struct.hpp
-- Up-to-date: /home/parallels/prog/ros2_4gewinnt/install/vier_gewinnt/include/vier_gewinnt/vier_gewinnt/srv/detail/teleport_relative__builder.hpp
-- Up-to-date: /home/parallels/prog/ros2_4gewinnt/install/vier_gewinnt/include/vier_gewinnt/vier_gewinnt/srv/detail/spawn__builder.hpp
-- Up-to-date: /home/parallels/prog/ros2_4gewinnt/install/vier_gewinnt/include/vier_gewinnt/vier_gewinnt/srv/kill.hpp
-- Up-to-date: /home/parallels/prog/ros2_4gewinnt/install/vier_gewinnt/include/vier_gewinnt/vier_gewinnt/srv/teleport_absolute.hpp
-- Up-to-date: /home/parallels/prog/ros2_4gewinnt/install/vier_gewinnt/include/vier_gewinnt/vier_gewinnt/srv/teleport_relative.hpp
-- Up-to-date: /home/parallels/prog/ros2_4gewinnt/install/vier_gewinnt/include/vier_gewinnt/vier_gewinnt/srv/set_pen.hpp
-- Up-to-date: /home/parallels/prog/ros2_4gewinnt/install/vier_gewinnt/include/vier_gewinnt/vier_gewinnt/srv/spawn.hpp
-- Up-to-date: /home/parallels/prog/ros2_4gewinnt/install/vier_gewinnt/include/vier_gewinnt/vier_gewinnt
-- Up-to-date: /home/parallels/prog/ros2_4gewinnt/install/vier_gewinnt/include/vier_gewinnt/vier_gewinnt/msg
-- Up-to-date: /home/parallels/prog/ros2_4gewinnt/install/vier_gewinnt/include/vier_gewinnt/vier_gewinnt/msg/detail
-- Up-to-date: /home/parallels/prog/ros2_4gewinnt/install/vier_gewinnt/include/vier_gewinnt/vier_gewinnt/msg/detail/dds_fastrtps
-- Up-to-date: /home/parallels/prog/ros2_4gewinnt/install/vier_gewinnt/include/vier_gewinnt/vier_gewinnt/msg/detail/color__rosidl_typesupport_fastrtps_cpp.hpp
-- Up-to-date: /home/parallels/prog/ros2_4gewinnt/install/vier_gewinnt/include/vier_gewinnt/vier_gewinnt/msg/detail/pose__rosidl_typesupport_fastrtps_cpp.hpp
-- Up-to-date: /home/parallels/prog/ros2_4gewinnt/install/vier_gewinnt/include/vier_gewinnt/vier_gewinnt/msg/rosidl_typesupport_fastrtps_cpp__visibility_control.h
-- Up-to-date: /home/parallels/prog/ros2_4gewinnt/install/vier_gewinnt/include/vier_gewinnt/vier_gewinnt/action
-- Up-to-date: /home/parallels/prog/ros2_4gewinnt/install/vier_gewinnt/include/vier_gewinnt/vier_gewinnt/action/detail
-- Up-to-date: /home/parallels/prog/ros2_4gewinnt/install/vier_gewinnt/include/vier_gewinnt/vier_gewinnt/action/detail/dds_fastrtps
-- Up-to-date: /home/parallels/prog/ros2_4gewinnt/install/vier_gewinnt/include/vier_gewinnt/vier_gewinnt/action/detail/rotate_absolute__rosidl_typesupport_fastrtps_cpp.hpp
-- Up-to-date: /home/parallels/prog/ros2_4gewinnt/install/vier_gewinnt/include/vier_gewinnt/vier_gewinnt/srv
-- Up-to-date: /home/parallels/prog/ros2_4gewinnt/install/vier_gewinnt/include/vier_gewinnt/vier_gewinnt/srv/detail
-- Up-to-date: /home/parallels/prog/ros2_4gewinnt/install/vier_gewinnt/include/vier_gewinnt/vier_gewinnt/srv/detail/dds_fastrtps
-- Up-to-date: /home/parallels/prog/ros2_4gewinnt/install/vier_gewinnt/include/vier_gewinnt/vier_gewinnt/srv/detail/teleport_absolute__rosidl_typesupport_fastrtps_cpp.hpp
-- Up-to-date: /home/parallels/prog/ros2_4gewinnt/install/vier_gewinnt/include/vier_gewinnt/vier_gewinnt/srv/detail/kill__rosidl_typesupport_fastrtps_cpp.hpp
-- Up-to-date: /home/parallels/prog/ros2_4gewinnt/install/vier_gewinnt/include/vier_gewinnt/vier_gewinnt/srv/detail/set_pen__rosidl_typesupport_fastrtps_cpp.hpp
-- Up-to-date: /home/parallels/prog/ros2_4gewinnt/install/vier_gewinnt/include/vier_gewinnt/vier_gewinnt/srv/detail/spawn__rosidl_typesupport_fastrtps_cpp.hpp
-- Up-to-date: /home/parallels/prog/ros2_4gewinnt/install/vier_gewinnt/include/vier_gewinnt/vier_gewinnt/srv/detail/teleport_relative__rosidl_typesupport_fastrtps_cpp.hpp
-- Up-to-date: /home/parallels/prog/ros2_4gewinnt/install/vier_gewinnt/lib/libvier_gewinnt__rosidl_typesupport_fastrtps_cpp.so
-- Up-to-date: /home/parallels/prog/ros2_4gewinnt/install/vier_gewinnt/include/vier_gewinnt/vier_gewinnt
-- Up-to-date: /home/parallels/prog/ros2_4gewinnt/install/vier_gewinnt/include/vier_gewinnt/vier_gewinnt/msg
-- Up-to-date: /home/parallels/prog/ros2_4gewinnt/install/vier_gewinnt/include/vier_gewinnt/vier_gewinnt/msg/detail
-- Up-to-date: /home/parallels/prog/ros2_4gewinnt/install/vier_gewinnt/include/vier_gewinnt/vier_gewinnt/msg/detail/pose__type_support.c
-- Up-to-date: /home/parallels/prog/ros2_4gewinnt/install/vier_gewinnt/include/vier_gewinnt/vier_gewinnt/msg/detail/color__rosidl_typesupport_introspection_c.h
-- Up-to-date: /home/parallels/prog/ros2_4gewinnt/install/vier_gewinnt/include/vier_gewinnt/vier_gewinnt/msg/detail/color__type_support.c
-- Up-to-date: /home/parallels/prog/ros2_4gewinnt/install/vier_gewinnt/include/vier_gewinnt/vier_gewinnt/msg/detail/pose__rosidl_typesupport_introspection_c.h
-- Up-to-date: /home/parallels/prog/ros2_4gewinnt/install/vier_gewinnt/include/vier_gewinnt/vier_gewinnt/msg/rosidl_typesupport_introspection_c__visibility_control.h
-- Up-to-date: /home/parallels/prog/ros2_4gewinnt/install/vier_gewinnt/include/vier_gewinnt/vier_gewinnt/action
-- Up-to-date: /home/parallels/prog/ros2_4gewinnt/install/vier_gewinnt/include/vier_gewinnt/vier_gewinnt/action/detail
-- Up-to-date: /home/parallels/prog/ros2_4gewinnt/install/vier_gewinnt/include/vier_gewinnt/vier_gewinnt/action/detail/rotate_absolute__rosidl_typesupport_introspection_c.h
-- Up-to-date: /home/parallels/prog/ros2_4gewinnt/install/vier_gewinnt/include/vier_gewinnt/vier_gewinnt/action/detail/rotate_absolute__type_support.c
-- Up-to-date: /home/parallels/prog/ros2_4gewinnt/install/vier_gewinnt/include/vier_gewinnt/vier_gewinnt/srv
-- Up-to-date: /home/parallels/prog/ros2_4gewinnt/install/vier_gewinnt/include/vier_gewinnt/vier_gewinnt/srv/detail
-- Up-to-date: /home/parallels/prog/ros2_4gewinnt/install/vier_gewinnt/include/vier_gewinnt/vier_gewinnt/srv/detail/teleport_relative__type_support.c
-- Up-to-date: /home/parallels/prog/ros2_4gewinnt/install/vier_gewinnt/include/vier_gewinnt/vier_gewinnt/srv/detail/kill__rosidl_typesupport_introspection_c.h
-- Up-to-date: /home/parallels/prog/ros2_4gewinnt/install/vier_gewinnt/include/vier_gewinnt/vier_gewinnt/srv/detail/teleport_relative__rosidl_typesupport_introspection_c.h
-- Up-to-date: /home/parallels/prog/ros2_4gewinnt/install/vier_gewinnt/include/vier_gewinnt/vier_gewinnt/srv/detail/spawn__rosidl_typesupport_introspection_c.h
-- Up-to-date: /home/parallels/prog/ros2_4gewinnt/install/vier_gewinnt/include/vier_gewinnt/vier_gewinnt/srv/detail/kill__type_support.c
-- Up-to-date: /home/parallels/prog/ros2_4gewinnt/install/vier_gewinnt/include/vier_gewinnt/vier_gewinnt/srv/detail/set_pen__type_support.c
-- Up-to-date: /home/parallels/prog/ros2_4gewinnt/install/vier_gewinnt/include/vier_gewinnt/vier_gewinnt/srv/detail/spawn__type_support.c
-- Up-to-date: /home/parallels/prog/ros2_4gewinnt/install/vier_gewinnt/include/vier_gewinnt/vier_gewinnt/srv/detail/set_pen__rosidl_typesupport_introspection_c.h
-- Up-to-date: /home/parallels/prog/ros2_4gewinnt/install/vier_gewinnt/include/vier_gewinnt/vier_gewinnt/srv/detail/teleport_absolute__rosidl_typesupport_introspection_c.h
-- Up-to-date: /home/parallels/prog/ros2_4gewinnt/install/vier_gewinnt/include/vier_gewinnt/vier_gewinnt/srv/detail/teleport_absolute__type_support.c
-- Up-to-date: /home/parallels/prog/ros2_4gewinnt/install/vier_gewinnt/lib/libvier_gewinnt__rosidl_typesupport_introspection_c.so
-- Up-to-date: /home/parallels/prog/ros2_4gewinnt/install/vier_gewinnt/lib/libvier_gewinnt__rosidl_typesupport_c.so
-- Up-to-date: /home/parallels/prog/ros2_4gewinnt/install/vier_gewinnt/include/vier_gewinnt/vier_gewinnt
-- Up-to-date: /home/parallels/prog/ros2_4gewinnt/install/vier_gewinnt/include/vier_gewinnt/vier_gewinnt/msg
-- Up-to-date: /home/parallels/prog/ros2_4gewinnt/install/vier_gewinnt/include/vier_gewinnt/vier_gewinnt/msg/detail
-- Up-to-date: /home/parallels/prog/ros2_4gewinnt/install/vier_gewinnt/include/vier_gewinnt/vier_gewinnt/msg/detail/color__rosidl_typesupport_introspection_cpp.hpp
-- Up-to-date: /home/parallels/prog/ros2_4gewinnt/install/vier_gewinnt/include/vier_gewinnt/vier_gewinnt/msg/detail/pose__rosidl_typesupport_introspection_cpp.hpp
-- Up-to-date: /home/parallels/prog/ros2_4gewinnt/install/vier_gewinnt/include/vier_gewinnt/vier_gewinnt/msg/detail/color__type_support.cpp
-- Up-to-date: /home/parallels/prog/ros2_4gewinnt/install/vier_gewinnt/include/vier_gewinnt/vier_gewinnt/msg/detail/pose__type_support.cpp
-- Up-to-date: /home/parallels/prog/ros2_4gewinnt/install/vier_gewinnt/include/vier_gewinnt/vier_gewinnt/action
-- Up-to-date: /home/parallels/prog/ros2_4gewinnt/install/vier_gewinnt/include/vier_gewinnt/vier_gewinnt/action/detail
-- Up-to-date: /home/parallels/prog/ros2_4gewinnt/install/vier_gewinnt/include/vier_gewinnt/vier_gewinnt/action/detail/rotate_absolute__rosidl_typesupport_introspection_cpp.hpp
-- Up-to-date: /home/parallels/prog/ros2_4gewinnt/install/vier_gewinnt/include/vier_gewinnt/vier_gewinnt/action/detail/rotate_absolute__type_support.cpp
-- Up-to-date: /home/parallels/prog/ros2_4gewinnt/install/vier_gewinnt/include/vier_gewinnt/vier_gewinnt/srv
-- Up-to-date: /home/parallels/prog/ros2_4gewinnt/install/vier_gewinnt/include/vier_gewinnt/vier_gewinnt/srv/detail
-- Up-to-date: /home/parallels/prog/ros2_4gewinnt/install/vier_gewinnt/include/vier_gewinnt/vier_gewinnt/srv/detail/teleport_absolute__type_support.cpp
-- Up-to-date: /home/parallels/prog/ros2_4gewinnt/install/vier_gewinnt/include/vier_gewinnt/vier_gewinnt/srv/detail/spawn__type_support.cpp
-- Up-to-date: /home/parallels/prog/ros2_4gewinnt/install/vier_gewinnt/include/vier_gewinnt/vier_gewinnt/srv/detail/teleport_relative__rosidl_typesupport_introspection_cpp.hpp
-- Up-to-date: /home/parallels/prog/ros2_4gewinnt/install/vier_gewinnt/include/vier_gewinnt/vier_gewinnt/srv/detail/spawn__rosidl_typesupport_introspection_cpp.hpp
-- Up-to-date: /home/parallels/prog/ros2_4gewinnt/install/vier_gewinnt/include/vier_gewinnt/vier_gewinnt/srv/detail/set_pen__type_support.cpp
-- Up-to-date: /home/parallels/prog/ros2_4gewinnt/install/vier_gewinnt/include/vier_gewinnt/vier_gewinnt/srv/detail/teleport_relative__type_support.cpp
-- Up-to-date: /home/parallels/prog/ros2_4gewinnt/install/vier_gewinnt/include/vier_gewinnt/vier_gewinnt/srv/detail/teleport_absolute__rosidl_typesupport_introspection_cpp.hpp
-- Up-to-date: /home/parallels/prog/ros2_4gewinnt/install/vier_gewinnt/include/vier_gewinnt/vier_gewinnt/srv/detail/set_pen__rosidl_typesupport_introspection_cpp.hpp
-- Up-to-date: /home/parallels/prog/ros2_4gewinnt/install/vier_gewinnt/include/vier_gewinnt/vier_gewinnt/srv/detail/kill__type_support.cpp
-- Up-to-date: /home/parallels/prog/ros2_4gewinnt/install/vier_gewinnt/include/vier_gewinnt/vier_gewinnt/srv/detail/kill__rosidl_typesupport_introspection_cpp.hpp
-- Up-to-date: /home/parallels/prog/ros2_4gewinnt/install/vier_gewinnt/lib/libvier_gewinnt__rosidl_typesupport_introspection_cpp.so
-- Up-to-date: /home/parallels/prog/ros2_4gewinnt/install/vier_gewinnt/lib/libvier_gewinnt__rosidl_typesupport_cpp.so
-- Up-to-date: /home/parallels/prog/ros2_4gewinnt/install/vier_gewinnt/share/vier_gewinnt/environment/pythonpath.sh
-- Up-to-date: /home/parallels/prog/ros2_4gewinnt/install/vier_gewinnt/share/vier_gewinnt/environment/pythonpath.dsv
-- Up-to-date: /home/parallels/prog/ros2_4gewinnt/install/vier_gewinnt/local/lib/python3.10/dist-packages/vier_gewinnt-0.0.0-py3.10.egg-info
-- Installing: /home/parallels/prog/ros2_4gewinnt/install/vier_gewinnt/local/lib/python3.10/dist-packages/vier_gewinnt-0.0.0-py3.10.egg-info/dependency_links.txt
-- Installing: /home/parallels/prog/ros2_4gewinnt/install/vier_gewinnt/local/lib/python3.10/dist-packages/vier_gewinnt-0.0.0-py3.10.egg-info/top_level.txt
-- Installing: /home/parallels/prog/ros2_4gewinnt/install/vier_gewinnt/local/lib/python3.10/dist-packages/vier_gewinnt-0.0.0-py3.10.egg-info/PKG-INFO
-- Installing: /home/parallels/prog/ros2_4gewinnt/install/vier_gewinnt/local/lib/python3.10/dist-packages/vier_gewinnt-0.0.0-py3.10.egg-info/SOURCES.txt
-- Up-to-date: /home/parallels/prog/ros2_4gewinnt/install/vier_gewinnt/local/lib/python3.10/dist-packages/vier_gewinnt
-- Up-to-date: /home/parallels/prog/ros2_4gewinnt/install/vier_gewinnt/local/lib/python3.10/dist-packages/vier_gewinnt/vier_gewinnt_s__rosidl_typesupport_c.cpython-310-aarch64-linux-gnu.so
-- Up-to-date: /home/parallels/prog/ros2_4gewinnt/install/vier_gewinnt/local/lib/python3.10/dist-packages/vier_gewinnt/vier_gewinnt_s__rosidl_typesupport_fastrtps_c.cpython-310-aarch64-linux-gnu.so
-- Up-to-date: /home/parallels/prog/ros2_4gewinnt/install/vier_gewinnt/local/lib/python3.10/dist-packages/vier_gewinnt/libvier_gewinnt__rosidl_generator_py.so
-- Up-to-date: /home/parallels/prog/ros2_4gewinnt/install/vier_gewinnt/local/lib/python3.10/dist-packages/vier_gewinnt/msg
-- Up-to-date: /home/parallels/prog/ros2_4gewinnt/install/vier_gewinnt/local/lib/python3.10/dist-packages/vier_gewinnt/msg/_color_s.c
-- Up-to-date: /home/parallels/prog/ros2_4gewinnt/install/vier_gewinnt/local/lib/python3.10/dist-packages/vier_gewinnt/msg/_color.py
-- Up-to-date: /home/parallels/prog/ros2_4gewinnt/install/vier_gewinnt/local/lib/python3.10/dist-packages/vier_gewinnt/msg/_pose.py
-- Up-to-date: /home/parallels/prog/ros2_4gewinnt/install/vier_gewinnt/local/lib/python3.10/dist-packages/vier_gewinnt/msg/_pose_s.c
-- Up-to-date: /home/parallels/prog/ros2_4gewinnt/install/vier_gewinnt/local/lib/python3.10/dist-packages/vier_gewinnt/msg/__init__.py
-- Up-to-date: /home/parallels/prog/ros2_4gewinnt/install/vier_gewinnt/local/lib/python3.10/dist-packages/vier_gewinnt/action
-- Up-to-date: /home/parallels/prog/ros2_4gewinnt/install/vier_gewinnt/local/lib/python3.10/dist-packages/vier_gewinnt/action/_rotate_absolute.py
-- Up-to-date: /home/parallels/prog/ros2_4gewinnt/install/vier_gewinnt/local/lib/python3.10/dist-packages/vier_gewinnt/action/__init__.py
-- Up-to-date: /home/parallels/prog/ros2_4gewinnt/install/vier_gewinnt/local/lib/python3.10/dist-packages/vier_gewinnt/action/_rotate_absolute_s.c
-- Up-to-date: /home/parallels/prog/ros2_4gewinnt/install/vier_gewinnt/local/lib/python3.10/dist-packages/vier_gewinnt/_vier_gewinnt_s.ep.rosidl_typesupport_introspection_c.c
-- Up-to-date: /home/parallels/prog/ros2_4gewinnt/install/vier_gewinnt/local/lib/python3.10/dist-packages/vier_gewinnt/vier_gewinnt_s__rosidl_typesupport_introspection_c.cpython-310-aarch64-linux-gnu.so
-- Up-to-date: /home/parallels/prog/ros2_4gewinnt/install/vier_gewinnt/local/lib/python3.10/dist-packages/vier_gewinnt/_vier_gewinnt_s.ep.rosidl_typesupport_c.c
-- Up-to-date: /home/parallels/prog/ros2_4gewinnt/install/vier_gewinnt/local/lib/python3.10/dist-packages/vier_gewinnt/_vier_gewinnt_s.ep.rosidl_typesupport_fastrtps_c.c
-- Up-to-date: /home/parallels/prog/ros2_4gewinnt/install/vier_gewinnt/local/lib/python3.10/dist-packages/vier_gewinnt/__init__.py
-- Up-to-date: /home/parallels/prog/ros2_4gewinnt/install/vier_gewinnt/local/lib/python3.10/dist-packages/vier_gewinnt/srv
-- Up-to-date: /home/parallels/prog/ros2_4gewinnt/install/vier_gewinnt/local/lib/python3.10/dist-packages/vier_gewinnt/srv/_set_pen_s.c
-- Up-to-date: /home/parallels/prog/ros2_4gewinnt/install/vier_gewinnt/local/lib/python3.10/dist-packages/vier_gewinnt/srv/_spawn_s.c
-- Up-to-date: /home/parallels/prog/ros2_4gewinnt/install/vier_gewinnt/local/lib/python3.10/dist-packages/vier_gewinnt/srv/_set_pen.py
-- Up-to-date: /home/parallels/prog/ros2_4gewinnt/install/vier_gewinnt/local/lib/python3.10/dist-packages/vier_gewinnt/srv/_teleport_relative_s.c
-- Up-to-date: /home/parallels/prog/ros2_4gewinnt/install/vier_gewinnt/local/lib/python3.10/dist-packages/vier_gewinnt/srv/_kill.py
-- Up-to-date: /home/parallels/prog/ros2_4gewinnt/install/vier_gewinnt/local/lib/python3.10/dist-packages/vier_gewinnt/srv/_teleport_absolute.py
-- Up-to-date: /home/parallels/prog/ros2_4gewinnt/install/vier_gewinnt/local/lib/python3.10/dist-packages/vier_gewinnt/srv/_teleport_absolute_s.c
-- Up-to-date: /home/parallels/prog/ros2_4gewinnt/install/vier_gewinnt/local/lib/python3.10/dist-packages/vier_gewinnt/srv/_spawn.py
-- Up-to-date: /home/parallels/prog/ros2_4gewinnt/install/vier_gewinnt/local/lib/python3.10/dist-packages/vier_gewinnt/srv/__init__.py
-- Up-to-date: /home/parallels/prog/ros2_4gewinnt/install/vier_gewinnt/local/lib/python3.10/dist-packages/vier_gewinnt/srv/_teleport_relative.py
-- Up-to-date: /home/parallels/prog/ros2_4gewinnt/install/vier_gewinnt/local/lib/python3.10/dist-packages/vier_gewinnt/srv/_kill_s.c
Listing '/home/parallels/prog/ros2_4gewinnt/install/vier_gewinnt/local/lib/python3.10/dist-packages/vier_gewinnt'...
Listing '/home/parallels/prog/ros2_4gewinnt/install/vier_gewinnt/local/lib/python3.10/dist-packages/vier_gewinnt/action'...
Listing '/home/parallels/prog/ros2_4gewinnt/install/vier_gewinnt/local/lib/python3.10/dist-packages/vier_gewinnt/msg'...
Listing '/home/parallels/prog/ros2_4gewinnt/install/vier_gewinnt/local/lib/python3.10/dist-packages/vier_gewinnt/srv'...
-- Up-to-date: /home/parallels/prog/ros2_4gewinnt/install/vier_gewinnt/local/lib/python3.10/dist-packages/vier_gewinnt/vier_gewinnt_s__rosidl_typesupport_fastrtps_c.cpython-310-aarch64-linux-gnu.so
-- Up-to-date: /home/parallels/prog/ros2_4gewinnt/install/vier_gewinnt/local/lib/python3.10/dist-packages/vier_gewinnt/vier_gewinnt_s__rosidl_typesupport_introspection_c.cpython-310-aarch64-linux-gnu.so
-- Up-to-date: /home/parallels/prog/ros2_4gewinnt/install/vier_gewinnt/local/lib/python3.10/dist-packages/vier_gewinnt/vier_gewinnt_s__rosidl_typesupport_c.cpython-310-aarch64-linux-gnu.so
-- Up-to-date: /home/parallels/prog/ros2_4gewinnt/install/vier_gewinnt/lib/libvier_gewinnt__rosidl_generator_py.so
-- Up-to-date: /home/parallels/prog/ros2_4gewinnt/install/vier_gewinnt/share/vier_gewinnt/action/RotateAbsolute.idl
-- Up-to-date: /home/parallels/prog/ros2_4gewinnt/install/vier_gewinnt/share/vier_gewinnt/msg/Color.idl
-- Up-to-date: /home/parallels/prog/ros2_4gewinnt/install/vier_gewinnt/share/vier_gewinnt/msg/Pose.idl
-- Up-to-date: /home/parallels/prog/ros2_4gewinnt/install/vier_gewinnt/share/vier_gewinnt/srv/Kill.idl
-- Up-to-date: /home/parallels/prog/ros2_4gewinnt/install/vier_gewinnt/share/vier_gewinnt/srv/SetPen.idl
-- Up-to-date: /home/parallels/prog/ros2_4gewinnt/install/vier_gewinnt/share/vier_gewinnt/srv/Spawn.idl
-- Up-to-date: /home/parallels/prog/ros2_4gewinnt/install/vier_gewinnt/share/vier_gewinnt/srv/TeleportAbsolute.idl
-- Up-to-date: /home/parallels/prog/ros2_4gewinnt/install/vier_gewinnt/share/vier_gewinnt/srv/TeleportRelative.idl
-- Up-to-date: /home/parallels/prog/ros2_4gewinnt/install/vier_gewinnt/share/vier_gewinnt/action/RotateAbsolute.action
-- Up-to-date: /home/parallels/prog/ros2_4gewinnt/install/vier_gewinnt/share/vier_gewinnt/msg/Color.msg
-- Up-to-date: /home/parallels/prog/ros2_4gewinnt/install/vier_gewinnt/share/vier_gewinnt/msg/Pose.msg
-- Up-to-date: /home/parallels/prog/ros2_4gewinnt/install/vier_gewinnt/share/vier_gewinnt/srv/Kill.srv
-- Up-to-date: /home/parallels/prog/ros2_4gewinnt/install/vier_gewinnt/share/vier_gewinnt/srv/Kill_Request.msg
-- Up-to-date: /home/parallels/prog/ros2_4gewinnt/install/vier_gewinnt/share/vier_gewinnt/srv/Kill_Response.msg
-- Up-to-date: /home/parallels/prog/ros2_4gewinnt/install/vier_gewinnt/share/vier_gewinnt/srv/SetPen.srv
-- Up-to-date: /home/parallels/prog/ros2_4gewinnt/install/vier_gewinnt/share/vier_gewinnt/srv/SetPen_Request.msg
-- Up-to-date: /home/parallels/prog/ros2_4gewinnt/install/vier_gewinnt/share/vier_gewinnt/srv/SetPen_Response.msg
-- Up-to-date: /home/parallels/prog/ros2_4gewinnt/install/vier_gewinnt/share/vier_gewinnt/srv/Spawn.srv
-- Up-to-date: /home/parallels/prog/ros2_4gewinnt/install/vier_gewinnt/share/vier_gewinnt/srv/Spawn_Request.msg
-- Up-to-date: /home/parallels/prog/ros2_4gewinnt/install/vier_gewinnt/share/vier_gewinnt/srv/Spawn_Response.msg
-- Up-to-date: /home/parallels/prog/ros2_4gewinnt/install/vier_gewinnt/share/vier_gewinnt/srv/TeleportAbsolute.srv
-- Up-to-date: /home/parallels/prog/ros2_4gewinnt/install/vier_gewinnt/share/vier_gewinnt/srv/TeleportAbsolute_Request.msg
-- Up-to-date: /home/parallels/prog/ros2_4gewinnt/install/vier_gewinnt/share/vier_gewinnt/srv/TeleportAbsolute_Response.msg
-- Up-to-date: /home/parallels/prog/ros2_4gewinnt/install/vier_gewinnt/share/vier_gewinnt/srv/TeleportRelative.srv
-- Up-to-date: /home/parallels/prog/ros2_4gewinnt/install/vier_gewinnt/share/vier_gewinnt/srv/TeleportRelative_Request.msg
-- Up-to-date: /home/parallels/prog/ros2_4gewinnt/install/vier_gewinnt/share/vier_gewinnt/srv/TeleportRelative_Response.msg
-- Installing: /home/parallels/prog/ros2_4gewinnt/install/vier_gewinnt/lib/vier_gewinnt/init
-- Up-to-date: /home/parallels/prog/ros2_4gewinnt/install/vier_gewinnt/lib/vier_gewinnt/vier_gewinnt_node
-- Up-to-date: /home/parallels/prog/ros2_4gewinnt/install/vier_gewinnt/share/vier_gewinnt/images
-- Up-to-date: /home/parallels/prog/ros2_4gewinnt/install/vier_gewinnt/share/vier_gewinnt/images/ardent.png
-- Up-to-date: /home/parallels/prog/ros2_4gewinnt/install/vier_gewinnt/share/vier_gewinnt/images/oldImages
-- Up-to-date: /home/parallels/prog/ros2_4gewinnt/install/vier_gewinnt/share/vier_gewinnt/images/oldImages/bouncy.png
-- Up-to-date: /home/parallels/prog/ros2_4gewinnt/install/vier_gewinnt/share/vier_gewinnt/images/oldImages/eloquent.png
-- Up-to-date: /home/parallels/prog/ros2_4gewinnt/install/vier_gewinnt/share/vier_gewinnt/images/oldImages/dashing.png
-- Up-to-date: /home/parallels/prog/ros2_4gewinnt/install/vier_gewinnt/share/vier_gewinnt/images/oldImages/foxy.png
-- Up-to-date: /home/parallels/prog/ros2_4gewinnt/install/vier_gewinnt/share/vier_gewinnt/images/oldImages/humble.png
-- Up-to-date: /home/parallels/prog/ros2_4gewinnt/install/vier_gewinnt/share/vier_gewinnt/images/oldImages/galactic.png
-- Up-to-date: /home/parallels/prog/ros2_4gewinnt/install/vier_gewinnt/share/vier_gewinnt/images/oldImages/rolling.png
-- Up-to-date: /home/parallels/prog/ros2_4gewinnt/install/vier_gewinnt/share/vier_gewinnt/images/oldImages/crystal.png
-- Up-to-date: /home/parallels/prog/ros2_4gewinnt/install/vier_gewinnt/share/ament_index/resource_index/package_run_dependencies/vier_gewinnt
-- Up-to-date: /home/parallels/prog/ros2_4gewinnt/install/vier_gewinnt/share/ament_index/resource_index/parent_prefix_path/vier_gewinnt
-- Up-to-date: /home/parallels/prog/ros2_4gewinnt/install/vier_gewinnt/share/vier_gewinnt/environment/ament_prefix_path.sh
-- Up-to-date: /home/parallels/prog/ros2_4gewinnt/install/vier_gewinnt/share/vier_gewinnt/environment/ament_prefix_path.dsv
-- Up-to-date: /home/parallels/prog/ros2_4gewinnt/install/vier_gewinnt/share/vier_gewinnt/environment/path.sh
-- Up-to-date: /home/parallels/prog/ros2_4gewinnt/install/vier_gewinnt/share/vier_gewinnt/environment/path.dsv
-- Up-to-date: /home/parallels/prog/ros2_4gewinnt/install/vier_gewinnt/share/vier_gewinnt/local_setup.bash
-- Up-to-date: /home/parallels/prog/ros2_4gewinnt/install/vier_gewinnt/share/vier_gewinnt/local_setup.sh
-- Up-to-date: /home/parallels/prog/ros2_4gewinnt/install/vier_gewinnt/share/vier_gewinnt/local_setup.zsh
-- Up-to-date: /home/parallels/prog/ros2_4gewinnt/install/vier_gewinnt/share/vier_gewinnt/local_setup.dsv
-- Installing: /home/parallels/prog/ros2_4gewinnt/install/vier_gewinnt/share/vier_gewinnt/package.dsv
-- Up-to-date: /home/parallels/prog/ros2_4gewinnt/install/vier_gewinnt/share/ament_index/resource_index/packages/vier_gewinnt
-- Up-to-date: /home/parallels/prog/ros2_4gewinnt/install/vier_gewinnt/share/vier_gewinnt/cmake/export_vier_gewinnt__rosidl_generator_cExport.cmake
-- Up-to-date: /home/parallels/prog/ros2_4gewinnt/install/vier_gewinnt/share/vier_gewinnt/cmake/export_vier_gewinnt__rosidl_generator_cExport-noconfig.cmake
-- Up-to-date: /home/parallels/prog/ros2_4gewinnt/install/vier_gewinnt/share/vier_gewinnt/cmake/export_vier_gewinnt__rosidl_typesupport_fastrtps_cExport.cmake
-- Up-to-date: /home/parallels/prog/ros2_4gewinnt/install/vier_gewinnt/share/vier_gewinnt/cmake/export_vier_gewinnt__rosidl_typesupport_fastrtps_cExport-noconfig.cmake
-- Up-to-date: /home/parallels/prog/ros2_4gewinnt/install/vier_gewinnt/share/vier_gewinnt/cmake/export_vier_gewinnt__rosidl_generator_cppExport.cmake
-- Up-to-date: /home/parallels/prog/ros2_4gewinnt/install/vier_gewinnt/share/vier_gewinnt/cmake/export_vier_gewinnt__rosidl_typesupport_fastrtps_cppExport.cmake
-- Up-to-date: /home/parallels/prog/ros2_4gewinnt/install/vier_gewinnt/share/vier_gewinnt/cmake/export_vier_gewinnt__rosidl_typesupport_fastrtps_cppExport-noconfig.cmake
-- Up-to-date: /home/parallels/prog/ros2_4gewinnt/install/vier_gewinnt/share/vier_gewinnt/cmake/vier_gewinnt__rosidl_typesupport_introspection_cExport.cmake
-- Up-to-date: /home/parallels/prog/ros2_4gewinnt/install/vier_gewinnt/share/vier_gewinnt/cmake/vier_gewinnt__rosidl_typesupport_introspection_cExport-noconfig.cmake
-- Up-to-date: /home/parallels/prog/ros2_4gewinnt/install/vier_gewinnt/share/vier_gewinnt/cmake/vier_gewinnt__rosidl_typesupport_cExport.cmake
-- Up-to-date: /home/parallels/prog/ros2_4gewinnt/install/vier_gewinnt/share/vier_gewinnt/cmake/vier_gewinnt__rosidl_typesupport_cExport-noconfig.cmake
-- Up-to-date: /home/parallels/prog/ros2_4gewinnt/install/vier_gewinnt/share/vier_gewinnt/cmake/vier_gewinnt__rosidl_typesupport_introspection_cppExport.cmake
-- Up-to-date: /home/parallels/prog/ros2_4gewinnt/install/vier_gewinnt/share/vier_gewinnt/cmake/vier_gewinnt__rosidl_typesupport_introspection_cppExport-noconfig.cmake
-- Up-to-date: /home/parallels/prog/ros2_4gewinnt/install/vier_gewinnt/share/vier_gewinnt/cmake/vier_gewinnt__rosidl_typesupport_cppExport.cmake
-- Up-to-date: /home/parallels/prog/ros2_4gewinnt/install/vier_gewinnt/share/vier_gewinnt/cmake/vier_gewinnt__rosidl_typesupport_cppExport-noconfig.cmake
-- Up-to-date: /home/parallels/prog/ros2_4gewinnt/install/vier_gewinnt/share/vier_gewinnt/cmake/export_vier_gewinnt__rosidl_generator_pyExport.cmake
-- Up-to-date: /home/parallels/prog/ros2_4gewinnt/install/vier_gewinnt/share/vier_gewinnt/cmake/export_vier_gewinnt__rosidl_generator_pyExport-noconfig.cmake
-- Up-to-date: /home/parallels/prog/ros2_4gewinnt/install/vier_gewinnt/share/vier_gewinnt/cmake/rosidl_cmake-extras.cmake
-- Up-to-date: /home/parallels/prog/ros2_4gewinnt/install/vier_gewinnt/share/vier_gewinnt/cmake/ament_cmake_export_dependencies-extras.cmake
-- Up-to-date: /home/parallels/prog/ros2_4gewinnt/install/vier_gewinnt/share/vier_gewinnt/cmake/ament_cmake_export_include_directories-extras.cmake
-- Up-to-date: /home/parallels/prog/ros2_4gewinnt/install/vier_gewinnt/share/vier_gewinnt/cmake/ament_cmake_export_libraries-extras.cmake
-- Up-to-date: /home/parallels/prog/ros2_4gewinnt/install/vier_gewinnt/share/vier_gewinnt/cmake/ament_cmake_export_targets-extras.cmake
-- Up-to-date: /home/parallels/prog/ros2_4gewinnt/install/vier_gewinnt/share/vier_gewinnt/cmake/rosidl_cmake_export_typesupport_targets-extras.cmake
-- Up-to-date: /home/parallels/prog/ros2_4gewinnt/install/vier_gewinnt/share/vier_gewinnt/cmake/rosidl_cmake_export_typesupport_libraries-extras.cmake
-- Up-to-date: /home/parallels/prog/ros2_4gewinnt/install/vier_gewinnt/share/vier_gewinnt/cmake/vier_gewinntConfig.cmake
-- Up-to-date: /home/parallels/prog/ros2_4gewinnt/install/vier_gewinnt/share/vier_gewinnt/cmake/vier_gewinntConfig-version.cmake
-- Up-to-date: /home/parallels/prog/ros2_4gewinnt/install/vier_gewinnt/share/vier_gewinnt/package.xml
