[0.007s] Invoking command in '/home/parallels/prog/ros2_4gewinnt/build/vier_gewinnt': CMAKE_PREFIX_PATH=/opt/ros/humble /usr/bin/cmake --build /home/parallels/prog/ros2_4gewinnt/build/vier_gewinnt -- -j4 -l4
[0.050s] [  1%] Built target vier_gewinnt__cpp
[0.051s] [  2%] [32mBuilding CXX object CMakeFiles/init.dir/src/init.cpp.o[0m
[0.052s] [ 12%] Built target vier_gewinnt__rosidl_generator_c
[0.060s] [ 12%] Built target ament_cmake_python_copy_vier_gewinnt
[0.071s] [ 23%] Built target vier_gewinnt__rosidl_typesupport_cpp
[0.075s] [ 33%] Built target vier_gewinnt__rosidl_typesupport_fastrtps_cpp
[0.080s] [ 44%] Built target vier_gewinnt__rosidl_typesupport_introspection_c
[0.096s] [ 54%] Built target vier_gewinnt__rosidl_typesupport_c
[0.097s] [ 65%] Built target vier_gewinnt__rosidl_typesupport_introspection_cpp
[0.119s] [35m[1mConsolidate compiler generated dependencies of target vier_gewinnt_node[0m
[0.128s] [ 75%] Built target vier_gewinnt__rosidl_typesupport_fastrtps_c
[0.149s] [ 82%] Built target vier_gewinnt_node
[0.151s] [ 82%] Built target vier_gewinnt
[0.168s] [ 83%] Built target vier_gewinnt__py
[0.188s] [ 92%] Built target vier_gewinnt__rosidl_generator_py
[0.205s] [ 94%] Built target vier_gewinnt__rosidl_typesupport_fastrtps_c__pyext
[0.206s] [ 96%] Built target vier_gewinnt__rosidl_typesupport_introspection_c__pyext
[0.216s] [ 97%] [32m[1mLinking CXX executable init[0m
[0.222s] running egg_info
[0.222s] [100%] Built target vier_gewinnt__rosidl_typesupport_c__pyext
[0.223s] writing vier_gewinnt.egg-info/PKG-INFO
[0.223s] writing dependency_links to vier_gewinnt.egg-info/dependency_links.txt
[0.223s] writing top-level names to vier_gewinnt.egg-info/top_level.txt
[0.225s] reading manifest file 'vier_gewinnt.egg-info/SOURCES.txt'
[0.225s] writing manifest file 'vier_gewinnt.egg-info/SOURCES.txt'
[0.242s] [100%] Built target ament_cmake_python_build_vier_gewinnt_egg
[0.261s] [100%] Built target init
[0.269s] Invoked command in '/home/parallels/prog/ros2_4gewinnt/build/vier_gewinnt' returned '0': CMAKE_PREFIX_PATH=/opt/ros/humble /usr/bin/cmake --build /home/parallels/prog/ros2_4gewinnt/build/vier_gewinnt -- -j4 -l4
[0.430s] Invoking command in '/home/parallels/prog/ros2_4gewinnt/build/vier_gewinnt': CMAKE_PREFIX_PATH=/opt/ros/humble /usr/bin/cmake --install /home/parallels/prog/ros2_4gewinnt/build/vier_gewinnt
[0.436s] -- Install configuration: ""
[0.437s] -- Up-to-date: /home/parallels/prog/ros2_4gewinnt/install/vier_gewinnt/share/ament_index/resource_index/rosidl_interfaces/vier_gewinnt
[0.437s] -- Up-to-date: /home/parallels/prog/ros2_4gewinnt/install/vier_gewinnt/include/vier_gewinnt/vier_gewinnt
[0.437s] -- Up-to-date: /home/parallels/prog/ros2_4gewinnt/install/vier_gewinnt/include/vier_gewinnt/vier_gewinnt/msg
[0.437s] -- Up-to-date: /home/parallels/prog/ros2_4gewinnt/install/vier_gewinnt/include/vier_gewinnt/vier_gewinnt/msg/rosidl_generator_c__visibility_control.h
[0.437s] -- Up-to-date: /home/parallels/prog/ros2_4gewinnt/install/vier_gewinnt/include/vier_gewinnt/vier_gewinnt/msg/detail
[0.437s] -- Up-to-date: /home/parallels/prog/ros2_4gewinnt/install/vier_gewinnt/include/vier_gewinnt/vier_gewinnt/msg/detail/color__type_support.h
[0.437s] -- Up-to-date: /home/parallels/prog/ros2_4gewinnt/install/vier_gewinnt/include/vier_gewinnt/vier_gewinnt/msg/detail/pose__functions.c
[0.437s] -- Up-to-date: /home/parallels/prog/ros2_4gewinnt/install/vier_gewinnt/include/vier_gewinnt/vier_gewinnt/msg/detail/pose__functions.h
[0.437s] -- Up-to-date: /home/parallels/prog/ros2_4gewinnt/install/vier_gewinnt/include/vier_gewinnt/vier_gewinnt/msg/detail/color__struct.h
[0.437s] -- Up-to-date: /home/parallels/prog/ros2_4gewinnt/install/vier_gewinnt/include/vier_gewinnt/vier_gewinnt/msg/detail/color__functions.c
[0.437s] -- Up-to-date: /home/parallels/prog/ros2_4gewinnt/install/vier_gewinnt/include/vier_gewinnt/vier_gewinnt/msg/detail/pose__type_support.h
[0.437s] -- Up-to-date: /home/parallels/prog/ros2_4gewinnt/install/vier_gewinnt/include/vier_gewinnt/vier_gewinnt/msg/detail/pose__struct.h
[0.437s] -- Up-to-date: /home/parallels/prog/ros2_4gewinnt/install/vier_gewinnt/include/vier_gewinnt/vier_gewinnt/msg/detail/color__functions.h
[0.437s] -- Up-to-date: /home/parallels/prog/ros2_4gewinnt/install/vier_gewinnt/include/vier_gewinnt/vier_gewinnt/msg/color.h
[0.438s] -- Up-to-date: /home/parallels/prog/ros2_4gewinnt/install/vier_gewinnt/include/vier_gewinnt/vier_gewinnt/msg/pose.h
[0.438s] -- Up-to-date: /home/parallels/prog/ros2_4gewinnt/install/vier_gewinnt/include/vier_gewinnt/vier_gewinnt/action
[0.438s] -- Up-to-date: /home/parallels/prog/ros2_4gewinnt/install/vier_gewinnt/include/vier_gewinnt/vier_gewinnt/action/detail
[0.438s] -- Up-to-date: /home/parallels/prog/ros2_4gewinnt/install/vier_gewinnt/include/vier_gewinnt/vier_gewinnt/action/detail/rotate_absolute__functions.h
[0.438s] -- Up-to-date: /home/parallels/prog/ros2_4gewinnt/install/vier_gewinnt/include/vier_gewinnt/vier_gewinnt/action/detail/rotate_absolute__type_support.h
[0.438s] -- Up-to-date: /home/parallels/prog/ros2_4gewinnt/install/vier_gewinnt/include/vier_gewinnt/vier_gewinnt/action/detail/rotate_absolute__functions.c
[0.438s] -- Up-to-date: /home/parallels/prog/ros2_4gewinnt/install/vier_gewinnt/include/vier_gewinnt/vier_gewinnt/action/detail/rotate_absolute__struct.h
[0.438s] -- Up-to-date: /home/parallels/prog/ros2_4gewinnt/install/vier_gewinnt/include/vier_gewinnt/vier_gewinnt/action/rotate_absolute.h
[0.438s] -- Up-to-date: /home/parallels/prog/ros2_4gewinnt/install/vier_gewinnt/include/vier_gewinnt/vier_gewinnt/srv
[0.438s] -- Up-to-date: /home/parallels/prog/ros2_4gewinnt/install/vier_gewinnt/include/vier_gewinnt/vier_gewinnt/srv/detail
[0.438s] -- Up-to-date: /home/parallels/prog/ros2_4gewinnt/install/vier_gewinnt/include/vier_gewinnt/vier_gewinnt/srv/detail/teleport_absolute__functions.c
[0.438s] -- Up-to-date: /home/parallels/prog/ros2_4gewinnt/install/vier_gewinnt/include/vier_gewinnt/vier_gewinnt/srv/detail/spawn__struct.h
[0.438s] -- Up-to-date: /home/parallels/prog/ros2_4gewinnt/install/vier_gewinnt/include/vier_gewinnt/vier_gewinnt/srv/detail/teleport_absolute__type_support.h
[0.439s] -- Up-to-date: /home/parallels/prog/ros2_4gewinnt/install/vier_gewinnt/include/vier_gewinnt/vier_gewinnt/srv/detail/teleport_absolute__struct.h
[0.439s] -- Up-to-date: /home/parallels/prog/ros2_4gewinnt/install/vier_gewinnt/include/vier_gewinnt/vier_gewinnt/srv/detail/kill__functions.h
[0.439s] -- Up-to-date: /home/parallels/prog/ros2_4gewinnt/install/vier_gewinnt/include/vier_gewinnt/vier_gewinnt/srv/detail/set_pen__type_support.h
[0.439s] -- Up-to-date: /home/parallels/prog/ros2_4gewinnt/install/vier_gewinnt/include/vier_gewinnt/vier_gewinnt/srv/detail/teleport_relative__struct.h
[0.439s] -- Up-to-date: /home/parallels/prog/ros2_4gewinnt/install/vier_gewinnt/include/vier_gewinnt/vier_gewinnt/srv/detail/set_pen__struct.h
[0.439s] -- Up-to-date: /home/parallels/prog/ros2_4gewinnt/install/vier_gewinnt/include/vier_gewinnt/vier_gewinnt/srv/detail/kill__functions.c
[0.439s] -- Up-to-date: /home/parallels/prog/ros2_4gewinnt/install/vier_gewinnt/include/vier_gewinnt/vier_gewinnt/srv/detail/spawn__type_support.h
[0.439s] -- Up-to-date: /home/parallels/prog/ros2_4gewinnt/install/vier_gewinnt/include/vier_gewinnt/vier_gewinnt/srv/detail/teleport_absolute__functions.h
[0.439s] -- Up-to-date: /home/parallels/prog/ros2_4gewinnt/install/vier_gewinnt/include/vier_gewinnt/vier_gewinnt/srv/detail/kill__struct.h
[0.439s] -- Up-to-date: /home/parallels/prog/ros2_4gewinnt/install/vier_gewinnt/include/vier_gewinnt/vier_gewinnt/srv/detail/teleport_relative__type_support.h
[0.439s] -- Up-to-date: /home/parallels/prog/ros2_4gewinnt/install/vier_gewinnt/include/vier_gewinnt/vier_gewinnt/srv/detail/set_pen__functions.c
[0.439s] -- Up-to-date: /home/parallels/prog/ros2_4gewinnt/install/vier_gewinnt/include/vier_gewinnt/vier_gewinnt/srv/detail/teleport_relative__functions.h
[0.439s] -- Up-to-date: /home/parallels/prog/ros2_4gewinnt/install/vier_gewinnt/include/vier_gewinnt/vier_gewinnt/srv/detail/spawn__functions.c
[0.439s] -- Up-to-date: /home/parallels/prog/ros2_4gewinnt/install/vier_gewinnt/include/vier_gewinnt/vier_gewinnt/srv/detail/kill__type_support.h
[0.439s] -- Up-to-date: /home/parallels/prog/ros2_4gewinnt/install/vier_gewinnt/include/vier_gewinnt/vier_gewinnt/srv/detail/set_pen__functions.h
[0.439s] -- Up-to-date: /home/parallels/prog/ros2_4gewinnt/install/vier_gewinnt/include/vier_gewinnt/vier_gewinnt/srv/detail/spawn__functions.h
[0.439s] -- Up-to-date: /home/parallels/prog/ros2_4gewinnt/install/vier_gewinnt/include/vier_gewinnt/vier_gewinnt/srv/detail/teleport_relative__functions.c
[0.440s] -- Up-to-date: /home/parallels/prog/ros2_4gewinnt/install/vier_gewinnt/include/vier_gewinnt/vier_gewinnt/srv/teleport_absolute.h
[0.440s] -- Up-to-date: /home/parallels/prog/ros2_4gewinnt/install/vier_gewinnt/include/vier_gewinnt/vier_gewinnt/srv/kill.h
[0.440s] -- Up-to-date: /home/parallels/prog/ros2_4gewinnt/install/vier_gewinnt/include/vier_gewinnt/vier_gewinnt/srv/spawn.h
[0.440s] -- Up-to-date: /home/parallels/prog/ros2_4gewinnt/install/vier_gewinnt/include/vier_gewinnt/vier_gewinnt/srv/set_pen.h
[0.440s] -- Up-to-date: /home/parallels/prog/ros2_4gewinnt/install/vier_gewinnt/include/vier_gewinnt/vier_gewinnt/srv/teleport_relative.h
[0.440s] -- Up-to-date: /home/parallels/prog/ros2_4gewinnt/install/vier_gewinnt/share/vier_gewinnt/environment/library_path.sh
[0.440s] -- Up-to-date: /home/parallels/prog/ros2_4gewinnt/install/vier_gewinnt/share/vier_gewinnt/environment/library_path.dsv
[0.440s] -- Up-to-date: /home/parallels/prog/ros2_4gewinnt/install/vier_gewinnt/lib/libvier_gewinnt__rosidl_generator_c.so
[0.440s] -- Up-to-date: /home/parallels/prog/ros2_4gewinnt/install/vier_gewinnt/include/vier_gewinnt/vier_gewinnt
[0.440s] -- Up-to-date: /home/parallels/prog/ros2_4gewinnt/install/vier_gewinnt/include/vier_gewinnt/vier_gewinnt/msg
[0.440s] -- Up-to-date: /home/parallels/prog/ros2_4gewinnt/install/vier_gewinnt/include/vier_gewinnt/vier_gewinnt/msg/detail
[0.440s] -- Up-to-date: /home/parallels/prog/ros2_4gewinnt/install/vier_gewinnt/include/vier_gewinnt/vier_gewinnt/msg/detail/color__rosidl_typesupport_fastrtps_c.h
[0.440s] -- Up-to-date: /home/parallels/prog/ros2_4gewinnt/install/vier_gewinnt/include/vier_gewinnt/vier_gewinnt/msg/detail/pose__rosidl_typesupport_fastrtps_c.h
[0.440s] -- Up-to-date: /home/parallels/prog/ros2_4gewinnt/install/vier_gewinnt/include/vier_gewinnt/vier_gewinnt/msg/rosidl_typesupport_fastrtps_c__visibility_control.h
[0.440s] -- Up-to-date: /home/parallels/prog/ros2_4gewinnt/install/vier_gewinnt/include/vier_gewinnt/vier_gewinnt/action
[0.440s] -- Up-to-date: /home/parallels/prog/ros2_4gewinnt/install/vier_gewinnt/include/vier_gewinnt/vier_gewinnt/action/detail
[0.440s] -- Up-to-date: /home/parallels/prog/ros2_4gewinnt/install/vier_gewinnt/include/vier_gewinnt/vier_gewinnt/action/detail/rotate_absolute__rosidl_typesupport_fastrtps_c.h
[0.441s] -- Up-to-date: /home/parallels/prog/ros2_4gewinnt/install/vier_gewinnt/include/vier_gewinnt/vier_gewinnt/srv
[0.441s] -- Up-to-date: /home/parallels/prog/ros2_4gewinnt/install/vier_gewinnt/include/vier_gewinnt/vier_gewinnt/srv/detail
[0.441s] -- Up-to-date: /home/parallels/prog/ros2_4gewinnt/install/vier_gewinnt/include/vier_gewinnt/vier_gewinnt/srv/detail/kill__rosidl_typesupport_fastrtps_c.h
[0.441s] -- Up-to-date: /home/parallels/prog/ros2_4gewinnt/install/vier_gewinnt/include/vier_gewinnt/vier_gewinnt/srv/detail/spawn__rosidl_typesupport_fastrtps_c.h
[0.441s] -- Up-to-date: /home/parallels/prog/ros2_4gewinnt/install/vier_gewinnt/include/vier_gewinnt/vier_gewinnt/srv/detail/set_pen__rosidl_typesupport_fastrtps_c.h
[0.441s] -- Up-to-date: /home/parallels/prog/ros2_4gewinnt/install/vier_gewinnt/include/vier_gewinnt/vier_gewinnt/srv/detail/teleport_absolute__rosidl_typesupport_fastrtps_c.h
[0.441s] -- Up-to-date: /home/parallels/prog/ros2_4gewinnt/install/vier_gewinnt/include/vier_gewinnt/vier_gewinnt/srv/detail/teleport_relative__rosidl_typesupport_fastrtps_c.h
[0.441s] -- Up-to-date: /home/parallels/prog/ros2_4gewinnt/install/vier_gewinnt/lib/libvier_gewinnt__rosidl_typesupport_fastrtps_c.so
[0.441s] -- Up-to-date: /home/parallels/prog/ros2_4gewinnt/install/vier_gewinnt/include/vier_gewinnt/vier_gewinnt
[0.441s] -- Up-to-date: /home/parallels/prog/ros2_4gewinnt/install/vier_gewinnt/include/vier_gewinnt/vier_gewinnt/msg
[0.441s] -- Up-to-date: /home/parallels/prog/ros2_4gewinnt/install/vier_gewinnt/include/vier_gewinnt/vier_gewinnt/msg/pose.hpp
[0.441s] -- Up-to-date: /home/parallels/prog/ros2_4gewinnt/install/vier_gewinnt/include/vier_gewinnt/vier_gewinnt/msg/detail
[0.441s] -- Up-to-date: /home/parallels/prog/ros2_4gewinnt/install/vier_gewinnt/include/vier_gewinnt/vier_gewinnt/msg/detail/color__traits.hpp
[0.441s] -- Up-to-date: /home/parallels/prog/ros2_4gewinnt/install/vier_gewinnt/include/vier_gewinnt/vier_gewinnt/msg/detail/pose__struct.hpp
[0.441s] -- Up-to-date: /home/parallels/prog/ros2_4gewinnt/install/vier_gewinnt/include/vier_gewinnt/vier_gewinnt/msg/detail/color__builder.hpp
[0.441s] -- Up-to-date: /home/parallels/prog/ros2_4gewinnt/install/vier_gewinnt/include/vier_gewinnt/vier_gewinnt/msg/detail/pose__builder.hpp
[0.442s] -- Up-to-date: /home/parallels/prog/ros2_4gewinnt/install/vier_gewinnt/include/vier_gewinnt/vier_gewinnt/msg/detail/color__struct.hpp
[0.442s] -- Up-to-date: /home/parallels/prog/ros2_4gewinnt/install/vier_gewinnt/include/vier_gewinnt/vier_gewinnt/msg/detail/pose__traits.hpp
[0.442s] -- Up-to-date: /home/parallels/prog/ros2_4gewinnt/install/vier_gewinnt/include/vier_gewinnt/vier_gewinnt/msg/color.hpp
[0.442s] -- Up-to-date: /home/parallels/prog/ros2_4gewinnt/install/vier_gewinnt/include/vier_gewinnt/vier_gewinnt/action
[0.442s] -- Up-to-date: /home/parallels/prog/ros2_4gewinnt/install/vier_gewinnt/include/vier_gewinnt/vier_gewinnt/action/detail
[0.442s] -- Up-to-date: /home/parallels/prog/ros2_4gewinnt/install/vier_gewinnt/include/vier_gewinnt/vier_gewinnt/action/detail/rotate_absolute__traits.hpp
[0.442s] -- Up-to-date: /home/parallels/prog/ros2_4gewinnt/install/vier_gewinnt/include/vier_gewinnt/vier_gewinnt/action/detail/rotate_absolute__struct.hpp
[0.442s] -- Up-to-date: /home/parallels/prog/ros2_4gewinnt/install/vier_gewinnt/include/vier_gewinnt/vier_gewinnt/action/detail/rotate_absolute__builder.hpp
[0.442s] -- Up-to-date: /home/parallels/prog/ros2_4gewinnt/install/vier_gewinnt/include/vier_gewinnt/vier_gewinnt/action/rotate_absolute.hpp
[0.442s] -- Up-to-date: /home/parallels/prog/ros2_4gewinnt/install/vier_gewinnt/include/vier_gewinnt/vier_gewinnt/srv
[0.442s] -- Up-to-date: /home/parallels/prog/ros2_4gewinnt/install/vier_gewinnt/include/vier_gewinnt/vier_gewinnt/srv/detail
[0.442s] -- Up-to-date: /home/parallels/prog/ros2_4gewinnt/install/vier_gewinnt/include/vier_gewinnt/vier_gewinnt/srv/detail/kill__struct.hpp
[0.442s] -- Up-to-date: /home/parallels/prog/ros2_4gewinnt/install/vier_gewinnt/include/vier_gewinnt/vier_gewinnt/srv/detail/teleport_absolute__struct.hpp
[0.442s] -- Up-to-date: /home/parallels/prog/ros2_4gewinnt/install/vier_gewinnt/include/vier_gewinnt/vier_gewinnt/srv/detail/kill__builder.hpp
[0.442s] -- Up-to-date: /home/parallels/prog/ros2_4gewinnt/install/vier_gewinnt/include/vier_gewinnt/vier_gewinnt/srv/detail/teleport_relative__traits.hpp
[0.442s] -- Up-to-date: /home/parallels/prog/ros2_4gewinnt/install/vier_gewinnt/include/vier_gewinnt/vier_gewinnt/srv/detail/spawn__traits.hpp
[0.442s] -- Up-to-date: /home/parallels/prog/ros2_4gewinnt/install/vier_gewinnt/include/vier_gewinnt/vier_gewinnt/srv/detail/set_pen__builder.hpp
[0.442s] -- Up-to-date: /home/parallels/prog/ros2_4gewinnt/install/vier_gewinnt/include/vier_gewinnt/vier_gewinnt/srv/detail/teleport_absolute__traits.hpp
[0.442s] -- Up-to-date: /home/parallels/prog/ros2_4gewinnt/install/vier_gewinnt/include/vier_gewinnt/vier_gewinnt/srv/detail/teleport_absolute__builder.hpp
[0.442s] -- Up-to-date: /home/parallels/prog/ros2_4gewinnt/install/vier_gewinnt/include/vier_gewinnt/vier_gewinnt/srv/detail/spawn__struct.hpp
[0.442s] -- Up-to-date: /home/parallels/prog/ros2_4gewinnt/install/vier_gewinnt/include/vier_gewinnt/vier_gewinnt/srv/detail/set_pen__struct.hpp
[0.442s] -- Up-to-date: /home/parallels/prog/ros2_4gewinnt/install/vier_gewinnt/include/vier_gewinnt/vier_gewinnt/srv/detail/kill__traits.hpp
[0.442s] -- Up-to-date: /home/parallels/prog/ros2_4gewinnt/install/vier_gewinnt/include/vier_gewinnt/vier_gewinnt/srv/detail/set_pen__traits.hpp
[0.442s] -- Up-to-date: /home/parallels/prog/ros2_4gewinnt/install/vier_gewinnt/include/vier_gewinnt/vier_gewinnt/srv/detail/teleport_relative__struct.hpp
[0.442s] -- Up-to-date: /home/parallels/prog/ros2_4gewinnt/install/vier_gewinnt/include/vier_gewinnt/vier_gewinnt/srv/detail/teleport_relative__builder.hpp
[0.442s] -- Up-to-date: /home/parallels/prog/ros2_4gewinnt/install/vier_gewinnt/include/vier_gewinnt/vier_gewinnt/srv/detail/spawn__builder.hpp
[0.442s] -- Up-to-date: /home/parallels/prog/ros2_4gewinnt/install/vier_gewinnt/include/vier_gewinnt/vier_gewinnt/srv/kill.hpp
[0.442s] -- Up-to-date: /home/parallels/prog/ros2_4gewinnt/install/vier_gewinnt/include/vier_gewinnt/vier_gewinnt/srv/teleport_absolute.hpp
[0.442s] -- Up-to-date: /home/parallels/prog/ros2_4gewinnt/install/vier_gewinnt/include/vier_gewinnt/vier_gewinnt/srv/teleport_relative.hpp
[0.443s] -- Up-to-date: /home/parallels/prog/ros2_4gewinnt/install/vier_gewinnt/include/vier_gewinnt/vier_gewinnt/srv/set_pen.hpp
[0.443s] -- Up-to-date: /home/parallels/prog/ros2_4gewinnt/install/vier_gewinnt/include/vier_gewinnt/vier_gewinnt/srv/spawn.hpp
[0.443s] -- Up-to-date: /home/parallels/prog/ros2_4gewinnt/install/vier_gewinnt/include/vier_gewinnt/vier_gewinnt
[0.443s] -- Up-to-date: /home/parallels/prog/ros2_4gewinnt/install/vier_gewinnt/include/vier_gewinnt/vier_gewinnt/msg
[0.443s] -- Up-to-date: /home/parallels/prog/ros2_4gewinnt/install/vier_gewinnt/include/vier_gewinnt/vier_gewinnt/msg/detail
[0.443s] -- Up-to-date: /home/parallels/prog/ros2_4gewinnt/install/vier_gewinnt/include/vier_gewinnt/vier_gewinnt/msg/detail/dds_fastrtps
[0.443s] -- Up-to-date: /home/parallels/prog/ros2_4gewinnt/install/vier_gewinnt/include/vier_gewinnt/vier_gewinnt/msg/detail/color__rosidl_typesupport_fastrtps_cpp.hpp
[0.443s] -- Up-to-date: /home/parallels/prog/ros2_4gewinnt/install/vier_gewinnt/include/vier_gewinnt/vier_gewinnt/msg/detail/pose__rosidl_typesupport_fastrtps_cpp.hpp
[0.443s] -- Up-to-date: /home/parallels/prog/ros2_4gewinnt/install/vier_gewinnt/include/vier_gewinnt/vier_gewinnt/msg/rosidl_typesupport_fastrtps_cpp__visibility_control.h
[0.443s] -- Up-to-date: /home/parallels/prog/ros2_4gewinnt/install/vier_gewinnt/include/vier_gewinnt/vier_gewinnt/action
[0.443s] -- Up-to-date: /home/parallels/prog/ros2_4gewinnt/install/vier_gewinnt/include/vier_gewinnt/vier_gewinnt/action/detail
[0.443s] -- Up-to-date: /home/parallels/prog/ros2_4gewinnt/install/vier_gewinnt/include/vier_gewinnt/vier_gewinnt/action/detail/dds_fastrtps
[0.443s] -- Up-to-date: /home/parallels/prog/ros2_4gewinnt/install/vier_gewinnt/include/vier_gewinnt/vier_gewinnt/action/detail/rotate_absolute__rosidl_typesupport_fastrtps_cpp.hpp
[0.443s] -- Up-to-date: /home/parallels/prog/ros2_4gewinnt/install/vier_gewinnt/include/vier_gewinnt/vier_gewinnt/srv
[0.443s] -- Up-to-date: /home/parallels/prog/ros2_4gewinnt/install/vier_gewinnt/include/vier_gewinnt/vier_gewinnt/srv/detail
[0.443s] -- Up-to-date: /home/parallels/prog/ros2_4gewinnt/install/vier_gewinnt/include/vier_gewinnt/vier_gewinnt/srv/detail/dds_fastrtps
[0.443s] -- Up-to-date: /home/parallels/prog/ros2_4gewinnt/install/vier_gewinnt/include/vier_gewinnt/vier_gewinnt/srv/detail/teleport_absolute__rosidl_typesupport_fastrtps_cpp.hpp
[0.443s] -- Up-to-date: /home/parallels/prog/ros2_4gewinnt/install/vier_gewinnt/include/vier_gewinnt/vier_gewinnt/srv/detail/kill__rosidl_typesupport_fastrtps_cpp.hpp
[0.443s] -- Up-to-date: /home/parallels/prog/ros2_4gewinnt/install/vier_gewinnt/include/vier_gewinnt/vier_gewinnt/srv/detail/set_pen__rosidl_typesupport_fastrtps_cpp.hpp
[0.443s] -- Up-to-date: /home/parallels/prog/ros2_4gewinnt/install/vier_gewinnt/include/vier_gewinnt/vier_gewinnt/srv/detail/spawn__rosidl_typesupport_fastrtps_cpp.hpp
[0.443s] -- Up-to-date: /home/parallels/prog/ros2_4gewinnt/install/vier_gewinnt/include/vier_gewinnt/vier_gewinnt/srv/detail/teleport_relative__rosidl_typesupport_fastrtps_cpp.hpp
[0.443s] -- Up-to-date: /home/parallels/prog/ros2_4gewinnt/install/vier_gewinnt/lib/libvier_gewinnt__rosidl_typesupport_fastrtps_cpp.so
[0.443s] -- Up-to-date: /home/parallels/prog/ros2_4gewinnt/install/vier_gewinnt/include/vier_gewinnt/vier_gewinnt
[0.443s] -- Up-to-date: /home/parallels/prog/ros2_4gewinnt/install/vier_gewinnt/include/vier_gewinnt/vier_gewinnt/msg
[0.443s] -- Up-to-date: /home/parallels/prog/ros2_4gewinnt/install/vier_gewinnt/include/vier_gewinnt/vier_gewinnt/msg/detail
[0.443s] -- Up-to-date: /home/parallels/prog/ros2_4gewinnt/install/vier_gewinnt/include/vier_gewinnt/vier_gewinnt/msg/detail/pose__type_support.c
[0.443s] -- Up-to-date: /home/parallels/prog/ros2_4gewinnt/install/vier_gewinnt/include/vier_gewinnt/vier_gewinnt/msg/detail/color__rosidl_typesupport_introspection_c.h
[0.443s] -- Up-to-date: /home/parallels/prog/ros2_4gewinnt/install/vier_gewinnt/include/vier_gewinnt/vier_gewinnt/msg/detail/color__type_support.c
[0.443s] -- Up-to-date: /home/parallels/prog/ros2_4gewinnt/install/vier_gewinnt/include/vier_gewinnt/vier_gewinnt/msg/detail/pose__rosidl_typesupport_introspection_c.h
[0.443s] -- Up-to-date: /home/parallels/prog/ros2_4gewinnt/install/vier_gewinnt/include/vier_gewinnt/vier_gewinnt/msg/rosidl_typesupport_introspection_c__visibility_control.h
[0.443s] -- Up-to-date: /home/parallels/prog/ros2_4gewinnt/install/vier_gewinnt/include/vier_gewinnt/vier_gewinnt/action
[0.443s] -- Up-to-date: /home/parallels/prog/ros2_4gewinnt/install/vier_gewinnt/include/vier_gewinnt/vier_gewinnt/action/detail
[0.443s] -- Up-to-date: /home/parallels/prog/ros2_4gewinnt/install/vier_gewinnt/include/vier_gewinnt/vier_gewinnt/action/detail/rotate_absolute__rosidl_typesupport_introspection_c.h
[0.443s] -- Up-to-date: /home/parallels/prog/ros2_4gewinnt/install/vier_gewinnt/include/vier_gewinnt/vier_gewinnt/action/detail/rotate_absolute__type_support.c
[0.443s] -- Up-to-date: /home/parallels/prog/ros2_4gewinnt/install/vier_gewinnt/include/vier_gewinnt/vier_gewinnt/srv
[0.443s] -- Up-to-date: /home/parallels/prog/ros2_4gewinnt/install/vier_gewinnt/include/vier_gewinnt/vier_gewinnt/srv/detail
[0.443s] -- Up-to-date: /home/parallels/prog/ros2_4gewinnt/install/vier_gewinnt/include/vier_gewinnt/vier_gewinnt/srv/detail/teleport_relative__type_support.c
[0.443s] -- Up-to-date: /home/parallels/prog/ros2_4gewinnt/install/vier_gewinnt/include/vier_gewinnt/vier_gewinnt/srv/detail/kill__rosidl_typesupport_introspection_c.h
[0.443s] -- Up-to-date: /home/parallels/prog/ros2_4gewinnt/install/vier_gewinnt/include/vier_gewinnt/vier_gewinnt/srv/detail/teleport_relative__rosidl_typesupport_introspection_c.h
[0.444s] -- Up-to-date: /home/parallels/prog/ros2_4gewinnt/install/vier_gewinnt/include/vier_gewinnt/vier_gewinnt/srv/detail/spawn__rosidl_typesupport_introspection_c.h
[0.444s] -- Up-to-date: /home/parallels/prog/ros2_4gewinnt/install/vier_gewinnt/include/vier_gewinnt/vier_gewinnt/srv/detail/kill__type_support.c
[0.444s] -- Up-to-date: /home/parallels/prog/ros2_4gewinnt/install/vier_gewinnt/include/vier_gewinnt/vier_gewinnt/srv/detail/set_pen__type_support.c
[0.444s] -- Up-to-date: /home/parallels/prog/ros2_4gewinnt/install/vier_gewinnt/include/vier_gewinnt/vier_gewinnt/srv/detail/spawn__type_support.c
[0.444s] -- Up-to-date: /home/parallels/prog/ros2_4gewinnt/install/vier_gewinnt/include/vier_gewinnt/vier_gewinnt/srv/detail/set_pen__rosidl_typesupport_introspection_c.h
[0.444s] -- Up-to-date: /home/parallels/prog/ros2_4gewinnt/install/vier_gewinnt/include/vier_gewinnt/vier_gewinnt/srv/detail/teleport_absolute__rosidl_typesupport_introspection_c.h
[0.444s] -- Up-to-date: /home/parallels/prog/ros2_4gewinnt/install/vier_gewinnt/include/vier_gewinnt/vier_gewinnt/srv/detail/teleport_absolute__type_support.c
[0.444s] -- Up-to-date: /home/parallels/prog/ros2_4gewinnt/install/vier_gewinnt/lib/libvier_gewinnt__rosidl_typesupport_introspection_c.so
[0.444s] -- Up-to-date: /home/parallels/prog/ros2_4gewinnt/install/vier_gewinnt/lib/libvier_gewinnt__rosidl_typesupport_c.so
[0.444s] -- Up-to-date: /home/parallels/prog/ros2_4gewinnt/install/vier_gewinnt/include/vier_gewinnt/vier_gewinnt
[0.444s] -- Up-to-date: /home/parallels/prog/ros2_4gewinnt/install/vier_gewinnt/include/vier_gewinnt/vier_gewinnt/msg
[0.444s] -- Up-to-date: /home/parallels/prog/ros2_4gewinnt/install/vier_gewinnt/include/vier_gewinnt/vier_gewinnt/msg/detail
[0.444s] -- Up-to-date: /home/parallels/prog/ros2_4gewinnt/install/vier_gewinnt/include/vier_gewinnt/vier_gewinnt/msg/detail/color__rosidl_typesupport_introspection_cpp.hpp
[0.444s] -- Up-to-date: /home/parallels/prog/ros2_4gewinnt/install/vier_gewinnt/include/vier_gewinnt/vier_gewinnt/msg/detail/pose__rosidl_typesupport_introspection_cpp.hpp
[0.444s] -- Up-to-date: /home/parallels/prog/ros2_4gewinnt/install/vier_gewinnt/include/vier_gewinnt/vier_gewinnt/msg/detail/color__type_support.cpp
[0.444s] -- Up-to-date: /home/parallels/prog/ros2_4gewinnt/install/vier_gewinnt/include/vier_gewinnt/vier_gewinnt/msg/detail/pose__type_support.cpp
[0.444s] -- Up-to-date: /home/parallels/prog/ros2_4gewinnt/install/vier_gewinnt/include/vier_gewinnt/vier_gewinnt/action
[0.444s] -- Up-to-date: /home/parallels/prog/ros2_4gewinnt/install/vier_gewinnt/include/vier_gewinnt/vier_gewinnt/action/detail
[0.444s] -- Up-to-date: /home/parallels/prog/ros2_4gewinnt/install/vier_gewinnt/include/vier_gewinnt/vier_gewinnt/action/detail/rotate_absolute__rosidl_typesupport_introspection_cpp.hpp
[0.444s] -- Up-to-date: /home/parallels/prog/ros2_4gewinnt/install/vier_gewinnt/include/vier_gewinnt/vier_gewinnt/action/detail/rotate_absolute__type_support.cpp
[0.444s] -- Up-to-date: /home/parallels/prog/ros2_4gewinnt/install/vier_gewinnt/include/vier_gewinnt/vier_gewinnt/srv
[0.444s] -- Up-to-date: /home/parallels/prog/ros2_4gewinnt/install/vier_gewinnt/include/vier_gewinnt/vier_gewinnt/srv/detail
[0.444s] -- Up-to-date: /home/parallels/prog/ros2_4gewinnt/install/vier_gewinnt/include/vier_gewinnt/vier_gewinnt/srv/detail/teleport_absolute__type_support.cpp
[0.444s] -- Up-to-date: /home/parallels/prog/ros2_4gewinnt/install/vier_gewinnt/include/vier_gewinnt/vier_gewinnt/srv/detail/spawn__type_support.cpp
[0.444s] -- Up-to-date: /home/parallels/prog/ros2_4gewinnt/install/vier_gewinnt/include/vier_gewinnt/vier_gewinnt/srv/detail/teleport_relative__rosidl_typesupport_introspection_cpp.hpp
[0.444s] -- Up-to-date: /home/parallels/prog/ros2_4gewinnt/install/vier_gewinnt/include/vier_gewinnt/vier_gewinnt/srv/detail/spawn__rosidl_typesupport_introspection_cpp.hpp
[0.444s] -- Up-to-date: /home/parallels/prog/ros2_4gewinnt/install/vier_gewinnt/include/vier_gewinnt/vier_gewinnt/srv/detail/set_pen__type_support.cpp
[0.444s] -- Up-to-date: /home/parallels/prog/ros2_4gewinnt/install/vier_gewinnt/include/vier_gewinnt/vier_gewinnt/srv/detail/teleport_relative__type_support.cpp
[0.444s] -- Up-to-date: /home/parallels/prog/ros2_4gewinnt/install/vier_gewinnt/include/vier_gewinnt/vier_gewinnt/srv/detail/teleport_absolute__rosidl_typesupport_introspection_cpp.hpp
[0.444s] -- Up-to-date: /home/parallels/prog/ros2_4gewinnt/install/vier_gewinnt/include/vier_gewinnt/vier_gewinnt/srv/detail/set_pen__rosidl_typesupport_introspection_cpp.hpp
[0.444s] -- Up-to-date: /home/parallels/prog/ros2_4gewinnt/install/vier_gewinnt/include/vier_gewinnt/vier_gewinnt/srv/detail/kill__type_support.cpp
[0.444s] -- Up-to-date: /home/parallels/prog/ros2_4gewinnt/install/vier_gewinnt/include/vier_gewinnt/vier_gewinnt/srv/detail/kill__rosidl_typesupport_introspection_cpp.hpp
[0.444s] -- Up-to-date: /home/parallels/prog/ros2_4gewinnt/install/vier_gewinnt/lib/libvier_gewinnt__rosidl_typesupport_introspection_cpp.so
[0.444s] -- Up-to-date: /home/parallels/prog/ros2_4gewinnt/install/vier_gewinnt/lib/libvier_gewinnt__rosidl_typesupport_cpp.so
[0.444s] -- Up-to-date: /home/parallels/prog/ros2_4gewinnt/install/vier_gewinnt/share/vier_gewinnt/environment/pythonpath.sh
[0.444s] -- Up-to-date: /home/parallels/prog/ros2_4gewinnt/install/vier_gewinnt/share/vier_gewinnt/environment/pythonpath.dsv
[0.444s] -- Up-to-date: /home/parallels/prog/ros2_4gewinnt/install/vier_gewinnt/local/lib/python3.10/dist-packages/vier_gewinnt-0.0.0-py3.10.egg-info
[0.444s] -- Installing: /home/parallels/prog/ros2_4gewinnt/install/vier_gewinnt/local/lib/python3.10/dist-packages/vier_gewinnt-0.0.0-py3.10.egg-info/dependency_links.txt
[0.444s] -- Installing: /home/parallels/prog/ros2_4gewinnt/install/vier_gewinnt/local/lib/python3.10/dist-packages/vier_gewinnt-0.0.0-py3.10.egg-info/top_level.txt
[0.445s] -- Installing: /home/parallels/prog/ros2_4gewinnt/install/vier_gewinnt/local/lib/python3.10/dist-packages/vier_gewinnt-0.0.0-py3.10.egg-info/PKG-INFO
[0.445s] -- Installing: /home/parallels/prog/ros2_4gewinnt/install/vier_gewinnt/local/lib/python3.10/dist-packages/vier_gewinnt-0.0.0-py3.10.egg-info/SOURCES.txt
[0.445s] -- Up-to-date: /home/parallels/prog/ros2_4gewinnt/install/vier_gewinnt/local/lib/python3.10/dist-packages/vier_gewinnt
[0.445s] -- Up-to-date: /home/parallels/prog/ros2_4gewinnt/install/vier_gewinnt/local/lib/python3.10/dist-packages/vier_gewinnt/vier_gewinnt_s__rosidl_typesupport_c.cpython-310-aarch64-linux-gnu.so
[0.445s] -- Up-to-date: /home/parallels/prog/ros2_4gewinnt/install/vier_gewinnt/local/lib/python3.10/dist-packages/vier_gewinnt/vier_gewinnt_s__rosidl_typesupport_fastrtps_c.cpython-310-aarch64-linux-gnu.so
[0.445s] -- Up-to-date: /home/parallels/prog/ros2_4gewinnt/install/vier_gewinnt/local/lib/python3.10/dist-packages/vier_gewinnt/libvier_gewinnt__rosidl_generator_py.so
[0.445s] -- Up-to-date: /home/parallels/prog/ros2_4gewinnt/install/vier_gewinnt/local/lib/python3.10/dist-packages/vier_gewinnt/msg
[0.445s] -- Up-to-date: /home/parallels/prog/ros2_4gewinnt/install/vier_gewinnt/local/lib/python3.10/dist-packages/vier_gewinnt/msg/_color_s.c
[0.445s] -- Up-to-date: /home/parallels/prog/ros2_4gewinnt/install/vier_gewinnt/local/lib/python3.10/dist-packages/vier_gewinnt/msg/_color.py
[0.445s] -- Up-to-date: /home/parallels/prog/ros2_4gewinnt/install/vier_gewinnt/local/lib/python3.10/dist-packages/vier_gewinnt/msg/_pose.py
[0.445s] -- Up-to-date: /home/parallels/prog/ros2_4gewinnt/install/vier_gewinnt/local/lib/python3.10/dist-packages/vier_gewinnt/msg/_pose_s.c
[0.445s] -- Up-to-date: /home/parallels/prog/ros2_4gewinnt/install/vier_gewinnt/local/lib/python3.10/dist-packages/vier_gewinnt/msg/__init__.py
[0.445s] -- Up-to-date: /home/parallels/prog/ros2_4gewinnt/install/vier_gewinnt/local/lib/python3.10/dist-packages/vier_gewinnt/action
[0.445s] -- Up-to-date: /home/parallels/prog/ros2_4gewinnt/install/vier_gewinnt/local/lib/python3.10/dist-packages/vier_gewinnt/action/_rotate_absolute.py
[0.445s] -- Up-to-date: /home/parallels/prog/ros2_4gewinnt/install/vier_gewinnt/local/lib/python3.10/dist-packages/vier_gewinnt/action/__init__.py
[0.445s] -- Up-to-date: /home/parallels/prog/ros2_4gewinnt/install/vier_gewinnt/local/lib/python3.10/dist-packages/vier_gewinnt/action/_rotate_absolute_s.c
[0.445s] -- Up-to-date: /home/parallels/prog/ros2_4gewinnt/install/vier_gewinnt/local/lib/python3.10/dist-packages/vier_gewinnt/_vier_gewinnt_s.ep.rosidl_typesupport_introspection_c.c
[0.445s] -- Up-to-date: /home/parallels/prog/ros2_4gewinnt/install/vier_gewinnt/local/lib/python3.10/dist-packages/vier_gewinnt/vier_gewinnt_s__rosidl_typesupport_introspection_c.cpython-310-aarch64-linux-gnu.so
[0.445s] -- Up-to-date: /home/parallels/prog/ros2_4gewinnt/install/vier_gewinnt/local/lib/python3.10/dist-packages/vier_gewinnt/_vier_gewinnt_s.ep.rosidl_typesupport_c.c
[0.445s] -- Up-to-date: /home/parallels/prog/ros2_4gewinnt/install/vier_gewinnt/local/lib/python3.10/dist-packages/vier_gewinnt/_vier_gewinnt_s.ep.rosidl_typesupport_fastrtps_c.c
[0.445s] -- Up-to-date: /home/parallels/prog/ros2_4gewinnt/install/vier_gewinnt/local/lib/python3.10/dist-packages/vier_gewinnt/__init__.py
[0.445s] -- Up-to-date: /home/parallels/prog/ros2_4gewinnt/install/vier_gewinnt/local/lib/python3.10/dist-packages/vier_gewinnt/srv
[0.445s] -- Up-to-date: /home/parallels/prog/ros2_4gewinnt/install/vier_gewinnt/local/lib/python3.10/dist-packages/vier_gewinnt/srv/_set_pen_s.c
[0.445s] -- Up-to-date: /home/parallels/prog/ros2_4gewinnt/install/vier_gewinnt/local/lib/python3.10/dist-packages/vier_gewinnt/srv/_spawn_s.c
[0.445s] -- Up-to-date: /home/parallels/prog/ros2_4gewinnt/install/vier_gewinnt/local/lib/python3.10/dist-packages/vier_gewinnt/srv/_set_pen.py
[0.445s] -- Up-to-date: /home/parallels/prog/ros2_4gewinnt/install/vier_gewinnt/local/lib/python3.10/dist-packages/vier_gewinnt/srv/_teleport_relative_s.c
[0.445s] -- Up-to-date: /home/parallels/prog/ros2_4gewinnt/install/vier_gewinnt/local/lib/python3.10/dist-packages/vier_gewinnt/srv/_kill.py
[0.445s] -- Up-to-date: /home/parallels/prog/ros2_4gewinnt/install/vier_gewinnt/local/lib/python3.10/dist-packages/vier_gewinnt/srv/_teleport_absolute.py
[0.445s] -- Up-to-date: /home/parallels/prog/ros2_4gewinnt/install/vier_gewinnt/local/lib/python3.10/dist-packages/vier_gewinnt/srv/_teleport_absolute_s.c
[0.445s] -- Up-to-date: /home/parallels/prog/ros2_4gewinnt/install/vier_gewinnt/local/lib/python3.10/dist-packages/vier_gewinnt/srv/_spawn.py
[0.445s] -- Up-to-date: /home/parallels/prog/ros2_4gewinnt/install/vier_gewinnt/local/lib/python3.10/dist-packages/vier_gewinnt/srv/__init__.py
[0.445s] -- Up-to-date: /home/parallels/prog/ros2_4gewinnt/install/vier_gewinnt/local/lib/python3.10/dist-packages/vier_gewinnt/srv/_teleport_relative.py
[0.445s] -- Up-to-date: /home/parallels/prog/ros2_4gewinnt/install/vier_gewinnt/local/lib/python3.10/dist-packages/vier_gewinnt/srv/_kill_s.c
[0.459s] Listing '/home/parallels/prog/ros2_4gewinnt/install/vier_gewinnt/local/lib/python3.10/dist-packages/vier_gewinnt'...
[0.459s] Listing '/home/parallels/prog/ros2_4gewinnt/install/vier_gewinnt/local/lib/python3.10/dist-packages/vier_gewinnt/action'...
[0.459s] Listing '/home/parallels/prog/ros2_4gewinnt/install/vier_gewinnt/local/lib/python3.10/dist-packages/vier_gewinnt/msg'...
[0.459s] Listing '/home/parallels/prog/ros2_4gewinnt/install/vier_gewinnt/local/lib/python3.10/dist-packages/vier_gewinnt/srv'...
[0.462s] -- Up-to-date: /home/parallels/prog/ros2_4gewinnt/install/vier_gewinnt/local/lib/python3.10/dist-packages/vier_gewinnt/vier_gewinnt_s__rosidl_typesupport_fastrtps_c.cpython-310-aarch64-linux-gnu.so
[0.462s] -- Up-to-date: /home/parallels/prog/ros2_4gewinnt/install/vier_gewinnt/local/lib/python3.10/dist-packages/vier_gewinnt/vier_gewinnt_s__rosidl_typesupport_introspection_c.cpython-310-aarch64-linux-gnu.so
[0.462s] -- Up-to-date: /home/parallels/prog/ros2_4gewinnt/install/vier_gewinnt/local/lib/python3.10/dist-packages/vier_gewinnt/vier_gewinnt_s__rosidl_typesupport_c.cpython-310-aarch64-linux-gnu.so
[0.462s] -- Up-to-date: /home/parallels/prog/ros2_4gewinnt/install/vier_gewinnt/lib/libvier_gewinnt__rosidl_generator_py.so
[0.462s] -- Up-to-date: /home/parallels/prog/ros2_4gewinnt/install/vier_gewinnt/share/vier_gewinnt/action/RotateAbsolute.idl
[0.463s] -- Up-to-date: /home/parallels/prog/ros2_4gewinnt/install/vier_gewinnt/share/vier_gewinnt/msg/Color.idl
[0.463s] -- Up-to-date: /home/parallels/prog/ros2_4gewinnt/install/vier_gewinnt/share/vier_gewinnt/msg/Pose.idl
[0.463s] -- Up-to-date: /home/parallels/prog/ros2_4gewinnt/install/vier_gewinnt/share/vier_gewinnt/srv/Kill.idl
[0.463s] -- Up-to-date: /home/parallels/prog/ros2_4gewinnt/install/vier_gewinnt/share/vier_gewinnt/srv/SetPen.idl
[0.463s] -- Up-to-date: /home/parallels/prog/ros2_4gewinnt/install/vier_gewinnt/share/vier_gewinnt/srv/Spawn.idl
[0.463s] -- Up-to-date: /home/parallels/prog/ros2_4gewinnt/install/vier_gewinnt/share/vier_gewinnt/srv/TeleportAbsolute.idl
[0.463s] -- Up-to-date: /home/parallels/prog/ros2_4gewinnt/install/vier_gewinnt/share/vier_gewinnt/srv/TeleportRelative.idl
[0.463s] -- Up-to-date: /home/parallels/prog/ros2_4gewinnt/install/vier_gewinnt/share/vier_gewinnt/action/RotateAbsolute.action
[0.463s] -- Up-to-date: /home/parallels/prog/ros2_4gewinnt/install/vier_gewinnt/share/vier_gewinnt/msg/Color.msg
[0.463s] -- Up-to-date: /home/parallels/prog/ros2_4gewinnt/install/vier_gewinnt/share/vier_gewinnt/msg/Pose.msg
[0.463s] -- Up-to-date: /home/parallels/prog/ros2_4gewinnt/install/vier_gewinnt/share/vier_gewinnt/srv/Kill.srv
[0.463s] -- Up-to-date: /home/parallels/prog/ros2_4gewinnt/install/vier_gewinnt/share/vier_gewinnt/srv/Kill_Request.msg
[0.463s] -- Up-to-date: /home/parallels/prog/ros2_4gewinnt/install/vier_gewinnt/share/vier_gewinnt/srv/Kill_Response.msg
[0.463s] -- Up-to-date: /home/parallels/prog/ros2_4gewinnt/install/vier_gewinnt/share/vier_gewinnt/srv/SetPen.srv
[0.463s] -- Up-to-date: /home/parallels/prog/ros2_4gewinnt/install/vier_gewinnt/share/vier_gewinnt/srv/SetPen_Request.msg
[0.463s] -- Up-to-date: /home/parallels/prog/ros2_4gewinnt/install/vier_gewinnt/share/vier_gewinnt/srv/SetPen_Response.msg
[0.463s] -- Up-to-date: /home/parallels/prog/ros2_4gewinnt/install/vier_gewinnt/share/vier_gewinnt/srv/Spawn.srv
[0.463s] -- Up-to-date: /home/parallels/prog/ros2_4gewinnt/install/vier_gewinnt/share/vier_gewinnt/srv/Spawn_Request.msg
[0.463s] -- Up-to-date: /home/parallels/prog/ros2_4gewinnt/install/vier_gewinnt/share/vier_gewinnt/srv/Spawn_Response.msg
[0.464s] -- Up-to-date: /home/parallels/prog/ros2_4gewinnt/install/vier_gewinnt/share/vier_gewinnt/srv/TeleportAbsolute.srv
[0.464s] -- Up-to-date: /home/parallels/prog/ros2_4gewinnt/install/vier_gewinnt/share/vier_gewinnt/srv/TeleportAbsolute_Request.msg
[0.464s] -- Up-to-date: /home/parallels/prog/ros2_4gewinnt/install/vier_gewinnt/share/vier_gewinnt/srv/TeleportAbsolute_Response.msg
[0.464s] -- Up-to-date: /home/parallels/prog/ros2_4gewinnt/install/vier_gewinnt/share/vier_gewinnt/srv/TeleportRelative.srv
[0.464s] -- Up-to-date: /home/parallels/prog/ros2_4gewinnt/install/vier_gewinnt/share/vier_gewinnt/srv/TeleportRelative_Request.msg
[0.464s] -- Up-to-date: /home/parallels/prog/ros2_4gewinnt/install/vier_gewinnt/share/vier_gewinnt/srv/TeleportRelative_Response.msg
[0.464s] -- Installing: /home/parallels/prog/ros2_4gewinnt/install/vier_gewinnt/lib/vier_gewinnt/init
[0.464s] -- Up-to-date: /home/parallels/prog/ros2_4gewinnt/install/vier_gewinnt/lib/vier_gewinnt/vier_gewinnt_node
[0.464s] -- Up-to-date: /home/parallels/prog/ros2_4gewinnt/install/vier_gewinnt/share/vier_gewinnt/images
[0.464s] -- Up-to-date: /home/parallels/prog/ros2_4gewinnt/install/vier_gewinnt/share/vier_gewinnt/images/ardent.png
[0.464s] -- Up-to-date: /home/parallels/prog/ros2_4gewinnt/install/vier_gewinnt/share/vier_gewinnt/images/oldImages
[0.464s] -- Up-to-date: /home/parallels/prog/ros2_4gewinnt/install/vier_gewinnt/share/vier_gewinnt/images/oldImages/bouncy.png
[0.464s] -- Up-to-date: /home/parallels/prog/ros2_4gewinnt/install/vier_gewinnt/share/vier_gewinnt/images/oldImages/eloquent.png
[0.464s] -- Up-to-date: /home/parallels/prog/ros2_4gewinnt/install/vier_gewinnt/share/vier_gewinnt/images/oldImages/dashing.png
[0.464s] -- Up-to-date: /home/parallels/prog/ros2_4gewinnt/install/vier_gewinnt/share/vier_gewinnt/images/oldImages/foxy.png
[0.464s] -- Up-to-date: /home/parallels/prog/ros2_4gewinnt/install/vier_gewinnt/share/vier_gewinnt/images/oldImages/humble.png
[0.464s] -- Up-to-date: /home/parallels/prog/ros2_4gewinnt/install/vier_gewinnt/share/vier_gewinnt/images/oldImages/galactic.png
[0.464s] -- Up-to-date: /home/parallels/prog/ros2_4gewinnt/install/vier_gewinnt/share/vier_gewinnt/images/oldImages/rolling.png
[0.464s] -- Up-to-date: /home/parallels/prog/ros2_4gewinnt/install/vier_gewinnt/share/vier_gewinnt/images/oldImages/crystal.png
[0.464s] -- Up-to-date: /home/parallels/prog/ros2_4gewinnt/install/vier_gewinnt/share/ament_index/resource_index/package_run_dependencies/vier_gewinnt
[0.464s] -- Up-to-date: /home/parallels/prog/ros2_4gewinnt/install/vier_gewinnt/share/ament_index/resource_index/parent_prefix_path/vier_gewinnt
[0.464s] -- Up-to-date: /home/parallels/prog/ros2_4gewinnt/install/vier_gewinnt/share/vier_gewinnt/environment/ament_prefix_path.sh
[0.464s] -- Up-to-date: /home/parallels/prog/ros2_4gewinnt/install/vier_gewinnt/share/vier_gewinnt/environment/ament_prefix_path.dsv
[0.465s] -- Up-to-date: /home/parallels/prog/ros2_4gewinnt/install/vier_gewinnt/share/vier_gewinnt/environment/path.sh
[0.465s] -- Up-to-date: /home/parallels/prog/ros2_4gewinnt/install/vier_gewinnt/share/vier_gewinnt/environment/path.dsv
[0.465s] -- Up-to-date: /home/parallels/prog/ros2_4gewinnt/install/vier_gewinnt/share/vier_gewinnt/local_setup.bash
[0.465s] -- Up-to-date: /home/parallels/prog/ros2_4gewinnt/install/vier_gewinnt/share/vier_gewinnt/local_setup.sh
[0.465s] -- Up-to-date: /home/parallels/prog/ros2_4gewinnt/install/vier_gewinnt/share/vier_gewinnt/local_setup.zsh
[0.465s] -- Up-to-date: /home/parallels/prog/ros2_4gewinnt/install/vier_gewinnt/share/vier_gewinnt/local_setup.dsv
[0.465s] -- Installing: /home/parallels/prog/ros2_4gewinnt/install/vier_gewinnt/share/vier_gewinnt/package.dsv
[0.465s] -- Up-to-date: /home/parallels/prog/ros2_4gewinnt/install/vier_gewinnt/share/ament_index/resource_index/packages/vier_gewinnt
[0.465s] -- Up-to-date: /home/parallels/prog/ros2_4gewinnt/install/vier_gewinnt/share/vier_gewinnt/cmake/export_vier_gewinnt__rosidl_generator_cExport.cmake
[0.465s] -- Up-to-date: /home/parallels/prog/ros2_4gewinnt/install/vier_gewinnt/share/vier_gewinnt/cmake/export_vier_gewinnt__rosidl_generator_cExport-noconfig.cmake
[0.465s] -- Up-to-date: /home/parallels/prog/ros2_4gewinnt/install/vier_gewinnt/share/vier_gewinnt/cmake/export_vier_gewinnt__rosidl_typesupport_fastrtps_cExport.cmake
[0.465s] -- Up-to-date: /home/parallels/prog/ros2_4gewinnt/install/vier_gewinnt/share/vier_gewinnt/cmake/export_vier_gewinnt__rosidl_typesupport_fastrtps_cExport-noconfig.cmake
[0.465s] -- Up-to-date: /home/parallels/prog/ros2_4gewinnt/install/vier_gewinnt/share/vier_gewinnt/cmake/export_vier_gewinnt__rosidl_generator_cppExport.cmake
[0.465s] -- Up-to-date: /home/parallels/prog/ros2_4gewinnt/install/vier_gewinnt/share/vier_gewinnt/cmake/export_vier_gewinnt__rosidl_typesupport_fastrtps_cppExport.cmake
[0.465s] -- Up-to-date: /home/parallels/prog/ros2_4gewinnt/install/vier_gewinnt/share/vier_gewinnt/cmake/export_vier_gewinnt__rosidl_typesupport_fastrtps_cppExport-noconfig.cmake
[0.465s] -- Up-to-date: /home/parallels/prog/ros2_4gewinnt/install/vier_gewinnt/share/vier_gewinnt/cmake/vier_gewinnt__rosidl_typesupport_introspection_cExport.cmake
[0.465s] -- Up-to-date: /home/parallels/prog/ros2_4gewinnt/install/vier_gewinnt/share/vier_gewinnt/cmake/vier_gewinnt__rosidl_typesupport_introspection_cExport-noconfig.cmake
[0.465s] -- Up-to-date: /home/parallels/prog/ros2_4gewinnt/install/vier_gewinnt/share/vier_gewinnt/cmake/vier_gewinnt__rosidl_typesupport_cExport.cmake
[0.465s] -- Up-to-date: /home/parallels/prog/ros2_4gewinnt/install/vier_gewinnt/share/vier_gewinnt/cmake/vier_gewinnt__rosidl_typesupport_cExport-noconfig.cmake
[0.465s] -- Up-to-date: /home/parallels/prog/ros2_4gewinnt/install/vier_gewinnt/share/vier_gewinnt/cmake/vier_gewinnt__rosidl_typesupport_introspection_cppExport.cmake
[0.465s] -- Up-to-date: /home/parallels/prog/ros2_4gewinnt/install/vier_gewinnt/share/vier_gewinnt/cmake/vier_gewinnt__rosidl_typesupport_introspection_cppExport-noconfig.cmake
[0.465s] -- Up-to-date: /home/parallels/prog/ros2_4gewinnt/install/vier_gewinnt/share/vier_gewinnt/cmake/vier_gewinnt__rosidl_typesupport_cppExport.cmake
[0.465s] -- Up-to-date: /home/parallels/prog/ros2_4gewinnt/install/vier_gewinnt/share/vier_gewinnt/cmake/vier_gewinnt__rosidl_typesupport_cppExport-noconfig.cmake
[0.466s] -- Up-to-date: /home/parallels/prog/ros2_4gewinnt/install/vier_gewinnt/share/vier_gewinnt/cmake/export_vier_gewinnt__rosidl_generator_pyExport.cmake
[0.466s] -- Up-to-date: /home/parallels/prog/ros2_4gewinnt/install/vier_gewinnt/share/vier_gewinnt/cmake/export_vier_gewinnt__rosidl_generator_pyExport-noconfig.cmake
[0.466s] -- Up-to-date: /home/parallels/prog/ros2_4gewinnt/install/vier_gewinnt/share/vier_gewinnt/cmake/rosidl_cmake-extras.cmake
[0.466s] -- Up-to-date: /home/parallels/prog/ros2_4gewinnt/install/vier_gewinnt/share/vier_gewinnt/cmake/ament_cmake_export_dependencies-extras.cmake
[0.466s] -- Up-to-date: /home/parallels/prog/ros2_4gewinnt/install/vier_gewinnt/share/vier_gewinnt/cmake/ament_cmake_export_include_directories-extras.cmake
[0.466s] -- Up-to-date: /home/parallels/prog/ros2_4gewinnt/install/vier_gewinnt/share/vier_gewinnt/cmake/ament_cmake_export_libraries-extras.cmake
[0.466s] -- Up-to-date: /home/parallels/prog/ros2_4gewinnt/install/vier_gewinnt/share/vier_gewinnt/cmake/ament_cmake_export_targets-extras.cmake
[0.466s] -- Up-to-date: /home/parallels/prog/ros2_4gewinnt/install/vier_gewinnt/share/vier_gewinnt/cmake/rosidl_cmake_export_typesupport_targets-extras.cmake
[0.466s] -- Up-to-date: /home/parallels/prog/ros2_4gewinnt/install/vier_gewinnt/share/vier_gewinnt/cmake/rosidl_cmake_export_typesupport_libraries-extras.cmake
[0.466s] -- Up-to-date: /home/parallels/prog/ros2_4gewinnt/install/vier_gewinnt/share/vier_gewinnt/cmake/vier_gewinntConfig.cmake
[0.466s] -- Up-to-date: /home/parallels/prog/ros2_4gewinnt/install/vier_gewinnt/share/vier_gewinnt/cmake/vier_gewinntConfig-version.cmake
[0.466s] -- Up-to-date: /home/parallels/prog/ros2_4gewinnt/install/vier_gewinnt/share/vier_gewinnt/package.xml
[0.467s] Invoked command in '/home/parallels/prog/ros2_4gewinnt/build/vier_gewinnt' returned '0': CMAKE_PREFIX_PATH=/opt/ros/humble /usr/bin/cmake --install /home/parallels/prog/ros2_4gewinnt/build/vier_gewinnt
