-- Found ament_cmake: 1.3.2 (/opt/ros/humble/share/ament_cmake/cmake)
-- Found ament_index_cpp: 1.4.0 (/opt/ros/humble/share/ament_index_cpp/cmake)
-- Found geometry_msgs: 4.2.2 (/opt/ros/humble/share/geometry_msgs/cmake)
-- Found rosidl_generator_c: 3.1.3 (/opt/ros/humble/share/rosidl_generator_c/cmake)
-- Found rosidl_adapter: 3.1.3 (/opt/ros/humble/share/rosidl_adapter/cmake)
-- Found rosidl_generator_cpp: 3.1.3 (/opt/ros/humble/share/rosidl_generator_cpp/cmake)
-- Using all available rosidl_typesupport_c: rosidl_typesupport_fastrtps_c;rosidl_typesupport_introspection_c
-- Using all available rosidl_typesupport_cpp: rosidl_typesupport_fastrtps_cpp;rosidl_typesupport_introspection_cpp
-- Found rclcpp: 16.0.1 (/opt/ros/humble/share/rclcpp/cmake)
-- Found rmw_implementation_cmake: 6.1.0 (/opt/ros/humble/share/rmw_implementation_cmake/cmake)
-- Found rmw_fastrtps_cpp: 6.2.1 (/opt/ros/humble/share/rmw_fastrtps_cpp/cmake)
-- Using RMW implementation 'rmw_fastrtps_cpp' as default
-- Found rclcpp_action: 16.0.1 (/opt/ros/humble/share/rclcpp_action/cmake)
-- Found rosidl_default_generators: 1.2.0 (/opt/ros/humble/share/rosidl_default_generators/cmake)
-- Found std_srvs: 4.2.2 (/opt/ros/humble/share/std_srvs/cmake)
-- Found ament_cmake_ros: 0.10.0 (/opt/ros/humble/share/ament_cmake_ros/cmake)
-- Using all available rosidl_typesupport_c: rosidl_typesupport_fastrtps_c;rosidl_typesupport_introspection_c
-- Using all available rosidl_typesupport_cpp: rosidl_typesupport_fastrtps_cpp;rosidl_typesupport_introspection_cpp
-- Found python_cmake_module: 0.10.0 (/opt/ros/humble/share/python_cmake_module/cmake)
-- Using PYTHON_EXECUTABLE: /usr/bin/python3
-- Using PYTHON_INCLUDE_DIRS: /usr/include/python3.10
-- Using PYTHON_LIBRARIES: /usr/lib/aarch64-linux-gnu/libpython3.10.so
-- Configuring done
-- Generating done
-- Build files have been written to: /home/parallels/prog/ros2_4gewinnt/build/vier_gewinnt
[35m[1mConsolidate compiler generated dependencies of target init[0m
[35m[1mConsolidate compiler generated dependencies of target vier_gewinnt__rosidl_generator_c[0m
[  1%] Built target vier_gewinnt__cpp
[  3%] Built target init
[ 13%] Built target vier_gewinnt__rosidl_generator_c
[ 13%] Built target ament_cmake_python_copy_vier_gewinnt
[35m[1mConsolidate compiler generated dependencies of target vier_gewinnt__rosidl_typesupport_cpp[0m
[35m[1mConsolidate compiler generated dependencies of target vier_gewinnt__rosidl_typesupport_introspection_c[0m
[35m[1mConsolidate compiler generated dependencies of target vier_gewinnt__rosidl_typesupport_fastrtps_cpp[0m
[35m[1mConsolidate compiler generated dependencies of target vier_gewinnt__rosidl_typesupport_c[0m
[ 24%] Built target vier_gewinnt__rosidl_typesupport_introspection_c
[ 34%] Built target vier_gewinnt__rosidl_typesupport_cpp
[ 45%] Built target vier_gewinnt__rosidl_typesupport_c
[ 55%] Built target vier_gewinnt__rosidl_typesupport_fastrtps_cpp
[35m[1mConsolidate compiler generated dependencies of target vier_gewinnt__rosidl_typesupport_introspection_cpp[0m
[ 66%] Built target vier_gewinnt__rosidl_typesupport_introspection_cpp
[35m[1mConsolidate compiler generated dependencies of target vier_gewinnt_node[0m
[35m[1mConsolidate compiler generated dependencies of target vier_gewinnt__rosidl_typesupport_fastrtps_c[0m
[ 76%] Built target vier_gewinnt__rosidl_typesupport_fastrtps_c
[ 83%] Built target vier_gewinnt_node
[ 83%] Built target vier_gewinnt
[ 84%] Built target vier_gewinnt__py
[35m[1mConsolidate compiler generated dependencies of target vier_gewinnt__rosidl_generator_py[0m
[ 93%] Built target vier_gewinnt__rosidl_generator_py
[35m[1mConsolidate compiler generated dependencies of target vier_gewinnt__rosidl_typesupport_fastrtps_c__pyext[0m
[35m[1mConsolidate compiler generated dependencies of target vier_gewinnt__rosidl_typesupport_c__pyext[0m
[35m[1mConsolidate compiler generated dependencies of target vier_gewinnt__rosidl_typesupport_introspection_c__pyext[0m
[ 95%] Built target vier_gewinnt__rosidl_typesupport_fastrtps_c__pyext
[ 97%] Built target vier_gewinnt__rosidl_typesupport_c__pyext
[100%] Built target vier_gewinnt__rosidl_typesupport_introspection_c__pyext
running egg_info
writing vier_gewinnt.egg-info/PKG-INFO
writing dependency_links to vier_gewinnt.egg-info/dependency_links.txt
writing top-level names to vier_gewinnt.egg-info/top_level.txt
reading manifest file 'vier_gewinnt.egg-info/SOURCES.txt'
writing manifest file 'vier_gewinnt.egg-info/SOURCES.txt'
[100%] Built target ament_cmake_python_build_vier_gewinnt_egg
-- Install configuration: ""
-- Up-to-date: /home/parallels/prog/ros2_4gewinnt/install/vier_gewinnt/share/ament_index/resource_index/rosidl_interfaces/vier_gewinnt
-- Up-to-date: /home/parallels/prog/ros2_4gewinnt/install/vier_gewinnt/include/vier_gewinnt/vier_gewinnt
-- Up-to-date: /home/parallels/prog/ros2_4gewinnt/install/vier_gewinnt/include/vier_gewinnt/vier_gewinnt/msg
-- Up-to-date: /home/parallels/prog/ros2_4gewinnt/install/vier_gewinnt/include/vier_gewinnt/vier_gewinnt/msg/rosidl_generator_c__visibility_control.h
-- Up-to-date: /home/parallels/prog/ros2_4gewinnt/install/vier_gewinnt/include/vier_gewinnt/vier_gewinnt/msg/detail
-- Up-to-date: /home/parallels/prog/ros2_4gewinnt/install/vier_gewinnt/include/vier_gewinnt/vier_gewinnt/msg/detail/color__type_support.h
-- Up-to-date: /home/parallels/prog/ros2_4gewinnt/install/vier_gewinnt/include/vier_gewinnt/vier_gewinnt/msg/detail/pose__functions.c
-- Up-to-date: /home/parallels/prog/ros2_4gewinnt/install/vier_gewinnt/include/vier_gewinnt/vier_gewinnt/msg/detail/pose__functions.h
-- Up-to-date: /home/parallels/prog/ros2_4gewinnt/install/vier_gewinnt/include/vier_gewinnt/vier_gewinnt/msg/detail/color__struct.h
-- Up-to-date: /home/parallels/prog/ros2_4gewinnt/install/vier_gewinnt/include/vier_gewinnt/vier_gewinnt/msg/detail/color__functions.c
-- Up-to-date: /home/parallels/prog/ros2_4gewinnt/install/vier_gewinnt/include/vier_gewinnt/vier_gewinnt/msg/detail/pose__type_support.h
-- Up-to-date: /home/parallels/prog/ros2_4gewinnt/install/vier_gewinnt/include/vier_gewinnt/vier_gewinnt/msg/detail/pose__struct.h
-- Up-to-date: /home/parallels/prog/ros2_4gewinnt/install/vier_gewinnt/include/vier_gewinnt/vier_gewinnt/msg/detail/color__functions.h
-- Up-to-date: /home/parallels/prog/ros2_4gewinnt/install/vier_gewinnt/include/vier_gewinnt/vier_gewinnt/msg/color.h
-- Up-to-date: /home/parallels/prog/ros2_4gewinnt/install/vier_gewinnt/include/vier_gewinnt/vier_gewinnt/msg/pose.h
-- Up-to-date: /home/parallels/prog/ros2_4gewinnt/install/vier_gewinnt/include/vier_gewinnt/vier_gewinnt/action
-- Up-to-date: /home/parallels/prog/ros2_4gewinnt/install/vier_gewinnt/include/vier_gewinnt/vier_gewinnt/action/detail
-- Up-to-date: /home/parallels/prog/ros2_4gewinnt/install/vier_gewinnt/include/vier_gewinnt/vier_gewinnt/action/detail/rotate_absolute__functions.h
-- Up-to-date: /home/parallels/prog/ros2_4gewinnt/install/vier_gewinnt/include/vier_gewinnt/vier_gewinnt/action/detail/rotate_absolute__type_support.h
-- Up-to-date: /home/parallels/prog/ros2_4gewinnt/install/vier_gewinnt/include/vier_gewinnt/vier_gewinnt/action/detail/rotate_absolute__functions.c
-- Up-to-date: /home/parallels/prog/ros2_4gewinnt/install/vier_gewinnt/include/vier_gewinnt/vier_gewinnt/action/detail/rotate_absolute__struct.h
-- Up-to-date: /home/parallels/prog/ros2_4gewinnt/install/vier_gewinnt/include/vier_gewinnt/vier_gewinnt/action/rotate_absolute.h
-- Up-to-date: /home/parallels/prog/ros2_4gewinnt/install/vier_gewinnt/include/vier_gewinnt/vier_gewinnt/srv
-- Up-to-date: /home/parallels/prog/ros2_4gewinnt/install/vier_gewinnt/include/vier_gewinnt/vier_gewinnt/srv/detail
-- Up-to-date: /home/parallels/prog/ros2_4gewinnt/install/vier_gewinnt/include/vier_gewinnt/vier_gewinnt/srv/detail/teleport_absolute__functions.c
-- Up-to-date: /home/parallels/prog/ros2_4gewinnt/install/vier_gewinnt/include/vier_gewinnt/vier_gewinnt/srv/detail/spawn__struct.h
-- Up-to-date: /home/parallels/prog/ros2_4gewinnt/install/vier_gewinnt/include/vier_gewinnt/vier_gewinnt/srv/detail/teleport_absolute__type_support.h
-- Up-to-date: /home/parallels/prog/ros2_4gewinnt/install/vier_gewinnt/include/vier_gewinnt/vier_gewinnt/srv/detail/teleport_absolute__struct.h
-- Up-to-date: /home/parallels/prog/ros2_4gewinnt/install/vier_gewinnt/include/vier_gewinnt/vier_gewinnt/srv/detail/kill__functions.h
-- Up-to-date: /home/parallels/prog/ros2_4gewinnt/install/vier_gewinnt/include/vier_gewinnt/vier_gewinnt/srv/detail/set_pen__type_support.h
-- Up-to-date: /home/parallels/prog/ros2_4gewinnt/install/vier_gewinnt/include/vier_gewinnt/vier_gewinnt/srv/detail/teleport_relative__struct.h
-- Up-to-date: /home/parallels/prog/ros2_4gewinnt/install/vier_gewinnt/include/vier_gewinnt/vier_gewinnt/srv/detail/set_pen__struct.h
-- Up-to-date: /home/parallels/prog/ros2_4gewinnt/install/vier_gewinnt/include/vier_gewinnt/vier_gewinnt/srv/detail/kill__functions.c
-- Up-to-date: /home/parallels/prog/ros2_4gewinnt/install/vier_gewinnt/include/vier_gewinnt/vier_gewinnt/srv/detail/spawn__type_support.h
-- Up-to-date: /home/parallels/prog/ros2_4gewinnt/install/vier_gewinnt/include/vier_gewinnt/vier_gewinnt/srv/detail/teleport_absolute__functions.h
-- Up-to-date: /home/parallels/prog/ros2_4gewinnt/install/vier_gewinnt/include/vier_gewinnt/vier_gewinnt/srv/detail/kill__struct.h
-- Up-to-date: /home/parallels/prog/ros2_4gewinnt/install/vier_gewinnt/include/vier_gewinnt/vier_gewinnt/srv/detail/teleport_relative__type_support.h
-- Up-to-date: /home/parallels/prog/ros2_4gewinnt/install/vier_gewinnt/include/vier_gewinnt/vier_gewinnt/srv/detail/set_pen__functions.c
-- Up-to-date: /home/parallels/prog/ros2_4gewinnt/install/vier_gewinnt/include/vier_gewinnt/vier_gewinnt/srv/detail/teleport_relative__functions.h
-- Up-to-date: /home/parallels/prog/ros2_4gewinnt/install/vier_gewinnt/include/vier_gewinnt/vier_gewinnt/srv/detail/spawn__functions.c
-- Up-to-date: /home/parallels/prog/ros2_4gewinnt/install/vier_gewinnt/include/vier_gewinnt/vier_gewinnt/srv/detail/kill__type_support.h
-- Up-to-date: /home/parallels/prog/ros2_4gewinnt/install/vier_gewinnt/include/vier_gewinnt/vier_gewinnt/srv/detail/set_pen__functions.h
-- Up-to-date: /home/parallels/prog/ros2_4gewinnt/install/vier_gewinnt/include/vier_gewinnt/vier_gewinnt/srv/detail/spawn__functions.h
-- Up-to-date: /home/parallels/prog/ros2_4gewinnt/install/vier_gewinnt/include/vier_gewinnt/vier_gewinnt/srv/detail/teleport_relative__functions.c
-- Up-to-date: /home/parallels/prog/ros2_4gewinnt/install/vier_gewinnt/include/vier_gewinnt/vier_gewinnt/srv/teleport_absolute.h
-- Up-to-date: /home/parallels/prog/ros2_4gewinnt/install/vier_gewinnt/include/vier_gewinnt/vier_gewinnt/srv/kill.h
-- Up-to-date: /home/parallels/prog/ros2_4gewinnt/install/vier_gewinnt/include/vier_gewinnt/vier_gewinnt/srv/spawn.h
-- Up-to-date: /home/parallels/prog/ros2_4gewinnt/install/vier_gewinnt/include/vier_gewinnt/vier_gewinnt/srv/set_pen.h
-- Up-to-date: /home/parallels/prog/ros2_4gewinnt/install/vier_gewinnt/include/vier_gewinnt/vier_gewinnt/srv/teleport_relative.h
-- Up-to-date: /home/parallels/prog/ros2_4gewinnt/install/vier_gewinnt/share/vier_gewinnt/environment/library_path.sh
-- Installing: /home/parallels/prog/ros2_4gewinnt/install/vier_gewinnt/share/vier_gewinnt/environment/library_path.dsv
-- Up-to-date: /home/parallels/prog/ros2_4gewinnt/install/vier_gewinnt/lib/libvier_gewinnt__rosidl_generator_c.so
-- Up-to-date: /home/parallels/prog/ros2_4gewinnt/install/vier_gewinnt/include/vier_gewinnt/vier_gewinnt
-- Up-to-date: /home/parallels/prog/ros2_4gewinnt/install/vier_gewinnt/include/vier_gewinnt/vier_gewinnt/msg
-- Up-to-date: /home/parallels/prog/ros2_4gewinnt/install/vier_gewinnt/include/vier_gewinnt/vier_gewinnt/msg/detail
-- Up-to-date: /home/parallels/prog/ros2_4gewinnt/install/vier_gewinnt/include/vier_gewinnt/vier_gewinnt/msg/detail/color__rosidl_typesupport_fastrtps_c.h
-- Up-to-date: /home/parallels/prog/ros2_4gewinnt/install/vier_gewinnt/include/vier_gewinnt/vier_gewinnt/msg/detail/pose__rosidl_typesupport_fastrtps_c.h
-- Up-to-date: /home/parallels/prog/ros2_4gewinnt/install/vier_gewinnt/include/vier_gewinnt/vier_gewinnt/msg/rosidl_typesupport_fastrtps_c__visibility_control.h
-- Up-to-date: /home/parallels/prog/ros2_4gewinnt/install/vier_gewinnt/include/vier_gewinnt/vier_gewinnt/action
-- Up-to-date: /home/parallels/prog/ros2_4gewinnt/install/vier_gewinnt/include/vier_gewinnt/vier_gewinnt/action/detail
-- Up-to-date: /home/parallels/prog/ros2_4gewinnt/install/vier_gewinnt/include/vier_gewinnt/vier_gewinnt/action/detail/rotate_absolute__rosidl_typesupport_fastrtps_c.h
-- Up-to-date: /home/parallels/prog/ros2_4gewinnt/install/vier_gewinnt/include/vier_gewinnt/vier_gewinnt/srv
-- Up-to-date: /home/parallels/prog/ros2_4gewinnt/install/vier_gewinnt/include/vier_gewinnt/vier_gewinnt/srv/detail
-- Up-to-date: /home/parallels/prog/ros2_4gewinnt/install/vier_gewinnt/include/vier_gewinnt/vier_gewinnt/srv/detail/kill__rosidl_typesupport_fastrtps_c.h
-- Up-to-date: /home/parallels/prog/ros2_4gewinnt/install/vier_gewinnt/include/vier_gewinnt/vier_gewinnt/srv/detail/spawn__rosidl_typesupport_fastrtps_c.h
-- Up-to-date: /home/parallels/prog/ros2_4gewinnt/install/vier_gewinnt/include/vier_gewinnt/vier_gewinnt/srv/detail/set_pen__rosidl_typesupport_fastrtps_c.h
-- Up-to-date: /home/parallels/prog/ros2_4gewinnt/install/vier_gewinnt/include/vier_gewinnt/vier_gewinnt/srv/detail/teleport_absolute__rosidl_typesupport_fastrtps_c.h
-- Up-to-date: /home/parallels/prog/ros2_4gewinnt/install/vier_gewinnt/include/vier_gewinnt/vier_gewinnt/srv/detail/teleport_relative__rosidl_typesupport_fastrtps_c.h
-- Up-to-date: /home/parallels/prog/ros2_4gewinnt/install/vier_gewinnt/lib/libvier_gewinnt__rosidl_typesupport_fastrtps_c.so
-- Up-to-date: /home/parallels/prog/ros2_4gewinnt/install/vier_gewinnt/include/vier_gewinnt/vier_gewinnt
-- Up-to-date: /home/parallels/prog/ros2_4gewinnt/install/vier_gewinnt/include/vier_gewinnt/vier_gewinnt/msg
-- Up-to-date: /home/parallels/prog/ros2_4gewinnt/install/vier_gewinnt/include/vier_gewinnt/vier_gewinnt/msg/pose.hpp
-- Up-to-date: /home/parallels/prog/ros2_4gewinnt/install/vier_gewinnt/include/vier_gewinnt/vier_gewinnt/msg/detail
-- Up-to-date: /home/parallels/prog/ros2_4gewinnt/install/vier_gewinnt/include/vier_gewinnt/vier_gewinnt/msg/detail/color__traits.hpp
-- Up-to-date: /home/parallels/prog/ros2_4gewinnt/install/vier_gewinnt/include/vier_gewinnt/vier_gewinnt/msg/detail/pose__struct.hpp
-- Up-to-date: /home/parallels/prog/ros2_4gewinnt/install/vier_gewinnt/include/vier_gewinnt/vier_gewinnt/msg/detail/color__builder.hpp
-- Up-to-date: /home/parallels/prog/ros2_4gewinnt/install/vier_gewinnt/include/vier_gewinnt/vier_gewinnt/msg/detail/pose__builder.hpp
-- Up-to-date: /home/parallels/prog/ros2_4gewinnt/install/vier_gewinnt/include/vier_gewinnt/vier_gewinnt/msg/detail/color__struct.hpp
-- Up-to-date: /home/parallels/prog/ros2_4gewinnt/install/vier_gewinnt/include/vier_gewinnt/vier_gewinnt/msg/detail/pose__traits.hpp
-- Up-to-date: /home/parallels/prog/ros2_4gewinnt/install/vier_gewinnt/include/vier_gewinnt/vier_gewinnt/msg/color.hpp
-- Up-to-date: /home/parallels/prog/ros2_4gewinnt/install/vier_gewinnt/include/vier_gewinnt/vier_gewinnt/action
-- Up-to-date: /home/parallels/prog/ros2_4gewinnt/install/vier_gewinnt/include/vier_gewinnt/vier_gewinnt/action/detail
-- Up-to-date: /home/parallels/prog/ros2_4gewinnt/install/vier_gewinnt/include/vier_gewinnt/vier_gewinnt/action/detail/rotate_absolute__traits.hpp
-- Up-to-date: /home/parallels/prog/ros2_4gewinnt/install/vier_gewinnt/include/vier_gewinnt/vier_gewinnt/action/detail/rotate_absolute__struct.hpp
-- Up-to-date: /home/parallels/prog/ros2_4gewinnt/install/vier_gewinnt/include/vier_gewinnt/vier_gewinnt/action/detail/rotate_absolute__builder.hpp
-- Up-to-date: /home/parallels/prog/ros2_4gewinnt/install/vier_gewinnt/include/vier_gewinnt/vier_gewinnt/action/rotate_absolute.hpp
-- Up-to-date: /home/parallels/prog/ros2_4gewinnt/install/vier_gewinnt/include/vier_gewinnt/vier_gewinnt/srv
-- Up-to-date: /home/parallels/prog/ros2_4gewinnt/install/vier_gewinnt/include/vier_gewinnt/vier_gewinnt/srv/detail
-- Up-to-date: /home/parallels/prog/ros2_4gewinnt/install/vier_gewinnt/include/vier_gewinnt/vier_gewinnt/srv/detail/kill__struct.hpp
-- Up-to-date: /home/parallels/prog/ros2_4gewinnt/install/vier_gewinnt/include/vier_gewinnt/vier_gewinnt/srv/detail/teleport_absolute__struct.hpp
-- Up-to-date: /home/parallels/prog/ros2_4gewinnt/install/vier_gewinnt/include/vier_gewinnt/vier_gewinnt/srv/detail/kill__builder.hpp
-- Up-to-date: /home/parallels/prog/ros2_4gewinnt/install/vier_gewinnt/include/vier_gewinnt/vier_gewinnt/srv/detail/teleport_relative__traits.hpp
-- Up-to-date: /home/parallels/prog/ros2_4gewinnt/install/vier_gewinnt/include/vier_gewinnt/vier_gewinnt/srv/detail/spawn__traits.hpp
-- Up-to-date: /home/parallels/prog/ros2_4gewinnt/install/vier_gewinnt/include/vier_gewinnt/vier_gewinnt/srv/detail/set_pen__builder.hpp
-- Up-to-date: /home/parallels/prog/ros2_4gewinnt/install/vier_gewinnt/include/vier_gewinnt/vier_gewinnt/srv/detail/teleport_absolute__traits.hpp
-- Up-to-date: /home/parallels/prog/ros2_4gewinnt/install/vier_gewinnt/include/vier_gewinnt/vier_gewinnt/srv/detail/teleport_absolute__builder.hpp
-- Up-to-date: /home/parallels/prog/ros2_4gewinnt/install/vier_gewinnt/include/vier_gewinnt/vier_gewinnt/srv/detail/spawn__struct.hpp
-- Up-to-date: /home/parallels/prog/ros2_4gewinnt/install/vier_gewinnt/include/vier_gewinnt/vier_gewinnt/srv/detail/set_pen__struct.hpp
-- Up-to-date: /home/parallels/prog/ros2_4gewinnt/install/vier_gewinnt/include/vier_gewinnt/vier_gewinnt/srv/detail/kill__traits.hpp
-- Up-to-date: /home/parallels/prog/ros2_4gewinnt/install/vier_gewinnt/include/vier_gewinnt/vier_gewinnt/srv/detail/set_pen__traits.hpp
-- Up-to-date: /home/parallels/prog/ros2_4gewinnt/install/vier_gewinnt/include/vier_gewinnt/vier_gewinnt/srv/detail/teleport_relative__struct.hpp
-- Up-to-date: /home/parallels/prog/ros2_4gewinnt/install/vier_gewinnt/include/vier_gewinnt/vier_gewinnt/srv/detail/teleport_relative__builder.hpp
-- Up-to-date: /home/parallels/prog/ros2_4gewinnt/install/vier_gewinnt/include/vier_gewinnt/vier_gewinnt/srv/detail/spawn__builder.hpp
-- Up-to-date: /home/parallels/prog/ros2_4gewinnt/install/vier_gewinnt/include/vier_gewinnt/vier_gewinnt/srv/kill.hpp
-- Up-to-date: /home/parallels/prog/ros2_4gewinnt/install/vier_gewinnt/include/vier_gewinnt/vier_gewinnt/srv/teleport_absolute.hpp
-- Up-to-date: /home/parallels/prog/ros2_4gewinnt/install/vier_gewinnt/include/vier_gewinnt/vier_gewinnt/srv/teleport_relative.hpp
-- Up-to-date: /home/parallels/prog/ros2_4gewinnt/install/vier_gewinnt/include/vier_gewinnt/vier_gewinnt/srv/set_pen.hpp
-- Up-to-date: /home/parallels/prog/ros2_4gewinnt/install/vier_gewinnt/include/vier_gewinnt/vier_gewinnt/srv/spawn.hpp
-- Up-to-date: /home/parallels/prog/ros2_4gewinnt/install/vier_gewinnt/include/vier_gewinnt/vier_gewinnt
-- Up-to-date: /home/parallels/prog/ros2_4gewinnt/install/vier_gewinnt/include/vier_gewinnt/vier_gewinnt/msg
-- Up-to-date: /home/parallels/prog/ros2_4gewinnt/install/vier_gewinnt/include/vier_gewinnt/vier_gewinnt/msg/detail
-- Up-to-date: /home/parallels/prog/ros2_4gewinnt/install/vier_gewinnt/include/vier_gewinnt/vier_gewinnt/msg/detail/dds_fastrtps
-- Up-to-date: /home/parallels/prog/ros2_4gewinnt/install/vier_gewinnt/include/vier_gewinnt/vier_gewinnt/msg/detail/color__rosidl_typesupport_fastrtps_cpp.hpp
-- Up-to-date: /home/parallels/prog/ros2_4gewinnt/install/vier_gewinnt/include/vier_gewinnt/vier_gewinnt/msg/detail/pose__rosidl_typesupport_fastrtps_cpp.hpp
-- Up-to-date: /home/parallels/prog/ros2_4gewinnt/install/vier_gewinnt/include/vier_gewinnt/vier_gewinnt/msg/rosidl_typesupport_fastrtps_cpp__visibility_control.h
-- Up-to-date: /home/parallels/prog/ros2_4gewinnt/install/vier_gewinnt/include/vier_gewinnt/vier_gewinnt/action
-- Up-to-date: /home/parallels/prog/ros2_4gewinnt/install/vier_gewinnt/include/vier_gewinnt/vier_gewinnt/action/detail
-- Up-to-date: /home/parallels/prog/ros2_4gewinnt/install/vier_gewinnt/include/vier_gewinnt/vier_gewinnt/action/detail/dds_fastrtps
-- Up-to-date: /home/parallels/prog/ros2_4gewinnt/install/vier_gewinnt/include/vier_gewinnt/vier_gewinnt/action/detail/rotate_absolute__rosidl_typesupport_fastrtps_cpp.hpp
-- Up-to-date: /home/parallels/prog/ros2_4gewinnt/install/vier_gewinnt/include/vier_gewinnt/vier_gewinnt/srv
-- Up-to-date: /home/parallels/prog/ros2_4gewinnt/install/vier_gewinnt/include/vier_gewinnt/vier_gewinnt/srv/detail
-- Up-to-date: /home/parallels/prog/ros2_4gewinnt/install/vier_gewinnt/include/vier_gewinnt/vier_gewinnt/srv/detail/dds_fastrtps
-- Up-to-date: /home/parallels/prog/ros2_4gewinnt/install/vier_gewinnt/include/vier_gewinnt/vier_gewinnt/srv/detail/teleport_absolute__rosidl_typesupport_fastrtps_cpp.hpp
-- Up-to-date: /home/parallels/prog/ros2_4gewinnt/install/vier_gewinnt/include/vier_gewinnt/vier_gewinnt/srv/detail/kill__rosidl_typesupport_fastrtps_cpp.hpp
-- Up-to-date: /home/parallels/prog/ros2_4gewinnt/install/vier_gewinnt/include/vier_gewinnt/vier_gewinnt/srv/detail/set_pen__rosidl_typesupport_fastrtps_cpp.hpp
-- Up-to-date: /home/parallels/prog/ros2_4gewinnt/install/vier_gewinnt/include/vier_gewinnt/vier_gewinnt/srv/detail/spawn__rosidl_typesupport_fastrtps_cpp.hpp
-- Up-to-date: /home/parallels/prog/ros2_4gewinnt/install/vier_gewinnt/include/vier_gewinnt/vier_gewinnt/srv/detail/teleport_relative__rosidl_typesupport_fastrtps_cpp.hpp
-- Up-to-date: /home/parallels/prog/ros2_4gewinnt/install/vier_gewinnt/lib/libvier_gewinnt__rosidl_typesupport_fastrtps_cpp.so
-- Up-to-date: /home/parallels/prog/ros2_4gewinnt/install/vier_gewinnt/include/vier_gewinnt/vier_gewinnt
-- Up-to-date: /home/parallels/prog/ros2_4gewinnt/install/vier_gewinnt/include/vier_gewinnt/vier_gewinnt/msg
-- Up-to-date: /home/parallels/prog/ros2_4gewinnt/install/vier_gewinnt/include/vier_gewinnt/vier_gewinnt/msg/detail
-- Up-to-date: /home/parallels/prog/ros2_4gewinnt/install/vier_gewinnt/include/vier_gewinnt/vier_gewinnt/msg/detail/pose__type_support.c
-- Up-to-date: /home/parallels/prog/ros2_4gewinnt/install/vier_gewinnt/include/vier_gewinnt/vier_gewinnt/msg/detail/color__rosidl_typesupport_introspection_c.h
-- Up-to-date: /home/parallels/prog/ros2_4gewinnt/install/vier_gewinnt/include/vier_gewinnt/vier_gewinnt/msg/detail/color__type_support.c
-- Up-to-date: /home/parallels/prog/ros2_4gewinnt/install/vier_gewinnt/include/vier_gewinnt/vier_gewinnt/msg/detail/pose__rosidl_typesupport_introspection_c.h
-- Up-to-date: /home/parallels/prog/ros2_4gewinnt/install/vier_gewinnt/include/vier_gewinnt/vier_gewinnt/msg/rosidl_typesupport_introspection_c__visibility_control.h
-- Up-to-date: /home/parallels/prog/ros2_4gewinnt/install/vier_gewinnt/include/vier_gewinnt/vier_gewinnt/action
-- Up-to-date: /home/parallels/prog/ros2_4gewinnt/install/vier_gewinnt/include/vier_gewinnt/vier_gewinnt/action/detail
-- Up-to-date: /home/parallels/prog/ros2_4gewinnt/install/vier_gewinnt/include/vier_gewinnt/vier_gewinnt/action/detail/rotate_absolute__rosidl_typesupport_introspection_c.h
-- Up-to-date: /home/parallels/prog/ros2_4gewinnt/install/vier_gewinnt/include/vier_gewinnt/vier_gewinnt/action/detail/rotate_absolute__type_support.c
-- Up-to-date: /home/parallels/prog/ros2_4gewinnt/install/vier_gewinnt/include/vier_gewinnt/vier_gewinnt/srv
-- Up-to-date: /home/parallels/prog/ros2_4gewinnt/install/vier_gewinnt/include/vier_gewinnt/vier_gewinnt/srv/detail
-- Up-to-date: /home/parallels/prog/ros2_4gewinnt/install/vier_gewinnt/include/vier_gewinnt/vier_gewinnt/srv/detail/teleport_relative__type_support.c
-- Up-to-date: /home/parallels/prog/ros2_4gewinnt/install/vier_gewinnt/include/vier_gewinnt/vier_gewinnt/srv/detail/kill__rosidl_typesupport_introspection_c.h
-- Up-to-date: /home/parallels/prog/ros2_4gewinnt/install/vier_gewinnt/include/vier_gewinnt/vier_gewinnt/srv/detail/teleport_relative__rosidl_typesupport_introspection_c.h
-- Up-to-date: /home/parallels/prog/ros2_4gewinnt/install/vier_gewinnt/include/vier_gewinnt/vier_gewinnt/srv/detail/spawn__rosidl_typesupport_introspection_c.h
-- Up-to-date: /home/parallels/prog/ros2_4gewinnt/install/vier_gewinnt/include/vier_gewinnt/vier_gewinnt/srv/detail/kill__type_support.c
-- Up-to-date: /home/parallels/prog/ros2_4gewinnt/install/vier_gewinnt/include/vier_gewinnt/vier_gewinnt/srv/detail/set_pen__type_support.c
-- Up-to-date: /home/parallels/prog/ros2_4gewinnt/install/vier_gewinnt/include/vier_gewinnt/vier_gewinnt/srv/detail/spawn__type_support.c
-- Up-to-date: /home/parallels/prog/ros2_4gewinnt/install/vier_gewinnt/include/vier_gewinnt/vier_gewinnt/srv/detail/set_pen__rosidl_typesupport_introspection_c.h
-- Up-to-date: /home/parallels/prog/ros2_4gewinnt/install/vier_gewinnt/include/vier_gewinnt/vier_gewinnt/srv/detail/teleport_absolute__rosidl_typesupport_introspection_c.h
-- Up-to-date: /home/parallels/prog/ros2_4gewinnt/install/vier_gewinnt/include/vier_gewinnt/vier_gewinnt/srv/detail/teleport_absolute__type_support.c
-- Up-to-date: /home/parallels/prog/ros2_4gewinnt/install/vier_gewinnt/lib/libvier_gewinnt__rosidl_typesupport_introspection_c.so
-- Up-to-date: /home/parallels/prog/ros2_4gewinnt/install/vier_gewinnt/lib/libvier_gewinnt__rosidl_typesupport_c.so
-- Up-to-date: /home/parallels/prog/ros2_4gewinnt/install/vier_gewinnt/include/vier_gewinnt/vier_gewinnt
-- Up-to-date: /home/parallels/prog/ros2_4gewinnt/install/vier_gewinnt/include/vier_gewinnt/vier_gewinnt/msg
-- Up-to-date: /home/parallels/prog/ros2_4gewinnt/install/vier_gewinnt/include/vier_gewinnt/vier_gewinnt/msg/detail
-- Up-to-date: /home/parallels/prog/ros2_4gewinnt/install/vier_gewinnt/include/vier_gewinnt/vier_gewinnt/msg/detail/color__rosidl_typesupport_introspection_cpp.hpp
-- Up-to-date: /home/parallels/prog/ros2_4gewinnt/install/vier_gewinnt/include/vier_gewinnt/vier_gewinnt/msg/detail/pose__rosidl_typesupport_introspection_cpp.hpp
-- Up-to-date: /home/parallels/prog/ros2_4gewinnt/install/vier_gewinnt/include/vier_gewinnt/vier_gewinnt/msg/detail/color__type_support.cpp
-- Up-to-date: /home/parallels/prog/ros2_4gewinnt/install/vier_gewinnt/include/vier_gewinnt/vier_gewinnt/msg/detail/pose__type_support.cpp
-- Up-to-date: /home/parallels/prog/ros2_4gewinnt/install/vier_gewinnt/include/vier_gewinnt/vier_gewinnt/action
-- Up-to-date: /home/parallels/prog/ros2_4gewinnt/install/vier_gewinnt/include/vier_gewinnt/vier_gewinnt/action/detail
-- Up-to-date: /home/parallels/prog/ros2_4gewinnt/install/vier_gewinnt/include/vier_gewinnt/vier_gewinnt/action/detail/rotate_absolute__rosidl_typesupport_introspection_cpp.hpp
-- Up-to-date: /home/parallels/prog/ros2_4gewinnt/install/vier_gewinnt/include/vier_gewinnt/vier_gewinnt/action/detail/rotate_absolute__type_support.cpp
-- Up-to-date: /home/parallels/prog/ros2_4gewinnt/install/vier_gewinnt/include/vier_gewinnt/vier_gewinnt/srv
-- Up-to-date: /home/parallels/prog/ros2_4gewinnt/install/vier_gewinnt/include/vier_gewinnt/vier_gewinnt/srv/detail
-- Up-to-date: /home/parallels/prog/ros2_4gewinnt/install/vier_gewinnt/include/vier_gewinnt/vier_gewinnt/srv/detail/teleport_absolute__type_support.cpp
-- Up-to-date: /home/parallels/prog/ros2_4gewinnt/install/vier_gewinnt/include/vier_gewinnt/vier_gewinnt/srv/detail/spawn__type_support.cpp
-- Up-to-date: /home/parallels/prog/ros2_4gewinnt/install/vier_gewinnt/include/vier_gewinnt/vier_gewinnt/srv/detail/teleport_relative__rosidl_typesupport_introspection_cpp.hpp
-- Up-to-date: /home/parallels/prog/ros2_4gewinnt/install/vier_gewinnt/include/vier_gewinnt/vier_gewinnt/srv/detail/spawn__rosidl_typesupport_introspection_cpp.hpp
-- Up-to-date: /home/parallels/prog/ros2_4gewinnt/install/vier_gewinnt/include/vier_gewinnt/vier_gewinnt/srv/detail/set_pen__type_support.cpp
-- Up-to-date: /home/parallels/prog/ros2_4gewinnt/install/vier_gewinnt/include/vier_gewinnt/vier_gewinnt/srv/detail/teleport_relative__type_support.cpp
-- Up-to-date: /home/parallels/prog/ros2_4gewinnt/install/vier_gewinnt/include/vier_gewinnt/vier_gewinnt/srv/detail/teleport_absolute__rosidl_typesupport_introspection_cpp.hpp
-- Up-to-date: /home/parallels/prog/ros2_4gewinnt/install/vier_gewinnt/include/vier_gewinnt/vier_gewinnt/srv/detail/set_pen__rosidl_typesupport_introspection_cpp.hpp
-- Up-to-date: /home/parallels/prog/ros2_4gewinnt/install/vier_gewinnt/include/vier_gewinnt/vier_gewinnt/srv/detail/kill__type_support.cpp
-- Up-to-date: /home/parallels/prog/ros2_4gewinnt/install/vier_gewinnt/include/vier_gewinnt/vier_gewinnt/srv/detail/kill__rosidl_typesupport_introspection_cpp.hpp
-- Up-to-date: /home/parallels/prog/ros2_4gewinnt/install/vier_gewinnt/lib/libvier_gewinnt__rosidl_typesupport_introspection_cpp.so
-- Up-to-date: /home/parallels/prog/ros2_4gewinnt/install/vier_gewinnt/lib/libvier_gewinnt__rosidl_typesupport_cpp.so
-- Up-to-date: /home/parallels/prog/ros2_4gewinnt/install/vier_gewinnt/share/vier_gewinnt/environment/pythonpath.sh
-- Installing: /home/parallels/prog/ros2_4gewinnt/install/vier_gewinnt/share/vier_gewinnt/environment/pythonpath.dsv
-- Up-to-date: /home/parallels/prog/ros2_4gewinnt/install/vier_gewinnt/local/lib/python3.10/dist-packages/vier_gewinnt-0.0.0-py3.10.egg-info
-- Installing: /home/parallels/prog/ros2_4gewinnt/install/vier_gewinnt/local/lib/python3.10/dist-packages/vier_gewinnt-0.0.0-py3.10.egg-info/dependency_links.txt
-- Installing: /home/parallels/prog/ros2_4gewinnt/install/vier_gewinnt/local/lib/python3.10/dist-packages/vier_gewinnt-0.0.0-py3.10.egg-info/top_level.txt
-- Installing: /home/parallels/prog/ros2_4gewinnt/install/vier_gewinnt/local/lib/python3.10/dist-packages/vier_gewinnt-0.0.0-py3.10.egg-info/PKG-INFO
-- Installing: /home/parallels/prog/ros2_4gewinnt/install/vier_gewinnt/local/lib/python3.10/dist-packages/vier_gewinnt-0.0.0-py3.10.egg-info/SOURCES.txt
-- Up-to-date: /home/parallels/prog/ros2_4gewinnt/install/vier_gewinnt/local/lib/python3.10/dist-packages/vier_gewinnt
-- Up-to-date: /home/parallels/prog/ros2_4gewinnt/install/vier_gewinnt/local/lib/python3.10/dist-packages/vier_gewinnt/vier_gewinnt_s__rosidl_typesupport_c.cpython-310-aarch64-linux-gnu.so
-- Up-to-date: /home/parallels/prog/ros2_4gewinnt/install/vier_gewinnt/local/lib/python3.10/dist-packages/vier_gewinnt/vier_gewinnt_s__rosidl_typesupport_fastrtps_c.cpython-310-aarch64-linux-gnu.so
-- Up-to-date: /home/parallels/prog/ros2_4gewinnt/install/vier_gewinnt/local/lib/python3.10/dist-packages/vier_gewinnt/libvier_gewinnt__rosidl_generator_py.so
-- Up-to-date: /home/parallels/prog/ros2_4gewinnt/install/vier_gewinnt/local/lib/python3.10/dist-packages/vier_gewinnt/msg
-- Up-to-date: /home/parallels/prog/ros2_4gewinnt/install/vier_gewinnt/local/lib/python3.10/dist-packages/vier_gewinnt/msg/_color_s.c
-- Up-to-date: /home/parallels/prog/ros2_4gewinnt/install/vier_gewinnt/local/lib/python3.10/dist-packages/vier_gewinnt/msg/_color.py
-- Up-to-date: /home/parallels/prog/ros2_4gewinnt/install/vier_gewinnt/local/lib/python3.10/dist-packages/vier_gewinnt/msg/_pose.py
-- Up-to-date: /home/parallels/prog/ros2_4gewinnt/install/vier_gewinnt/local/lib/python3.10/dist-packages/vier_gewinnt/msg/_pose_s.c
-- Up-to-date: /home/parallels/prog/ros2_4gewinnt/install/vier_gewinnt/local/lib/python3.10/dist-packages/vier_gewinnt/msg/__init__.py
-- Up-to-date: /home/parallels/prog/ros2_4gewinnt/install/vier_gewinnt/local/lib/python3.10/dist-packages/vier_gewinnt/action
-- Up-to-date: /home/parallels/prog/ros2_4gewinnt/install/vier_gewinnt/local/lib/python3.10/dist-packages/vier_gewinnt/action/_rotate_absolute.py
-- Up-to-date: /home/parallels/prog/ros2_4gewinnt/install/vier_gewinnt/local/lib/python3.10/dist-packages/vier_gewinnt/action/__init__.py
-- Up-to-date: /home/parallels/prog/ros2_4gewinnt/install/vier_gewinnt/local/lib/python3.10/dist-packages/vier_gewinnt/action/_rotate_absolute_s.c
-- Up-to-date: /home/parallels/prog/ros2_4gewinnt/install/vier_gewinnt/local/lib/python3.10/dist-packages/vier_gewinnt/_vier_gewinnt_s.ep.rosidl_typesupport_introspection_c.c
-- Up-to-date: /home/parallels/prog/ros2_4gewinnt/install/vier_gewinnt/local/lib/python3.10/dist-packages/vier_gewinnt/vier_gewinnt_s__rosidl_typesupport_introspection_c.cpython-310-aarch64-linux-gnu.so
-- Up-to-date: /home/parallels/prog/ros2_4gewinnt/install/vier_gewinnt/local/lib/python3.10/dist-packages/vier_gewinnt/_vier_gewinnt_s.ep.rosidl_typesupport_c.c
-- Up-to-date: /home/parallels/prog/ros2_4gewinnt/install/vier_gewinnt/local/lib/python3.10/dist-packages/vier_gewinnt/_vier_gewinnt_s.ep.rosidl_typesupport_fastrtps_c.c
-- Installing: /home/parallels/prog/ros2_4gewinnt/install/vier_gewinnt/local/lib/python3.10/dist-packages/vier_gewinnt/__init__.py
-- Up-to-date: /home/parallels/prog/ros2_4gewinnt/install/vier_gewinnt/local/lib/python3.10/dist-packages/vier_gewinnt/srv
-- Up-to-date: /home/parallels/prog/ros2_4gewinnt/install/vier_gewinnt/local/lib/python3.10/dist-packages/vier_gewinnt/srv/_set_pen_s.c
-- Up-to-date: /home/parallels/prog/ros2_4gewinnt/install/vier_gewinnt/local/lib/python3.10/dist-packages/vier_gewinnt/srv/_spawn_s.c
-- Up-to-date: /home/parallels/prog/ros2_4gewinnt/install/vier_gewinnt/local/lib/python3.10/dist-packages/vier_gewinnt/srv/_set_pen.py
-- Up-to-date: /home/parallels/prog/ros2_4gewinnt/install/vier_gewinnt/local/lib/python3.10/dist-packages/vier_gewinnt/srv/_teleport_relative_s.c
-- Up-to-date: /home/parallels/prog/ros2_4gewinnt/install/vier_gewinnt/local/lib/python3.10/dist-packages/vier_gewinnt/srv/_kill.py
-- Up-to-date: /home/parallels/prog/ros2_4gewinnt/install/vier_gewinnt/local/lib/python3.10/dist-packages/vier_gewinnt/srv/_teleport_absolute.py
-- Up-to-date: /home/parallels/prog/ros2_4gewinnt/install/vier_gewinnt/local/lib/python3.10/dist-packages/vier_gewinnt/srv/_teleport_absolute_s.c
-- Up-to-date: /home/parallels/prog/ros2_4gewinnt/install/vier_gewinnt/local/lib/python3.10/dist-packages/vier_gewinnt/srv/_spawn.py
-- Up-to-date: /home/parallels/prog/ros2_4gewinnt/install/vier_gewinnt/local/lib/python3.10/dist-packages/vier_gewinnt/srv/__init__.py
-- Up-to-date: /home/parallels/prog/ros2_4gewinnt/install/vier_gewinnt/local/lib/python3.10/dist-packages/vier_gewinnt/srv/_teleport_relative.py
-- Up-to-date: /home/parallels/prog/ros2_4gewinnt/install/vier_gewinnt/local/lib/python3.10/dist-packages/vier_gewinnt/srv/_kill_s.c
Listing '/home/parallels/prog/ros2_4gewinnt/install/vier_gewinnt/local/lib/python3.10/dist-packages/vier_gewinnt'...
Compiling '/home/parallels/prog/ros2_4gewinnt/install/vier_gewinnt/local/lib/python3.10/dist-packages/vier_gewinnt/__init__.py'...
Listing '/home/parallels/prog/ros2_4gewinnt/install/vier_gewinnt/local/lib/python3.10/dist-packages/vier_gewinnt/action'...
Listing '/home/parallels/prog/ros2_4gewinnt/install/vier_gewinnt/local/lib/python3.10/dist-packages/vier_gewinnt/msg'...
Listing '/home/parallels/prog/ros2_4gewinnt/install/vier_gewinnt/local/lib/python3.10/dist-packages/vier_gewinnt/srv'...
-- Up-to-date: /home/parallels/prog/ros2_4gewinnt/install/vier_gewinnt/local/lib/python3.10/dist-packages/vier_gewinnt/vier_gewinnt_s__rosidl_typesupport_fastrtps_c.cpython-310-aarch64-linux-gnu.so
-- Up-to-date: /home/parallels/prog/ros2_4gewinnt/install/vier_gewinnt/local/lib/python3.10/dist-packages/vier_gewinnt/vier_gewinnt_s__rosidl_typesupport_introspection_c.cpython-310-aarch64-linux-gnu.so
-- Up-to-date: /home/parallels/prog/ros2_4gewinnt/install/vier_gewinnt/local/lib/python3.10/dist-packages/vier_gewinnt/vier_gewinnt_s__rosidl_typesupport_c.cpython-310-aarch64-linux-gnu.so
-- Up-to-date: /home/parallels/prog/ros2_4gewinnt/install/vier_gewinnt/lib/libvier_gewinnt__rosidl_generator_py.so
-- Up-to-date: /home/parallels/prog/ros2_4gewinnt/install/vier_gewinnt/share/vier_gewinnt/action/RotateAbsolute.idl
-- Up-to-date: /home/parallels/prog/ros2_4gewinnt/install/vier_gewinnt/share/vier_gewinnt/msg/Color.idl
-- Up-to-date: /home/parallels/prog/ros2_4gewinnt/install/vier_gewinnt/share/vier_gewinnt/msg/Pose.idl
-- Up-to-date: /home/parallels/prog/ros2_4gewinnt/install/vier_gewinnt/share/vier_gewinnt/srv/Kill.idl
-- Up-to-date: /home/parallels/prog/ros2_4gewinnt/install/vier_gewinnt/share/vier_gewinnt/srv/SetPen.idl
-- Up-to-date: /home/parallels/prog/ros2_4gewinnt/install/vier_gewinnt/share/vier_gewinnt/srv/Spawn.idl
-- Up-to-date: /home/parallels/prog/ros2_4gewinnt/install/vier_gewinnt/share/vier_gewinnt/srv/TeleportAbsolute.idl
-- Up-to-date: /home/parallels/prog/ros2_4gewinnt/install/vier_gewinnt/share/vier_gewinnt/srv/TeleportRelative.idl
-- Up-to-date: /home/parallels/prog/ros2_4gewinnt/install/vier_gewinnt/share/vier_gewinnt/action/RotateAbsolute.action
-- Up-to-date: /home/parallels/prog/ros2_4gewinnt/install/vier_gewinnt/share/vier_gewinnt/msg/Color.msg
-- Up-to-date: /home/parallels/prog/ros2_4gewinnt/install/vier_gewinnt/share/vier_gewinnt/msg/Pose.msg
-- Up-to-date: /home/parallels/prog/ros2_4gewinnt/install/vier_gewinnt/share/vier_gewinnt/srv/Kill.srv
-- Up-to-date: /home/parallels/prog/ros2_4gewinnt/install/vier_gewinnt/share/vier_gewinnt/srv/Kill_Request.msg
-- Up-to-date: /home/parallels/prog/ros2_4gewinnt/install/vier_gewinnt/share/vier_gewinnt/srv/Kill_Response.msg
-- Up-to-date: /home/parallels/prog/ros2_4gewinnt/install/vier_gewinnt/share/vier_gewinnt/srv/SetPen.srv
-- Up-to-date: /home/parallels/prog/ros2_4gewinnt/install/vier_gewinnt/share/vier_gewinnt/srv/SetPen_Request.msg
-- Up-to-date: /home/parallels/prog/ros2_4gewinnt/install/vier_gewinnt/share/vier_gewinnt/srv/SetPen_Response.msg
-- Up-to-date: /home/parallels/prog/ros2_4gewinnt/install/vier_gewinnt/share/vier_gewinnt/srv/Spawn.srv
-- Up-to-date: /home/parallels/prog/ros2_4gewinnt/install/vier_gewinnt/share/vier_gewinnt/srv/Spawn_Request.msg
-- Up-to-date: /home/parallels/prog/ros2_4gewinnt/install/vier_gewinnt/share/vier_gewinnt/srv/Spawn_Response.msg
-- Up-to-date: /home/parallels/prog/ros2_4gewinnt/install/vier_gewinnt/share/vier_gewinnt/srv/TeleportAbsolute.srv
-- Up-to-date: /home/parallels/prog/ros2_4gewinnt/install/vier_gewinnt/share/vier_gewinnt/srv/TeleportAbsolute_Request.msg
-- Up-to-date: /home/parallels/prog/ros2_4gewinnt/install/vier_gewinnt/share/vier_gewinnt/srv/TeleportAbsolute_Response.msg
-- Up-to-date: /home/parallels/prog/ros2_4gewinnt/install/vier_gewinnt/share/vier_gewinnt/srv/TeleportRelative.srv
-- Up-to-date: /home/parallels/prog/ros2_4gewinnt/install/vier_gewinnt/share/vier_gewinnt/srv/TeleportRelative_Request.msg
-- Up-to-date: /home/parallels/prog/ros2_4gewinnt/install/vier_gewinnt/share/vier_gewinnt/srv/TeleportRelative_Response.msg
-- Up-to-date: /home/parallels/prog/ros2_4gewinnt/install/vier_gewinnt/lib/vier_gewinnt/init
-- Up-to-date: /home/parallels/prog/ros2_4gewinnt/install/vier_gewinnt/lib/vier_gewinnt/vier_gewinnt_node
-- Up-to-date: /home/parallels/prog/ros2_4gewinnt/install/vier_gewinnt/share/vier_gewinnt/images
-- Up-to-date: /home/parallels/prog/ros2_4gewinnt/install/vier_gewinnt/share/vier_gewinnt/images/ardent.png
-- Up-to-date: /home/parallels/prog/ros2_4gewinnt/install/vier_gewinnt/share/vier_gewinnt/images/oldImages
-- Up-to-date: /home/parallels/prog/ros2_4gewinnt/install/vier_gewinnt/share/vier_gewinnt/images/oldImages/bouncy.png
-- Up-to-date: /home/parallels/prog/ros2_4gewinnt/install/vier_gewinnt/share/vier_gewinnt/images/oldImages/eloquent.png
-- Up-to-date: /home/parallels/prog/ros2_4gewinnt/install/vier_gewinnt/share/vier_gewinnt/images/oldImages/dashing.png
-- Up-to-date: /home/parallels/prog/ros2_4gewinnt/install/vier_gewinnt/share/vier_gewinnt/images/oldImages/foxy.png
-- Up-to-date: /home/parallels/prog/ros2_4gewinnt/install/vier_gewinnt/share/vier_gewinnt/images/oldImages/humble.png
-- Up-to-date: /home/parallels/prog/ros2_4gewinnt/install/vier_gewinnt/share/vier_gewinnt/images/oldImages/galactic.png
-- Up-to-date: /home/parallels/prog/ros2_4gewinnt/install/vier_gewinnt/share/vier_gewinnt/images/oldImages/rolling.png
-- Up-to-date: /home/parallels/prog/ros2_4gewinnt/install/vier_gewinnt/share/vier_gewinnt/images/oldImages/crystal.png
-- Installing: /home/parallels/prog/ros2_4gewinnt/install/vier_gewinnt/share/ament_index/resource_index/package_run_dependencies/vier_gewinnt
-- Installing: /home/parallels/prog/ros2_4gewinnt/install/vier_gewinnt/share/ament_index/resource_index/parent_prefix_path/vier_gewinnt
-- Installing: /home/parallels/prog/ros2_4gewinnt/install/vier_gewinnt/share/vier_gewinnt/environment/ament_prefix_path.sh
-- Installing: /home/parallels/prog/ros2_4gewinnt/install/vier_gewinnt/share/vier_gewinnt/environment/ament_prefix_path.dsv
-- Installing: /home/parallels/prog/ros2_4gewinnt/install/vier_gewinnt/share/vier_gewinnt/environment/path.sh
-- Installing: /home/parallels/prog/ros2_4gewinnt/install/vier_gewinnt/share/vier_gewinnt/environment/path.dsv
-- Installing: /home/parallels/prog/ros2_4gewinnt/install/vier_gewinnt/share/vier_gewinnt/local_setup.bash
-- Installing: /home/parallels/prog/ros2_4gewinnt/install/vier_gewinnt/share/vier_gewinnt/local_setup.sh
-- Installing: /home/parallels/prog/ros2_4gewinnt/install/vier_gewinnt/share/vier_gewinnt/local_setup.zsh
-- Installing: /home/parallels/prog/ros2_4gewinnt/install/vier_gewinnt/share/vier_gewinnt/local_setup.dsv
-- Installing: /home/parallels/prog/ros2_4gewinnt/install/vier_gewinnt/share/vier_gewinnt/package.dsv
-- Installing: /home/parallels/prog/ros2_4gewinnt/install/vier_gewinnt/share/ament_index/resource_index/packages/vier_gewinnt
-- Installing: /home/parallels/prog/ros2_4gewinnt/install/vier_gewinnt/share/vier_gewinnt/cmake/export_vier_gewinnt__rosidl_generator_cExport.cmake
-- Installing: /home/parallels/prog/ros2_4gewinnt/install/vier_gewinnt/share/vier_gewinnt/cmake/export_vier_gewinnt__rosidl_generator_cExport-noconfig.cmake
-- Installing: /home/parallels/prog/ros2_4gewinnt/install/vier_gewinnt/share/vier_gewinnt/cmake/export_vier_gewinnt__rosidl_typesupport_fastrtps_cExport.cmake
-- Installing: /home/parallels/prog/ros2_4gewinnt/install/vier_gewinnt/share/vier_gewinnt/cmake/export_vier_gewinnt__rosidl_typesupport_fastrtps_cExport-noconfig.cmake
-- Installing: /home/parallels/prog/ros2_4gewinnt/install/vier_gewinnt/share/vier_gewinnt/cmake/export_vier_gewinnt__rosidl_generator_cppExport.cmake
-- Installing: /home/parallels/prog/ros2_4gewinnt/install/vier_gewinnt/share/vier_gewinnt/cmake/export_vier_gewinnt__rosidl_typesupport_fastrtps_cppExport.cmake
-- Installing: /home/parallels/prog/ros2_4gewinnt/install/vier_gewinnt/share/vier_gewinnt/cmake/export_vier_gewinnt__rosidl_typesupport_fastrtps_cppExport-noconfig.cmake
-- Installing: /home/parallels/prog/ros2_4gewinnt/install/vier_gewinnt/share/vier_gewinnt/cmake/vier_gewinnt__rosidl_typesupport_introspection_cExport.cmake
-- Installing: /home/parallels/prog/ros2_4gewinnt/install/vier_gewinnt/share/vier_gewinnt/cmake/vier_gewinnt__rosidl_typesupport_introspection_cExport-noconfig.cmake
-- Installing: /home/parallels/prog/ros2_4gewinnt/install/vier_gewinnt/share/vier_gewinnt/cmake/vier_gewinnt__rosidl_typesupport_cExport.cmake
-- Installing: /home/parallels/prog/ros2_4gewinnt/install/vier_gewinnt/share/vier_gewinnt/cmake/vier_gewinnt__rosidl_typesupport_cExport-noconfig.cmake
-- Installing: /home/parallels/prog/ros2_4gewinnt/install/vier_gewinnt/share/vier_gewinnt/cmake/vier_gewinnt__rosidl_typesupport_introspection_cppExport.cmake
-- Installing: /home/parallels/prog/ros2_4gewinnt/install/vier_gewinnt/share/vier_gewinnt/cmake/vier_gewinnt__rosidl_typesupport_introspection_cppExport-noconfig.cmake
-- Installing: /home/parallels/prog/ros2_4gewinnt/install/vier_gewinnt/share/vier_gewinnt/cmake/vier_gewinnt__rosidl_typesupport_cppExport.cmake
-- Installing: /home/parallels/prog/ros2_4gewinnt/install/vier_gewinnt/share/vier_gewinnt/cmake/vier_gewinnt__rosidl_typesupport_cppExport-noconfig.cmake
-- Installing: /home/parallels/prog/ros2_4gewinnt/install/vier_gewinnt/share/vier_gewinnt/cmake/export_vier_gewinnt__rosidl_generator_pyExport.cmake
-- Installing: /home/parallels/prog/ros2_4gewinnt/install/vier_gewinnt/share/vier_gewinnt/cmake/export_vier_gewinnt__rosidl_generator_pyExport-noconfig.cmake
-- Installing: /home/parallels/prog/ros2_4gewinnt/install/vier_gewinnt/share/vier_gewinnt/cmake/rosidl_cmake-extras.cmake
-- Installing: /home/parallels/prog/ros2_4gewinnt/install/vier_gewinnt/share/vier_gewinnt/cmake/ament_cmake_export_dependencies-extras.cmake
-- Installing: /home/parallels/prog/ros2_4gewinnt/install/vier_gewinnt/share/vier_gewinnt/cmake/ament_cmake_export_include_directories-extras.cmake
-- Installing: /home/parallels/prog/ros2_4gewinnt/install/vier_gewinnt/share/vier_gewinnt/cmake/ament_cmake_export_libraries-extras.cmake
-- Installing: /home/parallels/prog/ros2_4gewinnt/install/vier_gewinnt/share/vier_gewinnt/cmake/ament_cmake_export_targets-extras.cmake
-- Installing: /home/parallels/prog/ros2_4gewinnt/install/vier_gewinnt/share/vier_gewinnt/cmake/rosidl_cmake_export_typesupport_targets-extras.cmake
-- Installing: /home/parallels/prog/ros2_4gewinnt/install/vier_gewinnt/share/vier_gewinnt/cmake/rosidl_cmake_export_typesupport_libraries-extras.cmake
-- Installing: /home/parallels/prog/ros2_4gewinnt/install/vier_gewinnt/share/vier_gewinnt/cmake/vier_gewinntConfig.cmake
-- Installing: /home/parallels/prog/ros2_4gewinnt/install/vier_gewinnt/share/vier_gewinnt/cmake/vier_gewinntConfig-version.cmake
-- Installing: /home/parallels/prog/ros2_4gewinnt/install/vier_gewinnt/share/vier_gewinnt/package.xml
