[0.007s] Invoking command in '/home/parallels/prog/ros2_4gewinnt/build/vier_gewinnt': CMAKE_PREFIX_PATH=/opt/ros/humble /usr/bin/cmake --build /home/parallels/prog/ros2_4gewinnt/build/vier_gewinnt -- -j4 -l4
[0.059s] [  1%] Built target vier_gewinnt__cpp
[0.064s] [  3%] Built target init
[0.067s] [  3%] Built target ament_cmake_python_copy_vier_gewinnt
[0.067s] [ 13%] Built target vier_gewinnt__rosidl_generator_c
[0.084s] [ 24%] Built target vier_gewinnt__rosidl_typesupport_fastrtps_cpp
[0.087s] [ 34%] Built target vier_gewinnt__rosidl_typesupport_cpp
[0.095s] [ 45%] Built target vier_gewinnt__rosidl_typesupport_introspection_cpp
[0.105s] [ 55%] Built target vier_gewinnt__rosidl_typesupport_introspection_c
[0.105s] [ 66%] Built target vier_gewinnt__rosidl_typesupport_fastrtps_c
[0.113s] [ 76%] Built target vier_gewinnt__rosidl_typesupport_c
[0.118s] [ 77%] [34m[1mGenerating include/vier_gewinnt/moc_turtle_frame.cpp[0m
[0.128s] [ 77%] Built target vier_gewinnt
[0.148s] [ 78%] Built target vier_gewinnt__py
[0.165s] [35m[1mConsolidate compiler generated dependencies of target vier_gewinnt_node[0m
[0.169s] [ 88%] Built target vier_gewinnt__rosidl_generator_py
[0.186s] [ 89%] [32mBuilding CXX object CMakeFiles/vier_gewinnt_node.dir/src/turtlesim.cpp.o[0m
[0.187s] [ 91%] Built target vier_gewinnt__rosidl_typesupport_introspection_c__pyext
[0.188s] [ 93%] Built target vier_gewinnt__rosidl_typesupport_fastrtps_c__pyext
[0.196s] [ 94%] [32mBuilding CXX object CMakeFiles/vier_gewinnt_node.dir/src/turtle.cpp.o[0m
[0.196s] running egg_info
[0.197s] writing vier_gewinnt.egg-info/PKG-INFO
[0.197s] writing dependency_links to vier_gewinnt.egg-info/dependency_links.txt
[0.197s] writing top-level names to vier_gewinnt.egg-info/top_level.txt
[0.198s] reading manifest file 'vier_gewinnt.egg-info/SOURCES.txt'
[0.199s] writing manifest file 'vier_gewinnt.egg-info/SOURCES.txt'
[0.205s] [ 96%] Built target vier_gewinnt__rosidl_typesupport_c__pyext
[0.213s] [ 97%] [32mBuilding CXX object CMakeFiles/vier_gewinnt_node.dir/src/turtle_frame.cpp.o[0m
[0.216s] [ 97%] Built target ament_cmake_python_build_vier_gewinnt_egg
[0.222s] [ 98%] [32mBuilding CXX object CMakeFiles/vier_gewinnt_node.dir/include/vier_gewinnt/moc_turtle_frame.cpp.o[0m
[7.887s] [100%] [32m[1mLinking CXX executable vier_gewinnt_node[0m
[9.279s] [100%] Built target vier_gewinnt_node
[9.313s] Invoked command in '/home/parallels/prog/ros2_4gewinnt/build/vier_gewinnt' returned '0': CMAKE_PREFIX_PATH=/opt/ros/humble /usr/bin/cmake --build /home/parallels/prog/ros2_4gewinnt/build/vier_gewinnt -- -j4 -l4
[9.490s] Invoking command in '/home/parallels/prog/ros2_4gewinnt/build/vier_gewinnt': CMAKE_PREFIX_PATH=/opt/ros/humble /usr/bin/cmake --install /home/parallels/prog/ros2_4gewinnt/build/vier_gewinnt
[9.497s] -- Install configuration: ""
[9.498s] -- Installing: /home/parallels/prog/ros2_4gewinnt/install/vier_gewinnt/share/ament_index/resource_index/rosidl_interfaces/vier_gewinnt
[9.499s] -- Installing: /home/parallels/prog/ros2_4gewinnt/install/vier_gewinnt/include/vier_gewinnt/vier_gewinnt
[9.499s] -- Installing: /home/parallels/prog/ros2_4gewinnt/install/vier_gewinnt/include/vier_gewinnt/vier_gewinnt/msg
[9.499s] -- Installing: /home/parallels/prog/ros2_4gewinnt/install/vier_gewinnt/include/vier_gewinnt/vier_gewinnt/msg/rosidl_generator_c__visibility_control.h
[9.499s] -- Installing: /home/parallels/prog/ros2_4gewinnt/install/vier_gewinnt/include/vier_gewinnt/vier_gewinnt/msg/detail
[9.500s] -- Installing: /home/parallels/prog/ros2_4gewinnt/install/vier_gewinnt/include/vier_gewinnt/vier_gewinnt/msg/detail/color__type_support.h
[9.500s] -- Installing: /home/parallels/prog/ros2_4gewinnt/install/vier_gewinnt/include/vier_gewinnt/vier_gewinnt/msg/detail/pose__functions.c
[9.500s] -- Installing: /home/parallels/prog/ros2_4gewinnt/install/vier_gewinnt/include/vier_gewinnt/vier_gewinnt/msg/detail/pose__functions.h
[9.500s] -- Installing: /home/parallels/prog/ros2_4gewinnt/install/vier_gewinnt/include/vier_gewinnt/vier_gewinnt/msg/detail/color__struct.h
[9.500s] -- Installing: /home/parallels/prog/ros2_4gewinnt/install/vier_gewinnt/include/vier_gewinnt/vier_gewinnt/msg/detail/color__functions.c
[9.500s] -- Installing: /home/parallels/prog/ros2_4gewinnt/install/vier_gewinnt/include/vier_gewinnt/vier_gewinnt/msg/detail/pose__type_support.h
[9.501s] -- Installing: /home/parallels/prog/ros2_4gewinnt/install/vier_gewinnt/include/vier_gewinnt/vier_gewinnt/msg/detail/pose__struct.h
[9.501s] -- Installing: /home/parallels/prog/ros2_4gewinnt/install/vier_gewinnt/include/vier_gewinnt/vier_gewinnt/msg/detail/color__functions.h
[9.501s] -- Installing: /home/parallels/prog/ros2_4gewinnt/install/vier_gewinnt/include/vier_gewinnt/vier_gewinnt/msg/color.h
[9.501s] -- Installing: /home/parallels/prog/ros2_4gewinnt/install/vier_gewinnt/include/vier_gewinnt/vier_gewinnt/msg/pose.h
[9.501s] -- Installing: /home/parallels/prog/ros2_4gewinnt/install/vier_gewinnt/include/vier_gewinnt/vier_gewinnt/action
[9.502s] -- Installing: /home/parallels/prog/ros2_4gewinnt/install/vier_gewinnt/include/vier_gewinnt/vier_gewinnt/action/detail
[9.502s] -- Installing: /home/parallels/prog/ros2_4gewinnt/install/vier_gewinnt/include/vier_gewinnt/vier_gewinnt/action/detail/rotate_absolute__functions.h
[9.503s] -- Installing: /home/parallels/prog/ros2_4gewinnt/install/vier_gewinnt/include/vier_gewinnt/vier_gewinnt/action/detail/rotate_absolute__type_support.h
[9.503s] -- Installing: /home/parallels/prog/ros2_4gewinnt/install/vier_gewinnt/include/vier_gewinnt/vier_gewinnt/action/detail/rotate_absolute__functions.c
[9.504s] -- Installing: /home/parallels/prog/ros2_4gewinnt/install/vier_gewinnt/include/vier_gewinnt/vier_gewinnt/action/detail/rotate_absolute__struct.h
[9.504s] -- Installing: /home/parallels/prog/ros2_4gewinnt/install/vier_gewinnt/include/vier_gewinnt/vier_gewinnt/action/rotate_absolute.h
[9.504s] -- Installing: /home/parallels/prog/ros2_4gewinnt/install/vier_gewinnt/include/vier_gewinnt/vier_gewinnt/srv
[9.504s] -- Installing: /home/parallels/prog/ros2_4gewinnt/install/vier_gewinnt/include/vier_gewinnt/vier_gewinnt/srv/detail
[9.504s] -- Installing: /home/parallels/prog/ros2_4gewinnt/install/vier_gewinnt/include/vier_gewinnt/vier_gewinnt/srv/detail/teleport_absolute__functions.c
[9.504s] -- Installing: /home/parallels/prog/ros2_4gewinnt/install/vier_gewinnt/include/vier_gewinnt/vier_gewinnt/srv/detail/spawn__struct.h
[9.505s] -- Installing: /home/parallels/prog/ros2_4gewinnt/install/vier_gewinnt/include/vier_gewinnt/vier_gewinnt/srv/detail/teleport_absolute__type_support.h
[9.505s] -- Installing: /home/parallels/prog/ros2_4gewinnt/install/vier_gewinnt/include/vier_gewinnt/vier_gewinnt/srv/detail/teleport_absolute__struct.h
[9.505s] -- Installing: /home/parallels/prog/ros2_4gewinnt/install/vier_gewinnt/include/vier_gewinnt/vier_gewinnt/srv/detail/kill__functions.h
[9.505s] -- Installing: /home/parallels/prog/ros2_4gewinnt/install/vier_gewinnt/include/vier_gewinnt/vier_gewinnt/srv/detail/set_pen__type_support.h
[9.505s] -- Installing: /home/parallels/prog/ros2_4gewinnt/install/vier_gewinnt/include/vier_gewinnt/vier_gewinnt/srv/detail/teleport_relative__struct.h
[9.506s] -- Installing: /home/parallels/prog/ros2_4gewinnt/install/vier_gewinnt/include/vier_gewinnt/vier_gewinnt/srv/detail/set_pen__struct.h
[9.506s] -- Installing: /home/parallels/prog/ros2_4gewinnt/install/vier_gewinnt/include/vier_gewinnt/vier_gewinnt/srv/detail/kill__functions.c
[9.506s] -- Installing: /home/parallels/prog/ros2_4gewinnt/install/vier_gewinnt/include/vier_gewinnt/vier_gewinnt/srv/detail/spawn__type_support.h
[9.506s] -- Installing: /home/parallels/prog/ros2_4gewinnt/install/vier_gewinnt/include/vier_gewinnt/vier_gewinnt/srv/detail/teleport_absolute__functions.h
[9.506s] -- Installing: /home/parallels/prog/ros2_4gewinnt/install/vier_gewinnt/include/vier_gewinnt/vier_gewinnt/srv/detail/kill__struct.h
[9.507s] -- Installing: /home/parallels/prog/ros2_4gewinnt/install/vier_gewinnt/include/vier_gewinnt/vier_gewinnt/srv/detail/teleport_relative__type_support.h
[9.507s] -- Installing: /home/parallels/prog/ros2_4gewinnt/install/vier_gewinnt/include/vier_gewinnt/vier_gewinnt/srv/detail/set_pen__functions.c
[9.507s] -- Installing: /home/parallels/prog/ros2_4gewinnt/install/vier_gewinnt/include/vier_gewinnt/vier_gewinnt/srv/detail/teleport_relative__functions.h
[9.507s] -- Installing: /home/parallels/prog/ros2_4gewinnt/install/vier_gewinnt/include/vier_gewinnt/vier_gewinnt/srv/detail/spawn__functions.c
[9.507s] -- Installing: /home/parallels/prog/ros2_4gewinnt/install/vier_gewinnt/include/vier_gewinnt/vier_gewinnt/srv/detail/kill__type_support.h
[9.508s] -- Installing: /home/parallels/prog/ros2_4gewinnt/install/vier_gewinnt/include/vier_gewinnt/vier_gewinnt/srv/detail/set_pen__functions.h
[9.508s] -- Installing: /home/parallels/prog/ros2_4gewinnt/install/vier_gewinnt/include/vier_gewinnt/vier_gewinnt/srv/detail/spawn__functions.h
[9.508s] -- Installing: /home/parallels/prog/ros2_4gewinnt/install/vier_gewinnt/include/vier_gewinnt/vier_gewinnt/srv/detail/teleport_relative__functions.c
[9.508s] -- Installing: /home/parallels/prog/ros2_4gewinnt/install/vier_gewinnt/include/vier_gewinnt/vier_gewinnt/srv/teleport_absolute.h
[9.508s] -- Installing: /home/parallels/prog/ros2_4gewinnt/install/vier_gewinnt/include/vier_gewinnt/vier_gewinnt/srv/kill.h
[9.509s] -- Installing: /home/parallels/prog/ros2_4gewinnt/install/vier_gewinnt/include/vier_gewinnt/vier_gewinnt/srv/spawn.h
[9.509s] -- Installing: /home/parallels/prog/ros2_4gewinnt/install/vier_gewinnt/include/vier_gewinnt/vier_gewinnt/srv/set_pen.h
[9.509s] -- Installing: /home/parallels/prog/ros2_4gewinnt/install/vier_gewinnt/include/vier_gewinnt/vier_gewinnt/srv/teleport_relative.h
[9.510s] -- Installing: /home/parallels/prog/ros2_4gewinnt/install/vier_gewinnt/share/vier_gewinnt/environment/library_path.sh
[9.511s] -- Installing: /home/parallels/prog/ros2_4gewinnt/install/vier_gewinnt/share/vier_gewinnt/environment/library_path.dsv
[9.511s] -- Installing: /home/parallels/prog/ros2_4gewinnt/install/vier_gewinnt/lib/libvier_gewinnt__rosidl_generator_c.so
[9.512s] -- Set runtime path of "/home/parallels/prog/ros2_4gewinnt/install/vier_gewinnt/lib/libvier_gewinnt__rosidl_generator_c.so" to ""
[9.512s] -- Up-to-date: /home/parallels/prog/ros2_4gewinnt/install/vier_gewinnt/include/vier_gewinnt/vier_gewinnt
[9.512s] -- Up-to-date: /home/parallels/prog/ros2_4gewinnt/install/vier_gewinnt/include/vier_gewinnt/vier_gewinnt/msg
[9.512s] -- Up-to-date: /home/parallels/prog/ros2_4gewinnt/install/vier_gewinnt/include/vier_gewinnt/vier_gewinnt/msg/detail
[9.512s] -- Installing: /home/parallels/prog/ros2_4gewinnt/install/vier_gewinnt/include/vier_gewinnt/vier_gewinnt/msg/detail/color__rosidl_typesupport_fastrtps_c.h
[9.512s] -- Installing: /home/parallels/prog/ros2_4gewinnt/install/vier_gewinnt/include/vier_gewinnt/vier_gewinnt/msg/detail/pose__rosidl_typesupport_fastrtps_c.h
[9.512s] -- Installing: /home/parallels/prog/ros2_4gewinnt/install/vier_gewinnt/include/vier_gewinnt/vier_gewinnt/msg/rosidl_typesupport_fastrtps_c__visibility_control.h
[9.513s] -- Up-to-date: /home/parallels/prog/ros2_4gewinnt/install/vier_gewinnt/include/vier_gewinnt/vier_gewinnt/action
[9.513s] -- Up-to-date: /home/parallels/prog/ros2_4gewinnt/install/vier_gewinnt/include/vier_gewinnt/vier_gewinnt/action/detail
[9.513s] -- Installing: /home/parallels/prog/ros2_4gewinnt/install/vier_gewinnt/include/vier_gewinnt/vier_gewinnt/action/detail/rotate_absolute__rosidl_typesupport_fastrtps_c.h
[9.513s] -- Up-to-date: /home/parallels/prog/ros2_4gewinnt/install/vier_gewinnt/include/vier_gewinnt/vier_gewinnt/srv
[9.513s] -- Up-to-date: /home/parallels/prog/ros2_4gewinnt/install/vier_gewinnt/include/vier_gewinnt/vier_gewinnt/srv/detail
[9.513s] -- Installing: /home/parallels/prog/ros2_4gewinnt/install/vier_gewinnt/include/vier_gewinnt/vier_gewinnt/srv/detail/kill__rosidl_typesupport_fastrtps_c.h
[9.513s] -- Installing: /home/parallels/prog/ros2_4gewinnt/install/vier_gewinnt/include/vier_gewinnt/vier_gewinnt/srv/detail/spawn__rosidl_typesupport_fastrtps_c.h
[9.514s] -- Installing: /home/parallels/prog/ros2_4gewinnt/install/vier_gewinnt/include/vier_gewinnt/vier_gewinnt/srv/detail/set_pen__rosidl_typesupport_fastrtps_c.h
[9.514s] -- Installing: /home/parallels/prog/ros2_4gewinnt/install/vier_gewinnt/include/vier_gewinnt/vier_gewinnt/srv/detail/teleport_absolute__rosidl_typesupport_fastrtps_c.h
[9.514s] -- Installing: /home/parallels/prog/ros2_4gewinnt/install/vier_gewinnt/include/vier_gewinnt/vier_gewinnt/srv/detail/teleport_relative__rosidl_typesupport_fastrtps_c.h
[9.514s] -- Installing: /home/parallels/prog/ros2_4gewinnt/install/vier_gewinnt/lib/libvier_gewinnt__rosidl_typesupport_fastrtps_c.so
[9.515s] -- Set runtime path of "/home/parallels/prog/ros2_4gewinnt/install/vier_gewinnt/lib/libvier_gewinnt__rosidl_typesupport_fastrtps_c.so" to ""
[9.515s] -- Up-to-date: /home/parallels/prog/ros2_4gewinnt/install/vier_gewinnt/include/vier_gewinnt/vier_gewinnt
[9.515s] -- Up-to-date: /home/parallels/prog/ros2_4gewinnt/install/vier_gewinnt/include/vier_gewinnt/vier_gewinnt/msg
[9.516s] -- Installing: /home/parallels/prog/ros2_4gewinnt/install/vier_gewinnt/include/vier_gewinnt/vier_gewinnt/msg/pose.hpp
[9.516s] -- Up-to-date: /home/parallels/prog/ros2_4gewinnt/install/vier_gewinnt/include/vier_gewinnt/vier_gewinnt/msg/detail
[9.516s] -- Installing: /home/parallels/prog/ros2_4gewinnt/install/vier_gewinnt/include/vier_gewinnt/vier_gewinnt/msg/detail/color__traits.hpp
[9.516s] -- Installing: /home/parallels/prog/ros2_4gewinnt/install/vier_gewinnt/include/vier_gewinnt/vier_gewinnt/msg/detail/pose__struct.hpp
[9.516s] -- Installing: /home/parallels/prog/ros2_4gewinnt/install/vier_gewinnt/include/vier_gewinnt/vier_gewinnt/msg/detail/color__builder.hpp
[9.516s] -- Installing: /home/parallels/prog/ros2_4gewinnt/install/vier_gewinnt/include/vier_gewinnt/vier_gewinnt/msg/detail/pose__builder.hpp
[9.516s] -- Installing: /home/parallels/prog/ros2_4gewinnt/install/vier_gewinnt/include/vier_gewinnt/vier_gewinnt/msg/detail/color__struct.hpp
[9.516s] -- Installing: /home/parallels/prog/ros2_4gewinnt/install/vier_gewinnt/include/vier_gewinnt/vier_gewinnt/msg/detail/pose__traits.hpp
[9.516s] -- Installing: /home/parallels/prog/ros2_4gewinnt/install/vier_gewinnt/include/vier_gewinnt/vier_gewinnt/msg/color.hpp
[9.516s] -- Up-to-date: /home/parallels/prog/ros2_4gewinnt/install/vier_gewinnt/include/vier_gewinnt/vier_gewinnt/action
[9.517s] -- Up-to-date: /home/parallels/prog/ros2_4gewinnt/install/vier_gewinnt/include/vier_gewinnt/vier_gewinnt/action/detail
[9.517s] -- Installing: /home/parallels/prog/ros2_4gewinnt/install/vier_gewinnt/include/vier_gewinnt/vier_gewinnt/action/detail/rotate_absolute__traits.hpp
[9.517s] -- Installing: /home/parallels/prog/ros2_4gewinnt/install/vier_gewinnt/include/vier_gewinnt/vier_gewinnt/action/detail/rotate_absolute__struct.hpp
[9.517s] -- Installing: /home/parallels/prog/ros2_4gewinnt/install/vier_gewinnt/include/vier_gewinnt/vier_gewinnt/action/detail/rotate_absolute__builder.hpp
[9.517s] -- Installing: /home/parallels/prog/ros2_4gewinnt/install/vier_gewinnt/include/vier_gewinnt/vier_gewinnt/action/rotate_absolute.hpp
[9.517s] -- Up-to-date: /home/parallels/prog/ros2_4gewinnt/install/vier_gewinnt/include/vier_gewinnt/vier_gewinnt/srv
[9.517s] -- Up-to-date: /home/parallels/prog/ros2_4gewinnt/install/vier_gewinnt/include/vier_gewinnt/vier_gewinnt/srv/detail
[9.518s] -- Installing: /home/parallels/prog/ros2_4gewinnt/install/vier_gewinnt/include/vier_gewinnt/vier_gewinnt/srv/detail/kill__struct.hpp
[9.518s] -- Installing: /home/parallels/prog/ros2_4gewinnt/install/vier_gewinnt/include/vier_gewinnt/vier_gewinnt/srv/detail/teleport_absolute__struct.hpp
[9.518s] -- Installing: /home/parallels/prog/ros2_4gewinnt/install/vier_gewinnt/include/vier_gewinnt/vier_gewinnt/srv/detail/kill__builder.hpp
[9.518s] -- Installing: /home/parallels/prog/ros2_4gewinnt/install/vier_gewinnt/include/vier_gewinnt/vier_gewinnt/srv/detail/teleport_relative__traits.hpp
[9.518s] -- Installing: /home/parallels/prog/ros2_4gewinnt/install/vier_gewinnt/include/vier_gewinnt/vier_gewinnt/srv/detail/spawn__traits.hpp
[9.518s] -- Installing: /home/parallels/prog/ros2_4gewinnt/install/vier_gewinnt/include/vier_gewinnt/vier_gewinnt/srv/detail/set_pen__builder.hpp
[9.518s] -- Installing: /home/parallels/prog/ros2_4gewinnt/install/vier_gewinnt/include/vier_gewinnt/vier_gewinnt/srv/detail/teleport_absolute__traits.hpp
[9.518s] -- Installing: /home/parallels/prog/ros2_4gewinnt/install/vier_gewinnt/include/vier_gewinnt/vier_gewinnt/srv/detail/teleport_absolute__builder.hpp
[9.518s] -- Installing: /home/parallels/prog/ros2_4gewinnt/install/vier_gewinnt/include/vier_gewinnt/vier_gewinnt/srv/detail/spawn__struct.hpp
[9.518s] -- Installing: /home/parallels/prog/ros2_4gewinnt/install/vier_gewinnt/include/vier_gewinnt/vier_gewinnt/srv/detail/set_pen__struct.hpp
[9.519s] -- Installing: /home/parallels/prog/ros2_4gewinnt/install/vier_gewinnt/include/vier_gewinnt/vier_gewinnt/srv/detail/kill__traits.hpp
[9.519s] -- Installing: /home/parallels/prog/ros2_4gewinnt/install/vier_gewinnt/include/vier_gewinnt/vier_gewinnt/srv/detail/set_pen__traits.hpp
[9.519s] -- Installing: /home/parallels/prog/ros2_4gewinnt/install/vier_gewinnt/include/vier_gewinnt/vier_gewinnt/srv/detail/teleport_relative__struct.hpp
[9.519s] -- Installing: /home/parallels/prog/ros2_4gewinnt/install/vier_gewinnt/include/vier_gewinnt/vier_gewinnt/srv/detail/teleport_relative__builder.hpp
[9.519s] -- Installing: /home/parallels/prog/ros2_4gewinnt/install/vier_gewinnt/include/vier_gewinnt/vier_gewinnt/srv/detail/spawn__builder.hpp
[9.519s] -- Installing: /home/parallels/prog/ros2_4gewinnt/install/vier_gewinnt/include/vier_gewinnt/vier_gewinnt/srv/kill.hpp
[9.519s] -- Installing: /home/parallels/prog/ros2_4gewinnt/install/vier_gewinnt/include/vier_gewinnt/vier_gewinnt/srv/teleport_absolute.hpp
[9.519s] -- Installing: /home/parallels/prog/ros2_4gewinnt/install/vier_gewinnt/include/vier_gewinnt/vier_gewinnt/srv/teleport_relative.hpp
[9.519s] -- Installing: /home/parallels/prog/ros2_4gewinnt/install/vier_gewinnt/include/vier_gewinnt/vier_gewinnt/srv/set_pen.hpp
[9.519s] -- Installing: /home/parallels/prog/ros2_4gewinnt/install/vier_gewinnt/include/vier_gewinnt/vier_gewinnt/srv/spawn.hpp
[9.519s] -- Up-to-date: /home/parallels/prog/ros2_4gewinnt/install/vier_gewinnt/include/vier_gewinnt/vier_gewinnt
[9.521s] -- Up-to-date: /home/parallels/prog/ros2_4gewinnt/install/vier_gewinnt/include/vier_gewinnt/vier_gewinnt/msg
[9.521s] -- Up-to-date: /home/parallels/prog/ros2_4gewinnt/install/vier_gewinnt/include/vier_gewinnt/vier_gewinnt/msg/detail
[9.521s] -- Installing: /home/parallels/prog/ros2_4gewinnt/install/vier_gewinnt/include/vier_gewinnt/vier_gewinnt/msg/detail/dds_fastrtps
[9.521s] -- Installing: /home/parallels/prog/ros2_4gewinnt/install/vier_gewinnt/include/vier_gewinnt/vier_gewinnt/msg/detail/color__rosidl_typesupport_fastrtps_cpp.hpp
[9.521s] -- Installing: /home/parallels/prog/ros2_4gewinnt/install/vier_gewinnt/include/vier_gewinnt/vier_gewinnt/msg/detail/pose__rosidl_typesupport_fastrtps_cpp.hpp
[9.521s] -- Installing: /home/parallels/prog/ros2_4gewinnt/install/vier_gewinnt/include/vier_gewinnt/vier_gewinnt/msg/rosidl_typesupport_fastrtps_cpp__visibility_control.h
[9.521s] -- Up-to-date: /home/parallels/prog/ros2_4gewinnt/install/vier_gewinnt/include/vier_gewinnt/vier_gewinnt/action
[9.521s] -- Up-to-date: /home/parallels/prog/ros2_4gewinnt/install/vier_gewinnt/include/vier_gewinnt/vier_gewinnt/action/detail
[9.521s] -- Installing: /home/parallels/prog/ros2_4gewinnt/install/vier_gewinnt/include/vier_gewinnt/vier_gewinnt/action/detail/dds_fastrtps
[9.521s] -- Installing: /home/parallels/prog/ros2_4gewinnt/install/vier_gewinnt/include/vier_gewinnt/vier_gewinnt/action/detail/rotate_absolute__rosidl_typesupport_fastrtps_cpp.hpp
[9.522s] -- Up-to-date: /home/parallels/prog/ros2_4gewinnt/install/vier_gewinnt/include/vier_gewinnt/vier_gewinnt/srv
[9.522s] -- Up-to-date: /home/parallels/prog/ros2_4gewinnt/install/vier_gewinnt/include/vier_gewinnt/vier_gewinnt/srv/detail
[9.522s] -- Installing: /home/parallels/prog/ros2_4gewinnt/install/vier_gewinnt/include/vier_gewinnt/vier_gewinnt/srv/detail/dds_fastrtps
[9.522s] -- Installing: /home/parallels/prog/ros2_4gewinnt/install/vier_gewinnt/include/vier_gewinnt/vier_gewinnt/srv/detail/teleport_absolute__rosidl_typesupport_fastrtps_cpp.hpp
[9.523s] -- Installing: /home/parallels/prog/ros2_4gewinnt/install/vier_gewinnt/include/vier_gewinnt/vier_gewinnt/srv/detail/kill__rosidl_typesupport_fastrtps_cpp.hpp
[9.523s] -- Installing: /home/parallels/prog/ros2_4gewinnt/install/vier_gewinnt/include/vier_gewinnt/vier_gewinnt/srv/detail/set_pen__rosidl_typesupport_fastrtps_cpp.hpp
[9.523s] -- Installing: /home/parallels/prog/ros2_4gewinnt/install/vier_gewinnt/include/vier_gewinnt/vier_gewinnt/srv/detail/spawn__rosidl_typesupport_fastrtps_cpp.hpp
[9.523s] -- Installing: /home/parallels/prog/ros2_4gewinnt/install/vier_gewinnt/include/vier_gewinnt/vier_gewinnt/srv/detail/teleport_relative__rosidl_typesupport_fastrtps_cpp.hpp
[9.524s] -- Installing: /home/parallels/prog/ros2_4gewinnt/install/vier_gewinnt/lib/libvier_gewinnt__rosidl_typesupport_fastrtps_cpp.so
[9.524s] -- Set runtime path of "/home/parallels/prog/ros2_4gewinnt/install/vier_gewinnt/lib/libvier_gewinnt__rosidl_typesupport_fastrtps_cpp.so" to ""
[9.524s] -- Up-to-date: /home/parallels/prog/ros2_4gewinnt/install/vier_gewinnt/include/vier_gewinnt/vier_gewinnt
[9.524s] -- Up-to-date: /home/parallels/prog/ros2_4gewinnt/install/vier_gewinnt/include/vier_gewinnt/vier_gewinnt/msg
[9.524s] -- Up-to-date: /home/parallels/prog/ros2_4gewinnt/install/vier_gewinnt/include/vier_gewinnt/vier_gewinnt/msg/detail
[9.525s] -- Installing: /home/parallels/prog/ros2_4gewinnt/install/vier_gewinnt/include/vier_gewinnt/vier_gewinnt/msg/detail/pose__type_support.c
[9.525s] -- Installing: /home/parallels/prog/ros2_4gewinnt/install/vier_gewinnt/include/vier_gewinnt/vier_gewinnt/msg/detail/color__rosidl_typesupport_introspection_c.h
[9.525s] -- Installing: /home/parallels/prog/ros2_4gewinnt/install/vier_gewinnt/include/vier_gewinnt/vier_gewinnt/msg/detail/color__type_support.c
[9.525s] -- Installing: /home/parallels/prog/ros2_4gewinnt/install/vier_gewinnt/include/vier_gewinnt/vier_gewinnt/msg/detail/pose__rosidl_typesupport_introspection_c.h
[9.525s] -- Installing: /home/parallels/prog/ros2_4gewinnt/install/vier_gewinnt/include/vier_gewinnt/vier_gewinnt/msg/rosidl_typesupport_introspection_c__visibility_control.h
[9.526s] -- Up-to-date: /home/parallels/prog/ros2_4gewinnt/install/vier_gewinnt/include/vier_gewinnt/vier_gewinnt/action
[9.526s] -- Up-to-date: /home/parallels/prog/ros2_4gewinnt/install/vier_gewinnt/include/vier_gewinnt/vier_gewinnt/action/detail
[9.526s] -- Installing: /home/parallels/prog/ros2_4gewinnt/install/vier_gewinnt/include/vier_gewinnt/vier_gewinnt/action/detail/rotate_absolute__rosidl_typesupport_introspection_c.h
[9.526s] -- Installing: /home/parallels/prog/ros2_4gewinnt/install/vier_gewinnt/include/vier_gewinnt/vier_gewinnt/action/detail/rotate_absolute__type_support.c
[9.527s] -- Up-to-date: /home/parallels/prog/ros2_4gewinnt/install/vier_gewinnt/include/vier_gewinnt/vier_gewinnt/srv
[9.527s] -- Up-to-date: /home/parallels/prog/ros2_4gewinnt/install/vier_gewinnt/include/vier_gewinnt/vier_gewinnt/srv/detail
[9.527s] -- Installing: /home/parallels/prog/ros2_4gewinnt/install/vier_gewinnt/include/vier_gewinnt/vier_gewinnt/srv/detail/teleport_relative__type_support.c
[9.527s] -- Installing: /home/parallels/prog/ros2_4gewinnt/install/vier_gewinnt/include/vier_gewinnt/vier_gewinnt/srv/detail/kill__rosidl_typesupport_introspection_c.h
[9.527s] -- Installing: /home/parallels/prog/ros2_4gewinnt/install/vier_gewinnt/include/vier_gewinnt/vier_gewinnt/srv/detail/teleport_relative__rosidl_typesupport_introspection_c.h
[9.528s] -- Installing: /home/parallels/prog/ros2_4gewinnt/install/vier_gewinnt/include/vier_gewinnt/vier_gewinnt/srv/detail/spawn__rosidl_typesupport_introspection_c.h
[9.528s] -- Installing: /home/parallels/prog/ros2_4gewinnt/install/vier_gewinnt/include/vier_gewinnt/vier_gewinnt/srv/detail/kill__type_support.c
[9.528s] -- Installing: /home/parallels/prog/ros2_4gewinnt/install/vier_gewinnt/include/vier_gewinnt/vier_gewinnt/srv/detail/set_pen__type_support.c
[9.528s] -- Installing: /home/parallels/prog/ros2_4gewinnt/install/vier_gewinnt/include/vier_gewinnt/vier_gewinnt/srv/detail/spawn__type_support.c
[9.529s] -- Installing: /home/parallels/prog/ros2_4gewinnt/install/vier_gewinnt/include/vier_gewinnt/vier_gewinnt/srv/detail/set_pen__rosidl_typesupport_introspection_c.h
[9.529s] -- Installing: /home/parallels/prog/ros2_4gewinnt/install/vier_gewinnt/include/vier_gewinnt/vier_gewinnt/srv/detail/teleport_absolute__rosidl_typesupport_introspection_c.h
[9.529s] -- Installing: /home/parallels/prog/ros2_4gewinnt/install/vier_gewinnt/include/vier_gewinnt/vier_gewinnt/srv/detail/teleport_absolute__type_support.c
[9.529s] -- Installing: /home/parallels/prog/ros2_4gewinnt/install/vier_gewinnt/lib/libvier_gewinnt__rosidl_typesupport_introspection_c.so
[9.530s] -- Set runtime path of "/home/parallels/prog/ros2_4gewinnt/install/vier_gewinnt/lib/libvier_gewinnt__rosidl_typesupport_introspection_c.so" to ""
[9.530s] -- Installing: /home/parallels/prog/ros2_4gewinnt/install/vier_gewinnt/lib/libvier_gewinnt__rosidl_typesupport_c.so
[9.531s] -- Set runtime path of "/home/parallels/prog/ros2_4gewinnt/install/vier_gewinnt/lib/libvier_gewinnt__rosidl_typesupport_c.so" to ""
[9.531s] -- Up-to-date: /home/parallels/prog/ros2_4gewinnt/install/vier_gewinnt/include/vier_gewinnt/vier_gewinnt
[9.531s] -- Up-to-date: /home/parallels/prog/ros2_4gewinnt/install/vier_gewinnt/include/vier_gewinnt/vier_gewinnt/msg
[9.531s] -- Up-to-date: /home/parallels/prog/ros2_4gewinnt/install/vier_gewinnt/include/vier_gewinnt/vier_gewinnt/msg/detail
[9.531s] -- Installing: /home/parallels/prog/ros2_4gewinnt/install/vier_gewinnt/include/vier_gewinnt/vier_gewinnt/msg/detail/color__rosidl_typesupport_introspection_cpp.hpp
[9.531s] -- Installing: /home/parallels/prog/ros2_4gewinnt/install/vier_gewinnt/include/vier_gewinnt/vier_gewinnt/msg/detail/pose__rosidl_typesupport_introspection_cpp.hpp
[9.532s] -- Installing: /home/parallels/prog/ros2_4gewinnt/install/vier_gewinnt/include/vier_gewinnt/vier_gewinnt/msg/detail/color__type_support.cpp
[9.532s] -- Installing: /home/parallels/prog/ros2_4gewinnt/install/vier_gewinnt/include/vier_gewinnt/vier_gewinnt/msg/detail/pose__type_support.cpp
[9.532s] -- Up-to-date: /home/parallels/prog/ros2_4gewinnt/install/vier_gewinnt/include/vier_gewinnt/vier_gewinnt/action
[9.532s] -- Up-to-date: /home/parallels/prog/ros2_4gewinnt/install/vier_gewinnt/include/vier_gewinnt/vier_gewinnt/action/detail
[9.532s] -- Installing: /home/parallels/prog/ros2_4gewinnt/install/vier_gewinnt/include/vier_gewinnt/vier_gewinnt/action/detail/rotate_absolute__rosidl_typesupport_introspection_cpp.hpp
[9.532s] -- Installing: /home/parallels/prog/ros2_4gewinnt/install/vier_gewinnt/include/vier_gewinnt/vier_gewinnt/action/detail/rotate_absolute__type_support.cpp
[9.533s] -- Up-to-date: /home/parallels/prog/ros2_4gewinnt/install/vier_gewinnt/include/vier_gewinnt/vier_gewinnt/srv
[9.533s] -- Up-to-date: /home/parallels/prog/ros2_4gewinnt/install/vier_gewinnt/include/vier_gewinnt/vier_gewinnt/srv/detail
[9.533s] -- Installing: /home/parallels/prog/ros2_4gewinnt/install/vier_gewinnt/include/vier_gewinnt/vier_gewinnt/srv/detail/teleport_absolute__type_support.cpp
[9.533s] -- Installing: /home/parallels/prog/ros2_4gewinnt/install/vier_gewinnt/include/vier_gewinnt/vier_gewinnt/srv/detail/spawn__type_support.cpp
[9.533s] -- Installing: /home/parallels/prog/ros2_4gewinnt/install/vier_gewinnt/include/vier_gewinnt/vier_gewinnt/srv/detail/teleport_relative__rosidl_typesupport_introspection_cpp.hpp
[9.534s] -- Installing: /home/parallels/prog/ros2_4gewinnt/install/vier_gewinnt/include/vier_gewinnt/vier_gewinnt/srv/detail/spawn__rosidl_typesupport_introspection_cpp.hpp
[9.534s] -- Installing: /home/parallels/prog/ros2_4gewinnt/install/vier_gewinnt/include/vier_gewinnt/vier_gewinnt/srv/detail/set_pen__type_support.cpp
[9.534s] -- Installing: /home/parallels/prog/ros2_4gewinnt/install/vier_gewinnt/include/vier_gewinnt/vier_gewinnt/srv/detail/teleport_relative__type_support.cpp
[9.534s] -- Installing: /home/parallels/prog/ros2_4gewinnt/install/vier_gewinnt/include/vier_gewinnt/vier_gewinnt/srv/detail/teleport_absolute__rosidl_typesupport_introspection_cpp.hpp
[9.535s] -- Installing: /home/parallels/prog/ros2_4gewinnt/install/vier_gewinnt/include/vier_gewinnt/vier_gewinnt/srv/detail/set_pen__rosidl_typesupport_introspection_cpp.hpp
[9.535s] -- Installing: /home/parallels/prog/ros2_4gewinnt/install/vier_gewinnt/include/vier_gewinnt/vier_gewinnt/srv/detail/kill__type_support.cpp
[9.535s] -- Installing: /home/parallels/prog/ros2_4gewinnt/install/vier_gewinnt/include/vier_gewinnt/vier_gewinnt/srv/detail/kill__rosidl_typesupport_introspection_cpp.hpp
[9.535s] -- Installing: /home/parallels/prog/ros2_4gewinnt/install/vier_gewinnt/lib/libvier_gewinnt__rosidl_typesupport_introspection_cpp.so
[9.536s] -- Set runtime path of "/home/parallels/prog/ros2_4gewinnt/install/vier_gewinnt/lib/libvier_gewinnt__rosidl_typesupport_introspection_cpp.so" to ""
[9.536s] -- Installing: /home/parallels/prog/ros2_4gewinnt/install/vier_gewinnt/lib/libvier_gewinnt__rosidl_typesupport_cpp.so
[9.536s] -- Set runtime path of "/home/parallels/prog/ros2_4gewinnt/install/vier_gewinnt/lib/libvier_gewinnt__rosidl_typesupport_cpp.so" to ""
[9.536s] -- Installing: /home/parallels/prog/ros2_4gewinnt/install/vier_gewinnt/share/vier_gewinnt/environment/pythonpath.sh
[9.536s] -- Installing: /home/parallels/prog/ros2_4gewinnt/install/vier_gewinnt/share/vier_gewinnt/environment/pythonpath.dsv
[9.536s] -- Installing: /home/parallels/prog/ros2_4gewinnt/install/vier_gewinnt/local/lib/python3.10/dist-packages/vier_gewinnt-0.0.0-py3.10.egg-info
[9.536s] -- Installing: /home/parallels/prog/ros2_4gewinnt/install/vier_gewinnt/local/lib/python3.10/dist-packages/vier_gewinnt-0.0.0-py3.10.egg-info/dependency_links.txt
[9.537s] -- Installing: /home/parallels/prog/ros2_4gewinnt/install/vier_gewinnt/local/lib/python3.10/dist-packages/vier_gewinnt-0.0.0-py3.10.egg-info/top_level.txt
[9.537s] -- Installing: /home/parallels/prog/ros2_4gewinnt/install/vier_gewinnt/local/lib/python3.10/dist-packages/vier_gewinnt-0.0.0-py3.10.egg-info/PKG-INFO
[9.537s] -- Installing: /home/parallels/prog/ros2_4gewinnt/install/vier_gewinnt/local/lib/python3.10/dist-packages/vier_gewinnt-0.0.0-py3.10.egg-info/SOURCES.txt
[9.537s] -- Installing: /home/parallels/prog/ros2_4gewinnt/install/vier_gewinnt/local/lib/python3.10/dist-packages/vier_gewinnt
[9.537s] -- Installing: /home/parallels/prog/ros2_4gewinnt/install/vier_gewinnt/local/lib/python3.10/dist-packages/vier_gewinnt/vier_gewinnt_s__rosidl_typesupport_c.cpython-310-aarch64-linux-gnu.so
[9.538s] -- Installing: /home/parallels/prog/ros2_4gewinnt/install/vier_gewinnt/local/lib/python3.10/dist-packages/vier_gewinnt/vier_gewinnt_s__rosidl_typesupport_fastrtps_c.cpython-310-aarch64-linux-gnu.so
[9.538s] -- Installing: /home/parallels/prog/ros2_4gewinnt/install/vier_gewinnt/local/lib/python3.10/dist-packages/vier_gewinnt/libvier_gewinnt__rosidl_generator_py.so
[9.539s] -- Installing: /home/parallels/prog/ros2_4gewinnt/install/vier_gewinnt/local/lib/python3.10/dist-packages/vier_gewinnt/msg
[9.539s] -- Installing: /home/parallels/prog/ros2_4gewinnt/install/vier_gewinnt/local/lib/python3.10/dist-packages/vier_gewinnt/msg/_color_s.c
[9.539s] -- Installing: /home/parallels/prog/ros2_4gewinnt/install/vier_gewinnt/local/lib/python3.10/dist-packages/vier_gewinnt/msg/_color.py
[9.539s] -- Installing: /home/parallels/prog/ros2_4gewinnt/install/vier_gewinnt/local/lib/python3.10/dist-packages/vier_gewinnt/msg/_pose.py
[9.539s] -- Installing: /home/parallels/prog/ros2_4gewinnt/install/vier_gewinnt/local/lib/python3.10/dist-packages/vier_gewinnt/msg/_pose_s.c
[9.539s] -- Installing: /home/parallels/prog/ros2_4gewinnt/install/vier_gewinnt/local/lib/python3.10/dist-packages/vier_gewinnt/msg/__init__.py
[9.539s] -- Installing: /home/parallels/prog/ros2_4gewinnt/install/vier_gewinnt/local/lib/python3.10/dist-packages/vier_gewinnt/action
[9.540s] -- Installing: /home/parallels/prog/ros2_4gewinnt/install/vier_gewinnt/local/lib/python3.10/dist-packages/vier_gewinnt/action/_rotate_absolute.py
[9.540s] -- Installing: /home/parallels/prog/ros2_4gewinnt/install/vier_gewinnt/local/lib/python3.10/dist-packages/vier_gewinnt/action/__init__.py
[9.540s] -- Installing: /home/parallels/prog/ros2_4gewinnt/install/vier_gewinnt/local/lib/python3.10/dist-packages/vier_gewinnt/action/_rotate_absolute_s.c
[9.541s] -- Installing: /home/parallels/prog/ros2_4gewinnt/install/vier_gewinnt/local/lib/python3.10/dist-packages/vier_gewinnt/_vier_gewinnt_s.ep.rosidl_typesupport_introspection_c.c
[9.542s] -- Installing: /home/parallels/prog/ros2_4gewinnt/install/vier_gewinnt/local/lib/python3.10/dist-packages/vier_gewinnt/vier_gewinnt_s__rosidl_typesupport_introspection_c.cpython-310-aarch64-linux-gnu.so
[9.542s] -- Installing: /home/parallels/prog/ros2_4gewinnt/install/vier_gewinnt/local/lib/python3.10/dist-packages/vier_gewinnt/_vier_gewinnt_s.ep.rosidl_typesupport_c.c
[9.543s] -- Installing: /home/parallels/prog/ros2_4gewinnt/install/vier_gewinnt/local/lib/python3.10/dist-packages/vier_gewinnt/_vier_gewinnt_s.ep.rosidl_typesupport_fastrtps_c.c
[9.544s] -- Installing: /home/parallels/prog/ros2_4gewinnt/install/vier_gewinnt/local/lib/python3.10/dist-packages/vier_gewinnt/__init__.py
[9.544s] -- Installing: /home/parallels/prog/ros2_4gewinnt/install/vier_gewinnt/local/lib/python3.10/dist-packages/vier_gewinnt/srv
[9.544s] -- Installing: /home/parallels/prog/ros2_4gewinnt/install/vier_gewinnt/local/lib/python3.10/dist-packages/vier_gewinnt/srv/_set_pen_s.c
[9.544s] -- Installing: /home/parallels/prog/ros2_4gewinnt/install/vier_gewinnt/local/lib/python3.10/dist-packages/vier_gewinnt/srv/_spawn_s.c
[9.544s] -- Installing: /home/parallels/prog/ros2_4gewinnt/install/vier_gewinnt/local/lib/python3.10/dist-packages/vier_gewinnt/srv/_set_pen.py
[9.544s] -- Installing: /home/parallels/prog/ros2_4gewinnt/install/vier_gewinnt/local/lib/python3.10/dist-packages/vier_gewinnt/srv/_teleport_relative_s.c
[9.544s] -- Installing: /home/parallels/prog/ros2_4gewinnt/install/vier_gewinnt/local/lib/python3.10/dist-packages/vier_gewinnt/srv/_kill.py
[9.545s] -- Installing: /home/parallels/prog/ros2_4gewinnt/install/vier_gewinnt/local/lib/python3.10/dist-packages/vier_gewinnt/srv/_teleport_absolute.py
[9.545s] -- Installing: /home/parallels/prog/ros2_4gewinnt/install/vier_gewinnt/local/lib/python3.10/dist-packages/vier_gewinnt/srv/_teleport_absolute_s.c
[9.545s] -- Installing: /home/parallels/prog/ros2_4gewinnt/install/vier_gewinnt/local/lib/python3.10/dist-packages/vier_gewinnt/srv/_spawn.py
[9.545s] -- Installing: /home/parallels/prog/ros2_4gewinnt/install/vier_gewinnt/local/lib/python3.10/dist-packages/vier_gewinnt/srv/__init__.py
[9.545s] -- Installing: /home/parallels/prog/ros2_4gewinnt/install/vier_gewinnt/local/lib/python3.10/dist-packages/vier_gewinnt/srv/_teleport_relative.py
[9.545s] -- Installing: /home/parallels/prog/ros2_4gewinnt/install/vier_gewinnt/local/lib/python3.10/dist-packages/vier_gewinnt/srv/_kill_s.c
[9.586s] Listing '/home/parallels/prog/ros2_4gewinnt/install/vier_gewinnt/local/lib/python3.10/dist-packages/vier_gewinnt'...
[9.586s] Compiling '/home/parallels/prog/ros2_4gewinnt/install/vier_gewinnt/local/lib/python3.10/dist-packages/vier_gewinnt/__init__.py'...
[9.586s] Listing '/home/parallels/prog/ros2_4gewinnt/install/vier_gewinnt/local/lib/python3.10/dist-packages/vier_gewinnt/action'...
[9.586s] Compiling '/home/parallels/prog/ros2_4gewinnt/install/vier_gewinnt/local/lib/python3.10/dist-packages/vier_gewinnt/action/__init__.py'...
[9.586s] Compiling '/home/parallels/prog/ros2_4gewinnt/install/vier_gewinnt/local/lib/python3.10/dist-packages/vier_gewinnt/action/_rotate_absolute.py'...
[9.586s] Listing '/home/parallels/prog/ros2_4gewinnt/install/vier_gewinnt/local/lib/python3.10/dist-packages/vier_gewinnt/msg'...
[9.586s] Compiling '/home/parallels/prog/ros2_4gewinnt/install/vier_gewinnt/local/lib/python3.10/dist-packages/vier_gewinnt/msg/__init__.py'...
[9.587s] Compiling '/home/parallels/prog/ros2_4gewinnt/install/vier_gewinnt/local/lib/python3.10/dist-packages/vier_gewinnt/msg/_color.py'...
[9.587s] Compiling '/home/parallels/prog/ros2_4gewinnt/install/vier_gewinnt/local/lib/python3.10/dist-packages/vier_gewinnt/msg/_pose.py'...
[9.587s] Listing '/home/parallels/prog/ros2_4gewinnt/install/vier_gewinnt/local/lib/python3.10/dist-packages/vier_gewinnt/srv'...
[9.587s] Compiling '/home/parallels/prog/ros2_4gewinnt/install/vier_gewinnt/local/lib/python3.10/dist-packages/vier_gewinnt/srv/__init__.py'...
[9.587s] Compiling '/home/parallels/prog/ros2_4gewinnt/install/vier_gewinnt/local/lib/python3.10/dist-packages/vier_gewinnt/srv/_kill.py'...
[9.587s] Compiling '/home/parallels/prog/ros2_4gewinnt/install/vier_gewinnt/local/lib/python3.10/dist-packages/vier_gewinnt/srv/_set_pen.py'...
[9.587s] Compiling '/home/parallels/prog/ros2_4gewinnt/install/vier_gewinnt/local/lib/python3.10/dist-packages/vier_gewinnt/srv/_spawn.py'...
[9.587s] Compiling '/home/parallels/prog/ros2_4gewinnt/install/vier_gewinnt/local/lib/python3.10/dist-packages/vier_gewinnt/srv/_teleport_absolute.py'...
[9.587s] Compiling '/home/parallels/prog/ros2_4gewinnt/install/vier_gewinnt/local/lib/python3.10/dist-packages/vier_gewinnt/srv/_teleport_relative.py'...
[9.589s] -- Installing: /home/parallels/prog/ros2_4gewinnt/install/vier_gewinnt/local/lib/python3.10/dist-packages/vier_gewinnt/vier_gewinnt_s__rosidl_typesupport_fastrtps_c.cpython-310-aarch64-linux-gnu.so
[9.590s] -- Set runtime path of "/home/parallels/prog/ros2_4gewinnt/install/vier_gewinnt/local/lib/python3.10/dist-packages/vier_gewinnt/vier_gewinnt_s__rosidl_typesupport_fastrtps_c.cpython-310-aarch64-linux-gnu.so" to ""
[9.590s] -- Installing: /home/parallels/prog/ros2_4gewinnt/install/vier_gewinnt/local/lib/python3.10/dist-packages/vier_gewinnt/vier_gewinnt_s__rosidl_typesupport_introspection_c.cpython-310-aarch64-linux-gnu.so
[9.590s] -- Set runtime path of "/home/parallels/prog/ros2_4gewinnt/install/vier_gewinnt/local/lib/python3.10/dist-packages/vier_gewinnt/vier_gewinnt_s__rosidl_typesupport_introspection_c.cpython-310-aarch64-linux-gnu.so" to ""
[9.590s] -- Installing: /home/parallels/prog/ros2_4gewinnt/install/vier_gewinnt/local/lib/python3.10/dist-packages/vier_gewinnt/vier_gewinnt_s__rosidl_typesupport_c.cpython-310-aarch64-linux-gnu.so
[9.590s] -- Set runtime path of "/home/parallels/prog/ros2_4gewinnt/install/vier_gewinnt/local/lib/python3.10/dist-packages/vier_gewinnt/vier_gewinnt_s__rosidl_typesupport_c.cpython-310-aarch64-linux-gnu.so" to ""
[9.590s] -- Installing: /home/parallels/prog/ros2_4gewinnt/install/vier_gewinnt/lib/libvier_gewinnt__rosidl_generator_py.so
[9.590s] -- Set runtime path of "/home/parallels/prog/ros2_4gewinnt/install/vier_gewinnt/lib/libvier_gewinnt__rosidl_generator_py.so" to ""
[9.591s] -- Installing: /home/parallels/prog/ros2_4gewinnt/install/vier_gewinnt/share/vier_gewinnt/action/RotateAbsolute.idl
[9.592s] -- Installing: /home/parallels/prog/ros2_4gewinnt/install/vier_gewinnt/share/vier_gewinnt/msg/Color.idl
[9.592s] -- Installing: /home/parallels/prog/ros2_4gewinnt/install/vier_gewinnt/share/vier_gewinnt/msg/Pose.idl
[9.592s] -- Installing: /home/parallels/prog/ros2_4gewinnt/install/vier_gewinnt/share/vier_gewinnt/srv/Kill.idl
[9.593s] -- Installing: /home/parallels/prog/ros2_4gewinnt/install/vier_gewinnt/share/vier_gewinnt/srv/SetPen.idl
[9.593s] -- Installing: /home/parallels/prog/ros2_4gewinnt/install/vier_gewinnt/share/vier_gewinnt/srv/Spawn.idl
[9.593s] -- Installing: /home/parallels/prog/ros2_4gewinnt/install/vier_gewinnt/share/vier_gewinnt/srv/TeleportAbsolute.idl
[9.593s] -- Installing: /home/parallels/prog/ros2_4gewinnt/install/vier_gewinnt/share/vier_gewinnt/srv/TeleportRelative.idl
[9.593s] -- Installing: /home/parallels/prog/ros2_4gewinnt/install/vier_gewinnt/share/vier_gewinnt/action/RotateAbsolute.action
[9.593s] -- Installing: /home/parallels/prog/ros2_4gewinnt/install/vier_gewinnt/share/vier_gewinnt/msg/Color.msg
[9.593s] -- Installing: /home/parallels/prog/ros2_4gewinnt/install/vier_gewinnt/share/vier_gewinnt/msg/Pose.msg
[9.594s] -- Installing: /home/parallels/prog/ros2_4gewinnt/install/vier_gewinnt/share/vier_gewinnt/srv/Kill.srv
[9.594s] -- Installing: /home/parallels/prog/ros2_4gewinnt/install/vier_gewinnt/share/vier_gewinnt/srv/Kill_Request.msg
[9.594s] -- Installing: /home/parallels/prog/ros2_4gewinnt/install/vier_gewinnt/share/vier_gewinnt/srv/Kill_Response.msg
[9.594s] -- Installing: /home/parallels/prog/ros2_4gewinnt/install/vier_gewinnt/share/vier_gewinnt/srv/SetPen.srv
[9.595s] -- Installing: /home/parallels/prog/ros2_4gewinnt/install/vier_gewinnt/share/vier_gewinnt/srv/SetPen_Request.msg
[9.595s] -- Installing: /home/parallels/prog/ros2_4gewinnt/install/vier_gewinnt/share/vier_gewinnt/srv/SetPen_Response.msg
[9.595s] -- Installing: /home/parallels/prog/ros2_4gewinnt/install/vier_gewinnt/share/vier_gewinnt/srv/Spawn.srv
[9.595s] -- Installing: /home/parallels/prog/ros2_4gewinnt/install/vier_gewinnt/share/vier_gewinnt/srv/Spawn_Request.msg
[9.595s] -- Installing: /home/parallels/prog/ros2_4gewinnt/install/vier_gewinnt/share/vier_gewinnt/srv/Spawn_Response.msg
[9.595s] -- Installing: /home/parallels/prog/ros2_4gewinnt/install/vier_gewinnt/share/vier_gewinnt/srv/TeleportAbsolute.srv
[9.596s] -- Installing: /home/parallels/prog/ros2_4gewinnt/install/vier_gewinnt/share/vier_gewinnt/srv/TeleportAbsolute_Request.msg
[9.596s] -- Installing: /home/parallels/prog/ros2_4gewinnt/install/vier_gewinnt/share/vier_gewinnt/srv/TeleportAbsolute_Response.msg
[9.596s] -- Installing: /home/parallels/prog/ros2_4gewinnt/install/vier_gewinnt/share/vier_gewinnt/srv/TeleportRelative.srv
[9.596s] -- Installing: /home/parallels/prog/ros2_4gewinnt/install/vier_gewinnt/share/vier_gewinnt/srv/TeleportRelative_Request.msg
[9.596s] -- Installing: /home/parallels/prog/ros2_4gewinnt/install/vier_gewinnt/share/vier_gewinnt/srv/TeleportRelative_Response.msg
[9.597s] -- Installing: /home/parallels/prog/ros2_4gewinnt/install/vier_gewinnt/lib/vier_gewinnt/init
[9.597s] -- Installing: /home/parallels/prog/ros2_4gewinnt/install/vier_gewinnt/lib/vier_gewinnt/vier_gewinnt_node
[9.602s] -- Set runtime path of "/home/parallels/prog/ros2_4gewinnt/install/vier_gewinnt/lib/vier_gewinnt/vier_gewinnt_node" to ""
[9.602s] -- Installing: /home/parallels/prog/ros2_4gewinnt/install/vier_gewinnt/share/vier_gewinnt/images
[9.602s] -- Installing: /home/parallels/prog/ros2_4gewinnt/install/vier_gewinnt/share/vier_gewinnt/images/ardent.png
[9.603s] -- Installing: /home/parallels/prog/ros2_4gewinnt/install/vier_gewinnt/share/vier_gewinnt/images/oldImages
[9.603s] -- Installing: /home/parallels/prog/ros2_4gewinnt/install/vier_gewinnt/share/vier_gewinnt/images/oldImages/bouncy.png
[9.603s] -- Installing: /home/parallels/prog/ros2_4gewinnt/install/vier_gewinnt/share/vier_gewinnt/images/oldImages/eloquent.png
[9.603s] -- Installing: /home/parallels/prog/ros2_4gewinnt/install/vier_gewinnt/share/vier_gewinnt/images/oldImages/dashing.png
[9.603s] -- Installing: /home/parallels/prog/ros2_4gewinnt/install/vier_gewinnt/share/vier_gewinnt/images/oldImages/foxy.png
[9.604s] -- Installing: /home/parallels/prog/ros2_4gewinnt/install/vier_gewinnt/share/vier_gewinnt/images/oldImages/humble.png
[9.604s] -- Installing: /home/parallels/prog/ros2_4gewinnt/install/vier_gewinnt/share/vier_gewinnt/images/oldImages/galactic.png
[9.604s] -- Installing: /home/parallels/prog/ros2_4gewinnt/install/vier_gewinnt/share/vier_gewinnt/images/oldImages/rolling.png
[9.604s] -- Installing: /home/parallels/prog/ros2_4gewinnt/install/vier_gewinnt/share/vier_gewinnt/images/oldImages/crystal.png
[9.605s] [31mCMake Error at cmake_install.cmake:503 (file):
[9.605s]   file INSTALL cannot find
[9.605s]   "/home/parallels/prog/ros2_4gewinnt/vier_gewinnt/launch": No such file or
[9.605s]   directory.
[9.605s] 
[9.605s] [0m
[9.606s] Invoked command in '/home/parallels/prog/ros2_4gewinnt/build/vier_gewinnt' returned '1': CMAKE_PREFIX_PATH=/opt/ros/humble /usr/bin/cmake --install /home/parallels/prog/ros2_4gewinnt/build/vier_gewinnt
