[  1%] Built target vier_gewinnt__cpp
[ 11%] Built target vier_gewinnt__rosidl_generator_c
[ 13%] Built target init
[ 13%] Built target ament_cmake_python_copy_vier_gewinnt
[ 34%] Built target vier_gewinnt__rosidl_typesupport_c
[ 34%] Built target vier_gewinnt__rosidl_typesupport_introspection_c
[ 45%] Built target vier_gewinnt__rosidl_typesupport_fastrtps_c
[ 55%] Built target vier_gewinnt__rosidl_typesupport_introspection_cpp
[ 66%] Built target vier_gewinnt__rosidl_typesupport_cpp
[ 76%] Built target vier_gewinnt__rosidl_typesupport_fastrtps_cpp
[35m[1mConsolidate compiler generated dependencies of target vier_gewinnt_node[0m
[ 76%] Built target vier_gewinnt
[ 77%] Built target vier_gewinnt__py
[ 78%] [32mBuilding CXX object CMakeFiles/vier_gewinnt_node.dir/src/turtlesim.cpp.o[0m
[ 80%] [32mBuilding CXX object CMakeFiles/vier_gewinnt_node.dir/src/turtle.cpp.o[0m
[ 89%] Built target vier_gewinnt__rosidl_generator_py
[ 91%] Built target vier_gewinnt__rosidl_typesupport_fastrtps_c__pyext
[ 93%] Built target vier_gewinnt__rosidl_typesupport_introspection_c__pyext
running egg_info
writing vier_gewinnt.egg-info/PKG-INFO
writing dependency_links to vier_gewinnt.egg-info/dependency_links.txt
writing top-level names to vier_gewinnt.egg-info/top_level.txt
reading manifest file 'vier_gewinnt.egg-info/SOURCES.txt'
writing manifest file 'vier_gewinnt.egg-info/SOURCES.txt'
[ 95%] Built target vier_gewinnt__rosidl_typesupport_c__pyext
[ 95%] Built target ament_cmake_python_build_vier_gewinnt_egg
[ 96%] [32mBuilding CXX object CMakeFiles/vier_gewinnt_node.dir/src/turtle_frame.cpp.o[0m
[ 97%] [32mBuilding CXX object CMakeFiles/vier_gewinnt_node.dir/include/vier_gewinnt/moc_turtle_frame.cpp.o[0m
