-- The C compiler identification is GNU 11.3.0
-- The CXX compiler identification is GNU 11.3.0
-- Detecting C compiler ABI info
-- Detecting C compiler ABI info - done
-- Check for working C compiler: /usr/bin/cc - skipped
-- Detecting C compile features
-- Detecting C compile features - done
-- Detecting CXX compiler ABI info
-- Detecting CXX compiler ABI info - done
-- Check for working CXX compiler: /usr/bin/c++ - skipped
-- Detecting CXX compile features
-- Detecting CXX compile features - done
-- Found ament_cmake: 1.3.2 (/opt/ros/humble/share/ament_cmake/cmake)
-- Found Python3: /usr/bin/python3.10 (found version "3.10.6") found components: Interpreter 
-- Found ament_index_cpp: 1.4.0 (/opt/ros/humble/share/ament_index_cpp/cmake)
-- Found geometry_msgs: 4.2.2 (/opt/ros/humble/share/geometry_msgs/cmake)
-- Found rosidl_generator_c: 3.1.3 (/opt/ros/humble/share/rosidl_generator_c/cmake)
-- Found rosidl_adapter: 3.1.3 (/opt/ros/humble/share/rosidl_adapter/cmake)
-- Found rosidl_generator_cpp: 3.1.3 (/opt/ros/humble/share/rosidl_generator_cpp/cmake)
-- Using all available rosidl_typesupport_c: rosidl_typesupport_fastrtps_c;rosidl_typesupport_introspection_c
-- Using all available rosidl_typesupport_cpp: rosidl_typesupport_fastrtps_cpp;rosidl_typesupport_introspection_cpp
-- Found rclcpp: 16.0.1 (/opt/ros/humble/share/rclcpp/cmake)
-- Found rmw_implementation_cmake: 6.1.0 (/opt/ros/humble/share/rmw_implementation_cmake/cmake)
-- Found rmw_fastrtps_cpp: 6.2.1 (/opt/ros/humble/share/rmw_fastrtps_cpp/cmake)
-- Found OpenSSL: /usr/lib/aarch64-linux-gnu/libcrypto.so (found version "3.0.2")  
-- Found FastRTPS: /opt/ros/humble/include  
-- Using RMW implementation 'rmw_fastrtps_cpp' as default
-- Found rclcpp_action: 16.0.1 (/opt/ros/humble/share/rclcpp_action/cmake)
-- Found rosidl_default_generators: 1.2.0 (/opt/ros/humble/share/rosidl_default_generators/cmake)
-- Found std_srvs: 4.2.2 (/opt/ros/humble/share/std_srvs/cmake)
-- Found ament_cmake_ros: 0.10.0 (/opt/ros/humble/share/ament_cmake_ros/cmake)
-- Using all available rosidl_typesupport_c: rosidl_typesupport_fastrtps_c;rosidl_typesupport_introspection_c
-- Using all available rosidl_typesupport_cpp: rosidl_typesupport_fastrtps_cpp;rosidl_typesupport_introspection_cpp
-- Found PythonInterp: /usr/bin/python3 (found suitable version "3.10.6", minimum required is "3.6") 
-- Found python_cmake_module: 0.10.0 (/opt/ros/humble/share/python_cmake_module/cmake)
-- Found PythonLibs: /usr/lib/aarch64-linux-gnu/libpython3.10.so (found suitable version "3.10.6", minimum required is "3.5") 
-- Using PYTHON_EXECUTABLE: /usr/bin/python3
-- Using PYTHON_INCLUDE_DIRS: /usr/include/python3.10
-- Using PYTHON_LIBRARIES: /usr/lib/aarch64-linux-gnu/libpython3.10.so
-- Found PythonExtra: .so  
-- Configuring done
-- Generating done
-- Build files have been written to: /home/parallels/prog/ros2_4gewinnt/build/vier_gewinnt
[  1%] [34m[1mGenerating C code for ROS interfaces[0m
[  2%] [34m[1mGenerating C++ code for ROS interfaces[0m
[  3%] [32mBuilding CXX object CMakeFiles/init.dir/src/init.cpp.o[0m
[  3%] Built target ament_cmake_python_copy_vier_gewinnt
running egg_info
creating vier_gewinnt.egg-info
writing vier_gewinnt.egg-info/PKG-INFO
writing dependency_links to vier_gewinnt.egg-info/dependency_links.txt
writing top-level names to vier_gewinnt.egg-info/top_level.txt
writing manifest file 'vier_gewinnt.egg-info/SOURCES.txt'
reading manifest file 'vier_gewinnt.egg-info/SOURCES.txt'
writing manifest file 'vier_gewinnt.egg-info/SOURCES.txt'
[  4%] [32m[1mLinking CXX executable init[0m
[  4%] Built target ament_cmake_python_build_vier_gewinnt_egg
[  4%] Built target init
[  4%] Built target vier_gewinnt__cpp
[  5%] [34m[1mGenerating C++ type support dispatch for ROS interfaces[0m
[  6%] [34m[1mGenerating C++ type support for eProsima Fast-RTPS[0m
[  7%] [34m[1mGenerating C++ introspection for ROS interfaces[0m
[  8%] [32mBuilding C object CMakeFiles/vier_gewinnt__rosidl_generator_c.dir/rosidl_generator_c/vier_gewinnt/action/detail/rotate_absolute__functions.c.o[0m
[  9%] [32mBuilding C object CMakeFiles/vier_gewinnt__rosidl_generator_c.dir/rosidl_generator_c/vier_gewinnt/msg/detail/color__functions.c.o[0m
[ 10%] [32mBuilding C object CMakeFiles/vier_gewinnt__rosidl_generator_c.dir/rosidl_generator_c/vier_gewinnt/msg/detail/pose__functions.c.o[0m
[ 11%] [32mBuilding C object CMakeFiles/vier_gewinnt__rosidl_generator_c.dir/rosidl_generator_c/vier_gewinnt/srv/detail/kill__functions.c.o[0m
[ 12%] [32mBuilding C object CMakeFiles/vier_gewinnt__rosidl_generator_c.dir/rosidl_generator_c/vier_gewinnt/srv/detail/set_pen__functions.c.o[0m
[ 13%] [32mBuilding C object CMakeFiles/vier_gewinnt__rosidl_generator_c.dir/rosidl_generator_c/vier_gewinnt/srv/detail/spawn__functions.c.o[0m
[ 14%] [32mBuilding C object CMakeFiles/vier_gewinnt__rosidl_generator_c.dir/rosidl_generator_c/vier_gewinnt/srv/detail/teleport_absolute__functions.c.o[0m
[ 15%] [32mBuilding CXX object CMakeFiles/vier_gewinnt__rosidl_typesupport_cpp.dir/rosidl_typesupport_cpp/vier_gewinnt/action/rotate_absolute__type_support.cpp.o[0m
[ 16%] [32mBuilding C object CMakeFiles/vier_gewinnt__rosidl_generator_c.dir/rosidl_generator_c/vier_gewinnt/srv/detail/teleport_relative__functions.c.o[0m
[ 17%] [32m[1mLinking C shared library libvier_gewinnt__rosidl_generator_c.so[0m
[ 17%] Built target vier_gewinnt__rosidl_generator_c
[ 18%] [34m[1mGenerating C type support for eProsima Fast-RTPS[0m
[ 20%] [32mBuilding CXX object CMakeFiles/vier_gewinnt__rosidl_typesupport_introspection_cpp.dir/rosidl_typesupport_introspection_cpp/vier_gewinnt/action/detail/rotate_absolute__type_support.cpp.o[0m
[ 21%] [32mBuilding CXX object CMakeFiles/vier_gewinnt__rosidl_typesupport_fastrtps_cpp.dir/rosidl_typesupport_fastrtps_cpp/vier_gewinnt/action/detail/dds_fastrtps/rotate_absolute__type_support.cpp.o[0m
[ 22%] [32mBuilding CXX object CMakeFiles/vier_gewinnt__rosidl_typesupport_cpp.dir/rosidl_typesupport_cpp/vier_gewinnt/msg/color__type_support.cpp.o[0m
[ 23%] [32mBuilding CXX object CMakeFiles/vier_gewinnt__rosidl_typesupport_cpp.dir/rosidl_typesupport_cpp/vier_gewinnt/msg/pose__type_support.cpp.o[0m
[ 24%] [32mBuilding CXX object CMakeFiles/vier_gewinnt__rosidl_typesupport_introspection_cpp.dir/rosidl_typesupport_introspection_cpp/vier_gewinnt/msg/detail/color__type_support.cpp.o[0m
[ 25%] [32mBuilding CXX object CMakeFiles/vier_gewinnt__rosidl_typesupport_fastrtps_cpp.dir/rosidl_typesupport_fastrtps_cpp/vier_gewinnt/msg/detail/dds_fastrtps/color__type_support.cpp.o[0m
[ 26%] [32mBuilding CXX object CMakeFiles/vier_gewinnt__rosidl_typesupport_cpp.dir/rosidl_typesupport_cpp/vier_gewinnt/srv/kill__type_support.cpp.o[0m
[ 27%] [32mBuilding CXX object CMakeFiles/vier_gewinnt__rosidl_typesupport_fastrtps_c.dir/rosidl_typesupport_fastrtps_c/vier_gewinnt/action/detail/rotate_absolute__type_support_c.cpp.o[0m
[ 28%] [32mBuilding CXX object CMakeFiles/vier_gewinnt__rosidl_typesupport_introspection_cpp.dir/rosidl_typesupport_introspection_cpp/vier_gewinnt/msg/detail/pose__type_support.cpp.o[0m
[ 29%] [32mBuilding CXX object CMakeFiles/vier_gewinnt__rosidl_typesupport_cpp.dir/rosidl_typesupport_cpp/vier_gewinnt/srv/set_pen__type_support.cpp.o[0m
[ 30%] [32mBuilding CXX object CMakeFiles/vier_gewinnt__rosidl_typesupport_fastrtps_cpp.dir/rosidl_typesupport_fastrtps_cpp/vier_gewinnt/msg/detail/dds_fastrtps/pose__type_support.cpp.o[0m
[ 32%] [32mBuilding CXX object CMakeFiles/vier_gewinnt__rosidl_typesupport_fastrtps_c.dir/rosidl_typesupport_fastrtps_c/vier_gewinnt/msg/detail/color__type_support_c.cpp.o[0m
[ 32%] [32mBuilding CXX object CMakeFiles/vier_gewinnt__rosidl_typesupport_cpp.dir/rosidl_typesupport_cpp/vier_gewinnt/srv/spawn__type_support.cpp.o[0m
[ 33%] [32mBuilding CXX object CMakeFiles/vier_gewinnt__rosidl_typesupport_introspection_cpp.dir/rosidl_typesupport_introspection_cpp/vier_gewinnt/srv/detail/kill__type_support.cpp.o[0m
[ 34%] [32mBuilding CXX object CMakeFiles/vier_gewinnt__rosidl_typesupport_fastrtps_cpp.dir/rosidl_typesupport_fastrtps_cpp/vier_gewinnt/srv/detail/dds_fastrtps/kill__type_support.cpp.o[0m
[ 35%] [32mBuilding CXX object CMakeFiles/vier_gewinnt__rosidl_typesupport_cpp.dir/rosidl_typesupport_cpp/vier_gewinnt/srv/teleport_absolute__type_support.cpp.o[0m
[ 36%] [32mBuilding CXX object CMakeFiles/vier_gewinnt__rosidl_typesupport_fastrtps_c.dir/rosidl_typesupport_fastrtps_c/vier_gewinnt/msg/detail/pose__type_support_c.cpp.o[0m
[ 37%] [32mBuilding CXX object CMakeFiles/vier_gewinnt__rosidl_typesupport_introspection_cpp.dir/rosidl_typesupport_introspection_cpp/vier_gewinnt/srv/detail/set_pen__type_support.cpp.o[0m
[ 38%] [32mBuilding CXX object CMakeFiles/vier_gewinnt__rosidl_typesupport_cpp.dir/rosidl_typesupport_cpp/vier_gewinnt/srv/teleport_relative__type_support.cpp.o[0m
[ 40%] [32mBuilding CXX object CMakeFiles/vier_gewinnt__rosidl_typesupport_fastrtps_cpp.dir/rosidl_typesupport_fastrtps_cpp/vier_gewinnt/srv/detail/dds_fastrtps/set_pen__type_support.cpp.o[0m
[ 41%] [32mBuilding CXX object CMakeFiles/vier_gewinnt__rosidl_typesupport_fastrtps_c.dir/rosidl_typesupport_fastrtps_c/vier_gewinnt/srv/detail/kill__type_support_c.cpp.o[0m
[ 42%] [32m[1mLinking CXX shared library libvier_gewinnt__rosidl_typesupport_cpp.so[0m
[ 42%] Built target vier_gewinnt__rosidl_typesupport_cpp
[ 43%] [32mBuilding CXX object CMakeFiles/vier_gewinnt__rosidl_typesupport_introspection_cpp.dir/rosidl_typesupport_introspection_cpp/vier_gewinnt/srv/detail/spawn__type_support.cpp.o[0m
[ 44%] [34m[1mGenerating C introspection for ROS interfaces[0m
[ 45%] [32mBuilding CXX object CMakeFiles/vier_gewinnt__rosidl_typesupport_fastrtps_cpp.dir/rosidl_typesupport_fastrtps_cpp/vier_gewinnt/srv/detail/dds_fastrtps/spawn__type_support.cpp.o[0m
[ 46%] [32mBuilding CXX object CMakeFiles/vier_gewinnt__rosidl_typesupport_fastrtps_c.dir/rosidl_typesupport_fastrtps_c/vier_gewinnt/srv/detail/set_pen__type_support_c.cpp.o[0m
[ 47%] [32mBuilding CXX object CMakeFiles/vier_gewinnt__rosidl_typesupport_introspection_cpp.dir/rosidl_typesupport_introspection_cpp/vier_gewinnt/srv/detail/teleport_absolute__type_support.cpp.o[0m
[ 48%] [32mBuilding CXX object CMakeFiles/vier_gewinnt__rosidl_typesupport_fastrtps_c.dir/rosidl_typesupport_fastrtps_c/vier_gewinnt/srv/detail/spawn__type_support_c.cpp.o[0m
[ 49%] [32mBuilding CXX object CMakeFiles/vier_gewinnt__rosidl_typesupport_fastrtps_cpp.dir/rosidl_typesupport_fastrtps_cpp/vier_gewinnt/srv/detail/dds_fastrtps/teleport_absolute__type_support.cpp.o[0m
[ 50%] [32mBuilding CXX object CMakeFiles/vier_gewinnt__rosidl_typesupport_introspection_cpp.dir/rosidl_typesupport_introspection_cpp/vier_gewinnt/srv/detail/teleport_relative__type_support.cpp.o[0m
[ 51%] [32mBuilding CXX object CMakeFiles/vier_gewinnt__rosidl_typesupport_fastrtps_c.dir/rosidl_typesupport_fastrtps_c/vier_gewinnt/srv/detail/teleport_absolute__type_support_c.cpp.o[0m
[ 52%] [32mBuilding C object CMakeFiles/vier_gewinnt__rosidl_typesupport_introspection_c.dir/rosidl_typesupport_introspection_c/vier_gewinnt/action/detail/rotate_absolute__type_support.c.o[0m
[ 53%] [32mBuilding CXX object CMakeFiles/vier_gewinnt__rosidl_typesupport_fastrtps_cpp.dir/rosidl_typesupport_fastrtps_cpp/vier_gewinnt/srv/detail/dds_fastrtps/teleport_relative__type_support.cpp.o[0m
[ 54%] [32mBuilding C object CMakeFiles/vier_gewinnt__rosidl_typesupport_introspection_c.dir/rosidl_typesupport_introspection_c/vier_gewinnt/msg/detail/color__type_support.c.o[0m
[ 55%] [32mBuilding C object CMakeFiles/vier_gewinnt__rosidl_typesupport_introspection_c.dir/rosidl_typesupport_introspection_c/vier_gewinnt/msg/detail/pose__type_support.c.o[0m
[ 56%] [32mBuilding C object CMakeFiles/vier_gewinnt__rosidl_typesupport_introspection_c.dir/rosidl_typesupport_introspection_c/vier_gewinnt/srv/detail/kill__type_support.c.o[0m
[ 57%] [32mBuilding C object CMakeFiles/vier_gewinnt__rosidl_typesupport_introspection_c.dir/rosidl_typesupport_introspection_c/vier_gewinnt/srv/detail/set_pen__type_support.c.o[0m
[ 58%] [32m[1mLinking CXX shared library libvier_gewinnt__rosidl_typesupport_introspection_cpp.so[0m
[ 60%] [32mBuilding C object CMakeFiles/vier_gewinnt__rosidl_typesupport_introspection_c.dir/rosidl_typesupport_introspection_c/vier_gewinnt/srv/detail/spawn__type_support.c.o[0m
[ 61%] [32mBuilding CXX object CMakeFiles/vier_gewinnt__rosidl_typesupport_fastrtps_c.dir/rosidl_typesupport_fastrtps_c/vier_gewinnt/srv/detail/teleport_relative__type_support_c.cpp.o[0m
[ 62%] [32mBuilding C object CMakeFiles/vier_gewinnt__rosidl_typesupport_introspection_c.dir/rosidl_typesupport_introspection_c/vier_gewinnt/srv/detail/teleport_absolute__type_support.c.o[0m
[ 62%] Built target vier_gewinnt__rosidl_typesupport_introspection_cpp
[ 63%] [34m[1mGenerating C type support dispatch for ROS interfaces[0m
[ 64%] [32mBuilding C object CMakeFiles/vier_gewinnt__rosidl_typesupport_introspection_c.dir/rosidl_typesupport_introspection_c/vier_gewinnt/srv/detail/teleport_relative__type_support.c.o[0m
[ 65%] [32m[1mLinking C shared library libvier_gewinnt__rosidl_typesupport_introspection_c.so[0m
[ 66%] [32m[1mLinking CXX shared library libvier_gewinnt__rosidl_typesupport_fastrtps_cpp.so[0m
[ 66%] Built target vier_gewinnt__rosidl_typesupport_introspection_c
gmake[2]: *** Keine Regel vorhanden, um das Ziel „/home/parallels/prog/ros2_4gewinnt/vier_gewinnt/include/turtlesim/turtle_frame.h“, 
  benötigt von „include/turtlesim/moc_turtle_frame.cpp“, zu erstellen.  Schluss.
gmake[1]: *** [CMakeFiles/Makefile2:594: CMakeFiles/vier_gewinnt_node.dir/all] Fehler 2
gmake[1]: *** Auf noch nicht beendete Prozesse wird gewartet …
[ 66%] Built target vier_gewinnt__rosidl_typesupport_fastrtps_cpp
[ 67%] [32m[1mLinking CXX shared library libvier_gewinnt__rosidl_typesupport_fastrtps_c.so[0m
[ 67%] Built target vier_gewinnt__rosidl_typesupport_fastrtps_c
[ 68%] [32mBuilding CXX object CMakeFiles/vier_gewinnt__rosidl_typesupport_c.dir/rosidl_typesupport_c/vier_gewinnt/msg/color__type_support.cpp.o[0m
[ 69%] [32mBuilding CXX object CMakeFiles/vier_gewinnt__rosidl_typesupport_c.dir/rosidl_typesupport_c/vier_gewinnt/msg/pose__type_support.cpp.o[0m
[ 70%] [32mBuilding CXX object CMakeFiles/vier_gewinnt__rosidl_typesupport_c.dir/rosidl_typesupport_c/vier_gewinnt/action/rotate_absolute__type_support.cpp.o[0m
[ 71%] [32mBuilding CXX object CMakeFiles/vier_gewinnt__rosidl_typesupport_c.dir/rosidl_typesupport_c/vier_gewinnt/srv/kill__type_support.cpp.o[0m
[ 72%] [32mBuilding CXX object CMakeFiles/vier_gewinnt__rosidl_typesupport_c.dir/rosidl_typesupport_c/vier_gewinnt/srv/set_pen__type_support.cpp.o[0m
[ 73%] [32mBuilding CXX object CMakeFiles/vier_gewinnt__rosidl_typesupport_c.dir/rosidl_typesupport_c/vier_gewinnt/srv/spawn__type_support.cpp.o[0m
[ 74%] [32mBuilding CXX object CMakeFiles/vier_gewinnt__rosidl_typesupport_c.dir/rosidl_typesupport_c/vier_gewinnt/srv/teleport_absolute__type_support.cpp.o[0m
[ 75%] [32mBuilding CXX object CMakeFiles/vier_gewinnt__rosidl_typesupport_c.dir/rosidl_typesupport_c/vier_gewinnt/srv/teleport_relative__type_support.cpp.o[0m
[ 76%] [32m[1mLinking CXX shared library libvier_gewinnt__rosidl_typesupport_c.so[0m
[ 76%] Built target vier_gewinnt__rosidl_typesupport_c
gmake: *** [Makefile:146: all] Fehler 2
