[0.007s] Invoking command in '/home/parallels/prog/ros2_4gewinnt/build/vier_gewinnt': CMAKE_PREFIX_PATH=/opt/ros/humble /usr/bin/cmake /home/parallels/prog/ros2_4gewinnt/vier_gewinnt -DCMAKE_INSTALL_PREFIX=/home/parallels/prog/ros2_4gewinnt/install/vier_gewinnt
[0.047s] -- The C compiler identification is GNU 11.3.0
[0.084s] -- The CXX compiler identification is GNU 11.3.0
[0.088s] -- Detecting C compiler ABI info
[0.135s] -- Detecting C compiler ABI info - done
[0.140s] -- Check for working C compiler: /usr/bin/cc - skipped
[0.140s] -- Detecting C compile features
[0.140s] -- Detecting C compile features - done
[0.142s] -- Detecting CXX compiler ABI info
[0.195s] -- Detecting CXX compiler ABI info - done
[0.200s] -- Check for working CXX compiler: /usr/bin/c++ - skipped
[0.200s] -- Detecting CXX compile features
[0.200s] -- Detecting CXX compile features - done
[0.201s] -- Found ament_cmake: 1.3.2 (/opt/ros/humble/share/ament_cmake/cmake)
[0.297s] -- Found Python3: /usr/bin/python3.10 (found version "3.10.6") found components: Interpreter 
[0.342s] -- Found ament_index_cpp: 1.4.0 (/opt/ros/humble/share/ament_index_cpp/cmake)
[0.343s] -- Found geometry_msgs: 4.2.2 (/opt/ros/humble/share/geometry_msgs/cmake)
[0.366s] -- Found rosidl_generator_c: 3.1.3 (/opt/ros/humble/share/rosidl_generator_c/cmake)
[0.368s] -- Found rosidl_adapter: 3.1.3 (/opt/ros/humble/share/rosidl_adapter/cmake)
[0.374s] -- Found rosidl_generator_cpp: 3.1.3 (/opt/ros/humble/share/rosidl_generator_cpp/cmake)
[0.382s] -- Using all available rosidl_typesupport_c: rosidl_typesupport_fastrtps_c;rosidl_typesupport_introspection_c
[0.394s] -- Using all available rosidl_typesupport_cpp: rosidl_typesupport_fastrtps_cpp;rosidl_typesupport_introspection_cpp
[0.487s] -- Found rclcpp: 16.0.1 (/opt/ros/humble/share/rclcpp/cmake)
[0.524s] -- Found rmw_implementation_cmake: 6.1.0 (/opt/ros/humble/share/rmw_implementation_cmake/cmake)
[0.525s] -- Found rmw_fastrtps_cpp: 6.2.1 (/opt/ros/humble/share/rmw_fastrtps_cpp/cmake)
[0.586s] -- Found OpenSSL: /usr/lib/aarch64-linux-gnu/libcrypto.so (found version "3.0.2")  
[0.603s] -- Found FastRTPS: /opt/ros/humble/include  
[0.634s] -- Using RMW implementation 'rmw_fastrtps_cpp' as default
[0.729s] -- Found rclcpp_action: 16.0.1 (/opt/ros/humble/share/rclcpp_action/cmake)
[0.798s] -- Found rosidl_default_generators: 1.2.0 (/opt/ros/humble/share/rosidl_default_generators/cmake)
[0.803s] -- Found std_srvs: 4.2.2 (/opt/ros/humble/share/std_srvs/cmake)
[0.980s] -- Found ament_cmake_ros: 0.10.0 (/opt/ros/humble/share/ament_cmake_ros/cmake)
[1.161s] -- Using all available rosidl_typesupport_c: rosidl_typesupport_fastrtps_c;rosidl_typesupport_introspection_c
[1.228s] -- Using all available rosidl_typesupport_cpp: rosidl_typesupport_fastrtps_cpp;rosidl_typesupport_introspection_cpp
[1.242s] -- Found PythonInterp: /usr/bin/python3 (found suitable version "3.10.6", minimum required is "3.6") 
[1.243s] -- Found python_cmake_module: 0.10.0 (/opt/ros/humble/share/python_cmake_module/cmake)
[1.259s] -- Found PythonLibs: /usr/lib/aarch64-linux-gnu/libpython3.10.so (found suitable version "3.10.6", minimum required is "3.5") 
[1.259s] -- Using PYTHON_EXECUTABLE: /usr/bin/python3
[1.259s] -- Using PYTHON_INCLUDE_DIRS: /usr/include/python3.10
[1.259s] -- Using PYTHON_LIBRARIES: /usr/lib/aarch64-linux-gnu/libpython3.10.so
[1.271s] -- Found PythonExtra: .so  
[1.298s] -- Configuring done
[1.328s] -- Generating done
[1.330s] -- Build files have been written to: /home/parallels/prog/ros2_4gewinnt/build/vier_gewinnt
[1.337s] Invoked command in '/home/parallels/prog/ros2_4gewinnt/build/vier_gewinnt' returned '0': CMAKE_PREFIX_PATH=/opt/ros/humble /usr/bin/cmake /home/parallels/prog/ros2_4gewinnt/vier_gewinnt -DCMAKE_INSTALL_PREFIX=/home/parallels/prog/ros2_4gewinnt/install/vier_gewinnt
[1.338s] Invoking command in '/home/parallels/prog/ros2_4gewinnt/build/vier_gewinnt': CMAKE_PREFIX_PATH=/opt/ros/humble /usr/bin/cmake --build /home/parallels/prog/ros2_4gewinnt/build/vier_gewinnt -- -j4 -l4
[1.373s] [  1%] [34m[1mGenerating C code for ROS interfaces[0m
[1.381s] [  2%] [34m[1mGenerating C++ code for ROS interfaces[0m
[1.383s] [  3%] [32mBuilding CXX object CMakeFiles/init.dir/src/init.cpp.o[0m
[1.405s] [  3%] Built target ament_cmake_python_copy_vier_gewinnt
[1.529s] running egg_info
[1.529s] creating vier_gewinnt.egg-info
[1.529s] writing vier_gewinnt.egg-info/PKG-INFO
[1.530s] writing dependency_links to vier_gewinnt.egg-info/dependency_links.txt
[1.530s] writing top-level names to vier_gewinnt.egg-info/top_level.txt
[1.530s] writing manifest file 'vier_gewinnt.egg-info/SOURCES.txt'
[1.531s] reading manifest file 'vier_gewinnt.egg-info/SOURCES.txt'
[1.531s] writing manifest file 'vier_gewinnt.egg-info/SOURCES.txt'
[1.544s] [  4%] [32m[1mLinking CXX executable init[0m
[1.548s] [  4%] Built target ament_cmake_python_build_vier_gewinnt_egg
[1.588s] [  4%] Built target init
[1.951s] [  4%] Built target vier_gewinnt__cpp
[1.959s] [  5%] [34m[1mGenerating C++ type support dispatch for ROS interfaces[0m
[1.966s] [  6%] [34m[1mGenerating C++ type support for eProsima Fast-RTPS[0m
[1.967s] [  7%] [34m[1mGenerating C++ introspection for ROS interfaces[0m
[1.981s] [  8%] [32mBuilding C object CMakeFiles/vier_gewinnt__rosidl_generator_c.dir/rosidl_generator_c/vier_gewinnt/action/detail/rotate_absolute__functions.c.o[0m
[2.070s] [  9%] [32mBuilding C object CMakeFiles/vier_gewinnt__rosidl_generator_c.dir/rosidl_generator_c/vier_gewinnt/msg/detail/color__functions.c.o[0m
[2.104s] [ 10%] [32mBuilding C object CMakeFiles/vier_gewinnt__rosidl_generator_c.dir/rosidl_generator_c/vier_gewinnt/msg/detail/pose__functions.c.o[0m
[2.138s] [ 11%] [32mBuilding C object CMakeFiles/vier_gewinnt__rosidl_generator_c.dir/rosidl_generator_c/vier_gewinnt/srv/detail/kill__functions.c.o[0m
[2.179s] [ 12%] [32mBuilding C object CMakeFiles/vier_gewinnt__rosidl_generator_c.dir/rosidl_generator_c/vier_gewinnt/srv/detail/set_pen__functions.c.o[0m
[2.220s] [ 13%] [32mBuilding C object CMakeFiles/vier_gewinnt__rosidl_generator_c.dir/rosidl_generator_c/vier_gewinnt/srv/detail/spawn__functions.c.o[0m
[2.264s] [ 14%] [32mBuilding C object CMakeFiles/vier_gewinnt__rosidl_generator_c.dir/rosidl_generator_c/vier_gewinnt/srv/detail/teleport_absolute__functions.c.o[0m
[2.296s] [ 15%] [32mBuilding CXX object CMakeFiles/vier_gewinnt__rosidl_typesupport_cpp.dir/rosidl_typesupport_cpp/vier_gewinnt/action/rotate_absolute__type_support.cpp.o[0m
[2.313s] [ 16%] [32mBuilding C object CMakeFiles/vier_gewinnt__rosidl_generator_c.dir/rosidl_generator_c/vier_gewinnt/srv/detail/teleport_relative__functions.c.o[0m
[2.354s] [ 17%] [32m[1mLinking C shared library libvier_gewinnt__rosidl_generator_c.so[0m
[2.381s] [ 17%] Built target vier_gewinnt__rosidl_generator_c
[2.390s] [ 18%] [34m[1mGenerating C type support for eProsima Fast-RTPS[0m
[2.452s] [ 20%] [32mBuilding CXX object CMakeFiles/vier_gewinnt__rosidl_typesupport_introspection_cpp.dir/rosidl_typesupport_introspection_cpp/vier_gewinnt/action/detail/rotate_absolute__type_support.cpp.o[0m
[2.494s] [ 21%] [32mBuilding CXX object CMakeFiles/vier_gewinnt__rosidl_typesupport_fastrtps_cpp.dir/rosidl_typesupport_fastrtps_cpp/vier_gewinnt/action/detail/dds_fastrtps/rotate_absolute__type_support.cpp.o[0m
[2.540s] [ 22%] [32mBuilding CXX object CMakeFiles/vier_gewinnt__rosidl_typesupport_cpp.dir/rosidl_typesupport_cpp/vier_gewinnt/msg/color__type_support.cpp.o[0m
[2.682s] [ 23%] [32mBuilding CXX object CMakeFiles/vier_gewinnt__rosidl_typesupport_cpp.dir/rosidl_typesupport_cpp/vier_gewinnt/msg/pose__type_support.cpp.o[0m
[2.757s] [ 24%] [32mBuilding CXX object CMakeFiles/vier_gewinnt__rosidl_typesupport_introspection_cpp.dir/rosidl_typesupport_introspection_cpp/vier_gewinnt/msg/detail/color__type_support.cpp.o[0m
[2.798s] [ 25%] [32mBuilding CXX object CMakeFiles/vier_gewinnt__rosidl_typesupport_fastrtps_cpp.dir/rosidl_typesupport_fastrtps_cpp/vier_gewinnt/msg/detail/dds_fastrtps/color__type_support.cpp.o[0m
[2.830s] [ 26%] [32mBuilding CXX object CMakeFiles/vier_gewinnt__rosidl_typesupport_cpp.dir/rosidl_typesupport_cpp/vier_gewinnt/srv/kill__type_support.cpp.o[0m
[2.889s] [ 27%] [32mBuilding CXX object CMakeFiles/vier_gewinnt__rosidl_typesupport_fastrtps_c.dir/rosidl_typesupport_fastrtps_c/vier_gewinnt/action/detail/rotate_absolute__type_support_c.cpp.o[0m
[2.954s] [ 28%] [32mBuilding CXX object CMakeFiles/vier_gewinnt__rosidl_typesupport_introspection_cpp.dir/rosidl_typesupport_introspection_cpp/vier_gewinnt/msg/detail/pose__type_support.cpp.o[0m
[2.969s] [ 29%] [32mBuilding CXX object CMakeFiles/vier_gewinnt__rosidl_typesupport_cpp.dir/rosidl_typesupport_cpp/vier_gewinnt/srv/set_pen__type_support.cpp.o[0m
[3.007s] [ 30%] [32mBuilding CXX object CMakeFiles/vier_gewinnt__rosidl_typesupport_fastrtps_cpp.dir/rosidl_typesupport_fastrtps_cpp/vier_gewinnt/msg/detail/dds_fastrtps/pose__type_support.cpp.o[0m
[3.107s] [ 32%] [32mBuilding CXX object CMakeFiles/vier_gewinnt__rosidl_typesupport_fastrtps_c.dir/rosidl_typesupport_fastrtps_c/vier_gewinnt/msg/detail/color__type_support_c.cpp.o[0m
[3.107s] [ 32%] [32mBuilding CXX object CMakeFiles/vier_gewinnt__rosidl_typesupport_cpp.dir/rosidl_typesupport_cpp/vier_gewinnt/srv/spawn__type_support.cpp.o[0m
[3.155s] [ 33%] [32mBuilding CXX object CMakeFiles/vier_gewinnt__rosidl_typesupport_introspection_cpp.dir/rosidl_typesupport_introspection_cpp/vier_gewinnt/srv/detail/kill__type_support.cpp.o[0m
[3.206s] [ 34%] [32mBuilding CXX object CMakeFiles/vier_gewinnt__rosidl_typesupport_fastrtps_cpp.dir/rosidl_typesupport_fastrtps_cpp/vier_gewinnt/srv/detail/dds_fastrtps/kill__type_support.cpp.o[0m
[3.253s] [ 35%] [32mBuilding CXX object CMakeFiles/vier_gewinnt__rosidl_typesupport_cpp.dir/rosidl_typesupport_cpp/vier_gewinnt/srv/teleport_absolute__type_support.cpp.o[0m
[3.286s] [ 36%] [32mBuilding CXX object CMakeFiles/vier_gewinnt__rosidl_typesupport_fastrtps_c.dir/rosidl_typesupport_fastrtps_c/vier_gewinnt/msg/detail/pose__type_support_c.cpp.o[0m
[3.361s] [ 37%] [32mBuilding CXX object CMakeFiles/vier_gewinnt__rosidl_typesupport_introspection_cpp.dir/rosidl_typesupport_introspection_cpp/vier_gewinnt/srv/detail/set_pen__type_support.cpp.o[0m
[3.401s] [ 38%] [32mBuilding CXX object CMakeFiles/vier_gewinnt__rosidl_typesupport_cpp.dir/rosidl_typesupport_cpp/vier_gewinnt/srv/teleport_relative__type_support.cpp.o[0m
[3.422s] [ 40%] [32mBuilding CXX object CMakeFiles/vier_gewinnt__rosidl_typesupport_fastrtps_cpp.dir/rosidl_typesupport_fastrtps_cpp/vier_gewinnt/srv/detail/dds_fastrtps/set_pen__type_support.cpp.o[0m
[3.463s] [ 41%] [32mBuilding CXX object CMakeFiles/vier_gewinnt__rosidl_typesupport_fastrtps_c.dir/rosidl_typesupport_fastrtps_c/vier_gewinnt/srv/detail/kill__type_support_c.cpp.o[0m
[3.549s] [ 42%] [32m[1mLinking CXX shared library libvier_gewinnt__rosidl_typesupport_cpp.so[0m
[3.580s] [ 42%] Built target vier_gewinnt__rosidl_typesupport_cpp
[3.586s] [ 43%] [32mBuilding CXX object CMakeFiles/vier_gewinnt__rosidl_typesupport_introspection_cpp.dir/rosidl_typesupport_introspection_cpp/vier_gewinnt/srv/detail/spawn__type_support.cpp.o[0m
[3.588s] [ 44%] [34m[1mGenerating C introspection for ROS interfaces[0m
[3.641s] [ 45%] [32mBuilding CXX object CMakeFiles/vier_gewinnt__rosidl_typesupport_fastrtps_cpp.dir/rosidl_typesupport_fastrtps_cpp/vier_gewinnt/srv/detail/dds_fastrtps/spawn__type_support.cpp.o[0m
[3.648s] [ 46%] [32mBuilding CXX object CMakeFiles/vier_gewinnt__rosidl_typesupport_fastrtps_c.dir/rosidl_typesupport_fastrtps_c/vier_gewinnt/srv/detail/set_pen__type_support_c.cpp.o[0m
[3.797s] [ 47%] [32mBuilding CXX object CMakeFiles/vier_gewinnt__rosidl_typesupport_introspection_cpp.dir/rosidl_typesupport_introspection_cpp/vier_gewinnt/srv/detail/teleport_absolute__type_support.cpp.o[0m
[3.831s] [ 48%] [32mBuilding CXX object CMakeFiles/vier_gewinnt__rosidl_typesupport_fastrtps_c.dir/rosidl_typesupport_fastrtps_c/vier_gewinnt/srv/detail/spawn__type_support_c.cpp.o[0m
[3.855s] [ 49%] [32mBuilding CXX object CMakeFiles/vier_gewinnt__rosidl_typesupport_fastrtps_cpp.dir/rosidl_typesupport_fastrtps_cpp/vier_gewinnt/srv/detail/dds_fastrtps/teleport_absolute__type_support.cpp.o[0m
[3.993s] [ 50%] [32mBuilding CXX object CMakeFiles/vier_gewinnt__rosidl_typesupport_introspection_cpp.dir/rosidl_typesupport_introspection_cpp/vier_gewinnt/srv/detail/teleport_relative__type_support.cpp.o[0m
[4.023s] [ 51%] [32mBuilding CXX object CMakeFiles/vier_gewinnt__rosidl_typesupport_fastrtps_c.dir/rosidl_typesupport_fastrtps_c/vier_gewinnt/srv/detail/teleport_absolute__type_support_c.cpp.o[0m
[4.062s] [ 52%] [32mBuilding C object CMakeFiles/vier_gewinnt__rosidl_typesupport_introspection_c.dir/rosidl_typesupport_introspection_c/vier_gewinnt/action/detail/rotate_absolute__type_support.c.o[0m
[4.083s] [ 53%] [32mBuilding CXX object CMakeFiles/vier_gewinnt__rosidl_typesupport_fastrtps_cpp.dir/rosidl_typesupport_fastrtps_cpp/vier_gewinnt/srv/detail/dds_fastrtps/teleport_relative__type_support.cpp.o[0m
[4.094s] [ 54%] [32mBuilding C object CMakeFiles/vier_gewinnt__rosidl_typesupport_introspection_c.dir/rosidl_typesupport_introspection_c/vier_gewinnt/msg/detail/color__type_support.c.o[0m
[4.120s] [ 55%] [32mBuilding C object CMakeFiles/vier_gewinnt__rosidl_typesupport_introspection_c.dir/rosidl_typesupport_introspection_c/vier_gewinnt/msg/detail/pose__type_support.c.o[0m
[4.146s] [ 56%] [32mBuilding C object CMakeFiles/vier_gewinnt__rosidl_typesupport_introspection_c.dir/rosidl_typesupport_introspection_c/vier_gewinnt/srv/detail/kill__type_support.c.o[0m
[4.173s] [ 57%] [32mBuilding C object CMakeFiles/vier_gewinnt__rosidl_typesupport_introspection_c.dir/rosidl_typesupport_introspection_c/vier_gewinnt/srv/detail/set_pen__type_support.c.o[0m
[4.196s] [ 58%] [32m[1mLinking CXX shared library libvier_gewinnt__rosidl_typesupport_introspection_cpp.so[0m
[4.200s] [ 60%] [32mBuilding C object CMakeFiles/vier_gewinnt__rosidl_typesupport_introspection_c.dir/rosidl_typesupport_introspection_c/vier_gewinnt/srv/detail/spawn__type_support.c.o[0m
[4.212s] [ 61%] [32mBuilding CXX object CMakeFiles/vier_gewinnt__rosidl_typesupport_fastrtps_c.dir/rosidl_typesupport_fastrtps_c/vier_gewinnt/srv/detail/teleport_relative__type_support_c.cpp.o[0m
[4.229s] [ 62%] [32mBuilding C object CMakeFiles/vier_gewinnt__rosidl_typesupport_introspection_c.dir/rosidl_typesupport_introspection_c/vier_gewinnt/srv/detail/teleport_absolute__type_support.c.o[0m
[4.241s] [ 62%] Built target vier_gewinnt__rosidl_typesupport_introspection_cpp
[4.249s] [ 63%] [34m[1mGenerating C type support dispatch for ROS interfaces[0m
[4.260s] [ 64%] [32mBuilding C object CMakeFiles/vier_gewinnt__rosidl_typesupport_introspection_c.dir/rosidl_typesupport_introspection_c/vier_gewinnt/srv/detail/teleport_relative__type_support.c.o[0m
[4.288s] [ 65%] [32m[1mLinking C shared library libvier_gewinnt__rosidl_typesupport_introspection_c.so[0m
[4.303s] [ 66%] [32m[1mLinking CXX shared library libvier_gewinnt__rosidl_typesupport_fastrtps_cpp.so[0m
[4.311s] [ 66%] Built target vier_gewinnt__rosidl_typesupport_introspection_c
[4.313s] gmake[2]: *** Keine Regel vorhanden, um das Ziel „/home/parallels/prog/ros2_4gewinnt/vier_gewinnt/include/turtlesim/turtle_frame.h“, 
[4.313s]   benötigt von „include/turtlesim/moc_turtle_frame.cpp“, zu erstellen.  Schluss.
[4.313s] gmake[1]: *** [CMakeFiles/Makefile2:594: CMakeFiles/vier_gewinnt_node.dir/all] Fehler 2
[4.313s] gmake[1]: *** Auf noch nicht beendete Prozesse wird gewartet …
[4.346s] [ 66%] Built target vier_gewinnt__rosidl_typesupport_fastrtps_cpp
[4.399s] [ 67%] [32m[1mLinking CXX shared library libvier_gewinnt__rosidl_typesupport_fastrtps_c.so[0m
[4.441s] [ 67%] Built target vier_gewinnt__rosidl_typesupport_fastrtps_c
[4.531s] [ 68%] [32mBuilding CXX object CMakeFiles/vier_gewinnt__rosidl_typesupport_c.dir/rosidl_typesupport_c/vier_gewinnt/msg/color__type_support.cpp.o[0m
[4.531s] [ 69%] [32mBuilding CXX object CMakeFiles/vier_gewinnt__rosidl_typesupport_c.dir/rosidl_typesupport_c/vier_gewinnt/msg/pose__type_support.cpp.o[0m
[4.531s] [ 70%] [32mBuilding CXX object CMakeFiles/vier_gewinnt__rosidl_typesupport_c.dir/rosidl_typesupport_c/vier_gewinnt/action/rotate_absolute__type_support.cpp.o[0m
[4.533s] [ 71%] [32mBuilding CXX object CMakeFiles/vier_gewinnt__rosidl_typesupport_c.dir/rosidl_typesupport_c/vier_gewinnt/srv/kill__type_support.cpp.o[0m
[4.557s] [ 72%] [32mBuilding CXX object CMakeFiles/vier_gewinnt__rosidl_typesupport_c.dir/rosidl_typesupport_c/vier_gewinnt/srv/set_pen__type_support.cpp.o[0m
[4.558s] [ 73%] [32mBuilding CXX object CMakeFiles/vier_gewinnt__rosidl_typesupport_c.dir/rosidl_typesupport_c/vier_gewinnt/srv/spawn__type_support.cpp.o[0m
[4.559s] [ 74%] [32mBuilding CXX object CMakeFiles/vier_gewinnt__rosidl_typesupport_c.dir/rosidl_typesupport_c/vier_gewinnt/srv/teleport_absolute__type_support.cpp.o[0m
[4.570s] [ 75%] [32mBuilding CXX object CMakeFiles/vier_gewinnt__rosidl_typesupport_c.dir/rosidl_typesupport_c/vier_gewinnt/srv/teleport_relative__type_support.cpp.o[0m
[4.596s] [ 76%] [32m[1mLinking CXX shared library libvier_gewinnt__rosidl_typesupport_c.so[0m
[4.624s] [ 76%] Built target vier_gewinnt__rosidl_typesupport_c
[4.625s] gmake: *** [Makefile:146: all] Fehler 2
[4.627s] Invoked command in '/home/parallels/prog/ros2_4gewinnt/build/vier_gewinnt' returned '2': CMAKE_PREFIX_PATH=/opt/ros/humble /usr/bin/cmake --build /home/parallels/prog/ros2_4gewinnt/build/vier_gewinnt -- -j4 -l4
