[0.008s] Invoking command in '/home/parallels/prog/ros2_4gewinnt/build/vier_gewinnt': CMAKE_PREFIX_PATH=${CMAKE_PREFIX_PATH}:/opt/ros/humble /usr/bin/cmake --build /home/parallels/prog/ros2_4gewinnt/build/vier_gewinnt -- -j4 -l4
[0.052s] [  1%] Built target vier_gewinnt__cpp
[0.057s] [ 11%] Built target vier_gewinnt__rosidl_generator_c
[0.059s] [ 13%] Built target init
[0.065s] [ 13%] Built target ament_cmake_python_copy_vier_gewinnt
[0.075s] [ 24%] Built target vier_gewinnt__rosidl_typesupport_cpp
[0.079s] [ 34%] Built target vier_gewinnt__rosidl_typesupport_fastrtps_cpp
[0.085s] [ 49%] Built target vier_gewinnt__rosidl_typesupport_introspection_c
[0.085s] [ 55%] Built target vier_gewinnt__rosidl_typesupport_c
[0.096s] [ 66%] Built target vier_gewinnt__rosidl_typesupport_introspection_cpp
[0.111s] [ 67%] [32mBuilding CXX object CMakeFiles/vier_gewinnt_node.dir/src/turtle_frame.cpp.o[0m
[0.119s] [ 77%] Built target vier_gewinnt__rosidl_typesupport_fastrtps_c
[0.136s] [ 77%] Built target vier_gewinnt
[0.154s] [ 78%] Built target vier_gewinnt__py
[0.175s] [ 88%] Built target vier_gewinnt__rosidl_generator_py
[0.196s] [ 90%] Built target vier_gewinnt__rosidl_typesupport_introspection_c__pyext
[0.196s] [ 92%] Built target vier_gewinnt__rosidl_typesupport_fastrtps_c__pyext
[0.214s] [ 94%] Built target vier_gewinnt__rosidl_typesupport_c__pyext
[0.217s] running egg_info
[0.217s] writing vier_gewinnt.egg-info/PKG-INFO
[0.217s] writing dependency_links to vier_gewinnt.egg-info/dependency_links.txt
[0.217s] writing top-level names to vier_gewinnt.egg-info/top_level.txt
[0.218s] reading manifest file 'vier_gewinnt.egg-info/SOURCES.txt'
[0.219s] writing manifest file 'vier_gewinnt.egg-info/SOURCES.txt'
[0.237s] [ 94%] Built target ament_cmake_python_build_vier_gewinnt_egg
[6.326s] [ 95%] [32m[1mLinking CXX executable vier_gewinnt_node[0m
[7.608s] [100%] Built target vier_gewinnt_node
[7.617s] Invoked command in '/home/parallels/prog/ros2_4gewinnt/build/vier_gewinnt' returned '0': CMAKE_PREFIX_PATH=${CMAKE_PREFIX_PATH}:/opt/ros/humble /usr/bin/cmake --build /home/parallels/prog/ros2_4gewinnt/build/vier_gewinnt -- -j4 -l4
[7.772s] Invoking command in '/home/parallels/prog/ros2_4gewinnt/build/vier_gewinnt': CMAKE_PREFIX_PATH=${CMAKE_PREFIX_PATH}:/opt/ros/humble /usr/bin/cmake --install /home/parallels/prog/ros2_4gewinnt/build/vier_gewinnt
[7.778s] -- Install configuration: ""
[7.778s] -- Up-to-date: /home/parallels/prog/ros2_4gewinnt/install/vier_gewinnt/share/ament_index/resource_index/rosidl_interfaces/vier_gewinnt
[7.778s] -- Up-to-date: /home/parallels/prog/ros2_4gewinnt/install/vier_gewinnt/include/vier_gewinnt/vier_gewinnt
[7.779s] -- Up-to-date: /home/parallels/prog/ros2_4gewinnt/install/vier_gewinnt/include/vier_gewinnt/vier_gewinnt/msg
[7.779s] -- Up-to-date: /home/parallels/prog/ros2_4gewinnt/install/vier_gewinnt/include/vier_gewinnt/vier_gewinnt/msg/rosidl_generator_c__visibility_control.h
[7.779s] -- Up-to-date: /home/parallels/prog/ros2_4gewinnt/install/vier_gewinnt/include/vier_gewinnt/vier_gewinnt/msg/detail
[7.779s] -- Up-to-date: /home/parallels/prog/ros2_4gewinnt/install/vier_gewinnt/include/vier_gewinnt/vier_gewinnt/msg/detail/color__type_support.h
[7.779s] -- Up-to-date: /home/parallels/prog/ros2_4gewinnt/install/vier_gewinnt/include/vier_gewinnt/vier_gewinnt/msg/detail/pose__functions.c
[7.779s] -- Up-to-date: /home/parallels/prog/ros2_4gewinnt/install/vier_gewinnt/include/vier_gewinnt/vier_gewinnt/msg/detail/pose__functions.h
[7.779s] -- Up-to-date: /home/parallels/prog/ros2_4gewinnt/install/vier_gewinnt/include/vier_gewinnt/vier_gewinnt/msg/detail/color__struct.h
[7.779s] -- Up-to-date: /home/parallels/prog/ros2_4gewinnt/install/vier_gewinnt/include/vier_gewinnt/vier_gewinnt/msg/detail/color__functions.c
[7.779s] -- Up-to-date: /home/parallels/prog/ros2_4gewinnt/install/vier_gewinnt/include/vier_gewinnt/vier_gewinnt/msg/detail/pose__type_support.h
[7.779s] -- Up-to-date: /home/parallels/prog/ros2_4gewinnt/install/vier_gewinnt/include/vier_gewinnt/vier_gewinnt/msg/detail/pose__struct.h
[7.779s] -- Up-to-date: /home/parallels/prog/ros2_4gewinnt/install/vier_gewinnt/include/vier_gewinnt/vier_gewinnt/msg/detail/color__functions.h
[7.779s] -- Up-to-date: /home/parallels/prog/ros2_4gewinnt/install/vier_gewinnt/include/vier_gewinnt/vier_gewinnt/msg/color.h
[7.779s] -- Up-to-date: /home/parallels/prog/ros2_4gewinnt/install/vier_gewinnt/include/vier_gewinnt/vier_gewinnt/msg/pose.h
[7.779s] -- Up-to-date: /home/parallels/prog/ros2_4gewinnt/install/vier_gewinnt/include/vier_gewinnt/vier_gewinnt/action
[7.779s] -- Up-to-date: /home/parallels/prog/ros2_4gewinnt/install/vier_gewinnt/include/vier_gewinnt/vier_gewinnt/action/detail
[7.779s] -- Up-to-date: /home/parallels/prog/ros2_4gewinnt/install/vier_gewinnt/include/vier_gewinnt/vier_gewinnt/action/detail/rotate_absolute__functions.h
[7.780s] -- Up-to-date: /home/parallels/prog/ros2_4gewinnt/install/vier_gewinnt/include/vier_gewinnt/vier_gewinnt/action/detail/rotate_absolute__type_support.h
[7.780s] -- Up-to-date: /home/parallels/prog/ros2_4gewinnt/install/vier_gewinnt/include/vier_gewinnt/vier_gewinnt/action/detail/rotate_absolute__functions.c
[7.780s] -- Up-to-date: /home/parallels/prog/ros2_4gewinnt/install/vier_gewinnt/include/vier_gewinnt/vier_gewinnt/action/detail/rotate_absolute__struct.h
[7.780s] -- Up-to-date: /home/parallels/prog/ros2_4gewinnt/install/vier_gewinnt/include/vier_gewinnt/vier_gewinnt/action/rotate_absolute.h
[7.780s] -- Up-to-date: /home/parallels/prog/ros2_4gewinnt/install/vier_gewinnt/include/vier_gewinnt/vier_gewinnt/srv
[7.780s] -- Up-to-date: /home/parallels/prog/ros2_4gewinnt/install/vier_gewinnt/include/vier_gewinnt/vier_gewinnt/srv/detail
[7.780s] -- Up-to-date: /home/parallels/prog/ros2_4gewinnt/install/vier_gewinnt/include/vier_gewinnt/vier_gewinnt/srv/detail/teleport_absolute__functions.c
[7.780s] -- Up-to-date: /home/parallels/prog/ros2_4gewinnt/install/vier_gewinnt/include/vier_gewinnt/vier_gewinnt/srv/detail/spawn__struct.h
[7.780s] -- Up-to-date: /home/parallels/prog/ros2_4gewinnt/install/vier_gewinnt/include/vier_gewinnt/vier_gewinnt/srv/detail/teleport_absolute__type_support.h
[7.780s] -- Up-to-date: /home/parallels/prog/ros2_4gewinnt/install/vier_gewinnt/include/vier_gewinnt/vier_gewinnt/srv/detail/teleport_absolute__struct.h
[7.780s] -- Up-to-date: /home/parallels/prog/ros2_4gewinnt/install/vier_gewinnt/include/vier_gewinnt/vier_gewinnt/srv/detail/kill__functions.h
[7.780s] -- Up-to-date: /home/parallels/prog/ros2_4gewinnt/install/vier_gewinnt/include/vier_gewinnt/vier_gewinnt/srv/detail/set_pen__type_support.h
[7.780s] -- Up-to-date: /home/parallels/prog/ros2_4gewinnt/install/vier_gewinnt/include/vier_gewinnt/vier_gewinnt/srv/detail/teleport_relative__struct.h
[7.780s] -- Up-to-date: /home/parallels/prog/ros2_4gewinnt/install/vier_gewinnt/include/vier_gewinnt/vier_gewinnt/srv/detail/set_pen__struct.h
[7.780s] -- Up-to-date: /home/parallels/prog/ros2_4gewinnt/install/vier_gewinnt/include/vier_gewinnt/vier_gewinnt/srv/detail/kill__functions.c
[7.780s] -- Up-to-date: /home/parallels/prog/ros2_4gewinnt/install/vier_gewinnt/include/vier_gewinnt/vier_gewinnt/srv/detail/spawn__type_support.h
[7.780s] -- Up-to-date: /home/parallels/prog/ros2_4gewinnt/install/vier_gewinnt/include/vier_gewinnt/vier_gewinnt/srv/detail/teleport_absolute__functions.h
[7.780s] -- Up-to-date: /home/parallels/prog/ros2_4gewinnt/install/vier_gewinnt/include/vier_gewinnt/vier_gewinnt/srv/detail/kill__struct.h
[7.780s] -- Up-to-date: /home/parallels/prog/ros2_4gewinnt/install/vier_gewinnt/include/vier_gewinnt/vier_gewinnt/srv/detail/teleport_relative__type_support.h
[7.780s] -- Up-to-date: /home/parallels/prog/ros2_4gewinnt/install/vier_gewinnt/include/vier_gewinnt/vier_gewinnt/srv/detail/set_pen__functions.c
[7.780s] -- Up-to-date: /home/parallels/prog/ros2_4gewinnt/install/vier_gewinnt/include/vier_gewinnt/vier_gewinnt/srv/detail/teleport_relative__functions.h
[7.780s] -- Up-to-date: /home/parallels/prog/ros2_4gewinnt/install/vier_gewinnt/include/vier_gewinnt/vier_gewinnt/srv/detail/spawn__functions.c
[7.780s] -- Up-to-date: /home/parallels/prog/ros2_4gewinnt/install/vier_gewinnt/include/vier_gewinnt/vier_gewinnt/srv/detail/kill__type_support.h
[7.780s] -- Up-to-date: /home/parallels/prog/ros2_4gewinnt/install/vier_gewinnt/include/vier_gewinnt/vier_gewinnt/srv/detail/set_pen__functions.h
[7.780s] -- Up-to-date: /home/parallels/prog/ros2_4gewinnt/install/vier_gewinnt/include/vier_gewinnt/vier_gewinnt/srv/detail/spawn__functions.h
[7.780s] -- Up-to-date: /home/parallels/prog/ros2_4gewinnt/install/vier_gewinnt/include/vier_gewinnt/vier_gewinnt/srv/detail/teleport_relative__functions.c
[7.781s] -- Up-to-date: /home/parallels/prog/ros2_4gewinnt/install/vier_gewinnt/include/vier_gewinnt/vier_gewinnt/srv/teleport_absolute.h
[7.781s] -- Up-to-date: /home/parallels/prog/ros2_4gewinnt/install/vier_gewinnt/include/vier_gewinnt/vier_gewinnt/srv/kill.h
[7.781s] -- Up-to-date: /home/parallels/prog/ros2_4gewinnt/install/vier_gewinnt/include/vier_gewinnt/vier_gewinnt/srv/spawn.h
[7.781s] -- Up-to-date: /home/parallels/prog/ros2_4gewinnt/install/vier_gewinnt/include/vier_gewinnt/vier_gewinnt/srv/set_pen.h
[7.781s] -- Up-to-date: /home/parallels/prog/ros2_4gewinnt/install/vier_gewinnt/include/vier_gewinnt/vier_gewinnt/srv/teleport_relative.h
[7.781s] -- Up-to-date: /home/parallels/prog/ros2_4gewinnt/install/vier_gewinnt/share/vier_gewinnt/environment/library_path.sh
[7.781s] -- Up-to-date: /home/parallels/prog/ros2_4gewinnt/install/vier_gewinnt/share/vier_gewinnt/environment/library_path.dsv
[7.781s] -- Up-to-date: /home/parallels/prog/ros2_4gewinnt/install/vier_gewinnt/lib/libvier_gewinnt__rosidl_generator_c.so
[7.781s] -- Up-to-date: /home/parallels/prog/ros2_4gewinnt/install/vier_gewinnt/include/vier_gewinnt/vier_gewinnt
[7.781s] -- Up-to-date: /home/parallels/prog/ros2_4gewinnt/install/vier_gewinnt/include/vier_gewinnt/vier_gewinnt/msg
[7.781s] -- Up-to-date: /home/parallels/prog/ros2_4gewinnt/install/vier_gewinnt/include/vier_gewinnt/vier_gewinnt/msg/detail
[7.781s] -- Up-to-date: /home/parallels/prog/ros2_4gewinnt/install/vier_gewinnt/include/vier_gewinnt/vier_gewinnt/msg/detail/color__rosidl_typesupport_fastrtps_c.h
[7.781s] -- Up-to-date: /home/parallels/prog/ros2_4gewinnt/install/vier_gewinnt/include/vier_gewinnt/vier_gewinnt/msg/detail/pose__rosidl_typesupport_fastrtps_c.h
[7.781s] -- Up-to-date: /home/parallels/prog/ros2_4gewinnt/install/vier_gewinnt/include/vier_gewinnt/vier_gewinnt/msg/rosidl_typesupport_fastrtps_c__visibility_control.h
[7.781s] -- Up-to-date: /home/parallels/prog/ros2_4gewinnt/install/vier_gewinnt/include/vier_gewinnt/vier_gewinnt/action
[7.781s] -- Up-to-date: /home/parallels/prog/ros2_4gewinnt/install/vier_gewinnt/include/vier_gewinnt/vier_gewinnt/action/detail
[7.781s] -- Up-to-date: /home/parallels/prog/ros2_4gewinnt/install/vier_gewinnt/include/vier_gewinnt/vier_gewinnt/action/detail/rotate_absolute__rosidl_typesupport_fastrtps_c.h
[7.781s] -- Up-to-date: /home/parallels/prog/ros2_4gewinnt/install/vier_gewinnt/include/vier_gewinnt/vier_gewinnt/srv
[7.781s] -- Up-to-date: /home/parallels/prog/ros2_4gewinnt/install/vier_gewinnt/include/vier_gewinnt/vier_gewinnt/srv/detail
[7.781s] -- Up-to-date: /home/parallels/prog/ros2_4gewinnt/install/vier_gewinnt/include/vier_gewinnt/vier_gewinnt/srv/detail/kill__rosidl_typesupport_fastrtps_c.h
[7.781s] -- Up-to-date: /home/parallels/prog/ros2_4gewinnt/install/vier_gewinnt/include/vier_gewinnt/vier_gewinnt/srv/detail/spawn__rosidl_typesupport_fastrtps_c.h
[7.781s] -- Up-to-date: /home/parallels/prog/ros2_4gewinnt/install/vier_gewinnt/include/vier_gewinnt/vier_gewinnt/srv/detail/set_pen__rosidl_typesupport_fastrtps_c.h
[7.781s] -- Up-to-date: /home/parallels/prog/ros2_4gewinnt/install/vier_gewinnt/include/vier_gewinnt/vier_gewinnt/srv/detail/teleport_absolute__rosidl_typesupport_fastrtps_c.h
[7.781s] -- Up-to-date: /home/parallels/prog/ros2_4gewinnt/install/vier_gewinnt/include/vier_gewinnt/vier_gewinnt/srv/detail/teleport_relative__rosidl_typesupport_fastrtps_c.h
[7.781s] -- Up-to-date: /home/parallels/prog/ros2_4gewinnt/install/vier_gewinnt/lib/libvier_gewinnt__rosidl_typesupport_fastrtps_c.so
[7.781s] -- Up-to-date: /home/parallels/prog/ros2_4gewinnt/install/vier_gewinnt/include/vier_gewinnt/vier_gewinnt
[7.781s] -- Up-to-date: /home/parallels/prog/ros2_4gewinnt/install/vier_gewinnt/include/vier_gewinnt/vier_gewinnt/msg
[7.781s] -- Up-to-date: /home/parallels/prog/ros2_4gewinnt/install/vier_gewinnt/include/vier_gewinnt/vier_gewinnt/msg/pose.hpp
[7.781s] -- Up-to-date: /home/parallels/prog/ros2_4gewinnt/install/vier_gewinnt/include/vier_gewinnt/vier_gewinnt/msg/detail
[7.781s] -- Up-to-date: /home/parallels/prog/ros2_4gewinnt/install/vier_gewinnt/include/vier_gewinnt/vier_gewinnt/msg/detail/color__traits.hpp
[7.782s] -- Up-to-date: /home/parallels/prog/ros2_4gewinnt/install/vier_gewinnt/include/vier_gewinnt/vier_gewinnt/msg/detail/pose__struct.hpp
[7.782s] -- Up-to-date: /home/parallels/prog/ros2_4gewinnt/install/vier_gewinnt/include/vier_gewinnt/vier_gewinnt/msg/detail/color__builder.hpp
[7.782s] -- Up-to-date: /home/parallels/prog/ros2_4gewinnt/install/vier_gewinnt/include/vier_gewinnt/vier_gewinnt/msg/detail/pose__builder.hpp
[7.782s] -- Up-to-date: /home/parallels/prog/ros2_4gewinnt/install/vier_gewinnt/include/vier_gewinnt/vier_gewinnt/msg/detail/color__struct.hpp
[7.782s] -- Up-to-date: /home/parallels/prog/ros2_4gewinnt/install/vier_gewinnt/include/vier_gewinnt/vier_gewinnt/msg/detail/pose__traits.hpp
[7.782s] -- Up-to-date: /home/parallels/prog/ros2_4gewinnt/install/vier_gewinnt/include/vier_gewinnt/vier_gewinnt/msg/color.hpp
[7.782s] -- Up-to-date: /home/parallels/prog/ros2_4gewinnt/install/vier_gewinnt/include/vier_gewinnt/vier_gewinnt/action
[7.782s] -- Up-to-date: /home/parallels/prog/ros2_4gewinnt/install/vier_gewinnt/include/vier_gewinnt/vier_gewinnt/action/detail
[7.782s] -- Up-to-date: /home/parallels/prog/ros2_4gewinnt/install/vier_gewinnt/include/vier_gewinnt/vier_gewinnt/action/detail/rotate_absolute__traits.hpp
[7.782s] -- Up-to-date: /home/parallels/prog/ros2_4gewinnt/install/vier_gewinnt/include/vier_gewinnt/vier_gewinnt/action/detail/rotate_absolute__struct.hpp
[7.782s] -- Up-to-date: /home/parallels/prog/ros2_4gewinnt/install/vier_gewinnt/include/vier_gewinnt/vier_gewinnt/action/detail/rotate_absolute__builder.hpp
[7.782s] -- Up-to-date: /home/parallels/prog/ros2_4gewinnt/install/vier_gewinnt/include/vier_gewinnt/vier_gewinnt/action/rotate_absolute.hpp
[7.782s] -- Up-to-date: /home/parallels/prog/ros2_4gewinnt/install/vier_gewinnt/include/vier_gewinnt/vier_gewinnt/srv
[7.782s] -- Up-to-date: /home/parallels/prog/ros2_4gewinnt/install/vier_gewinnt/include/vier_gewinnt/vier_gewinnt/srv/detail
[7.782s] -- Up-to-date: /home/parallels/prog/ros2_4gewinnt/install/vier_gewinnt/include/vier_gewinnt/vier_gewinnt/srv/detail/kill__struct.hpp
[7.782s] -- Up-to-date: /home/parallels/prog/ros2_4gewinnt/install/vier_gewinnt/include/vier_gewinnt/vier_gewinnt/srv/detail/teleport_absolute__struct.hpp
[7.783s] -- Up-to-date: /home/parallels/prog/ros2_4gewinnt/install/vier_gewinnt/include/vier_gewinnt/vier_gewinnt/srv/detail/kill__builder.hpp
[7.783s] -- Up-to-date: /home/parallels/prog/ros2_4gewinnt/install/vier_gewinnt/include/vier_gewinnt/vier_gewinnt/srv/detail/teleport_relative__traits.hpp
[7.783s] -- Up-to-date: /home/parallels/prog/ros2_4gewinnt/install/vier_gewinnt/include/vier_gewinnt/vier_gewinnt/srv/detail/spawn__traits.hpp
[7.783s] -- Up-to-date: /home/parallels/prog/ros2_4gewinnt/install/vier_gewinnt/include/vier_gewinnt/vier_gewinnt/srv/detail/set_pen__builder.hpp
[7.783s] -- Up-to-date: /home/parallels/prog/ros2_4gewinnt/install/vier_gewinnt/include/vier_gewinnt/vier_gewinnt/srv/detail/teleport_absolute__traits.hpp
[7.783s] -- Up-to-date: /home/parallels/prog/ros2_4gewinnt/install/vier_gewinnt/include/vier_gewinnt/vier_gewinnt/srv/detail/teleport_absolute__builder.hpp
[7.783s] -- Up-to-date: /home/parallels/prog/ros2_4gewinnt/install/vier_gewinnt/include/vier_gewinnt/vier_gewinnt/srv/detail/spawn__struct.hpp
[7.783s] -- Up-to-date: /home/parallels/prog/ros2_4gewinnt/install/vier_gewinnt/include/vier_gewinnt/vier_gewinnt/srv/detail/set_pen__struct.hpp
[7.783s] -- Up-to-date: /home/parallels/prog/ros2_4gewinnt/install/vier_gewinnt/include/vier_gewinnt/vier_gewinnt/srv/detail/kill__traits.hpp
[7.783s] -- Up-to-date: /home/parallels/prog/ros2_4gewinnt/install/vier_gewinnt/include/vier_gewinnt/vier_gewinnt/srv/detail/set_pen__traits.hpp
[7.783s] -- Up-to-date: /home/parallels/prog/ros2_4gewinnt/install/vier_gewinnt/include/vier_gewinnt/vier_gewinnt/srv/detail/teleport_relative__struct.hpp
[7.783s] -- Up-to-date: /home/parallels/prog/ros2_4gewinnt/install/vier_gewinnt/include/vier_gewinnt/vier_gewinnt/srv/detail/teleport_relative__builder.hpp
[7.783s] -- Up-to-date: /home/parallels/prog/ros2_4gewinnt/install/vier_gewinnt/include/vier_gewinnt/vier_gewinnt/srv/detail/spawn__builder.hpp
[7.783s] -- Up-to-date: /home/parallels/prog/ros2_4gewinnt/install/vier_gewinnt/include/vier_gewinnt/vier_gewinnt/srv/kill.hpp
[7.783s] -- Up-to-date: /home/parallels/prog/ros2_4gewinnt/install/vier_gewinnt/include/vier_gewinnt/vier_gewinnt/srv/teleport_absolute.hpp
[7.783s] -- Up-to-date: /home/parallels/prog/ros2_4gewinnt/install/vier_gewinnt/include/vier_gewinnt/vier_gewinnt/srv/teleport_relative.hpp
[7.783s] -- Up-to-date: /home/parallels/prog/ros2_4gewinnt/install/vier_gewinnt/include/vier_gewinnt/vier_gewinnt/srv/set_pen.hpp
[7.783s] -- Up-to-date: /home/parallels/prog/ros2_4gewinnt/install/vier_gewinnt/include/vier_gewinnt/vier_gewinnt/srv/spawn.hpp
[7.783s] -- Up-to-date: /home/parallels/prog/ros2_4gewinnt/install/vier_gewinnt/include/vier_gewinnt/vier_gewinnt
[7.783s] -- Up-to-date: /home/parallels/prog/ros2_4gewinnt/install/vier_gewinnt/include/vier_gewinnt/vier_gewinnt/msg
[7.784s] -- Up-to-date: /home/parallels/prog/ros2_4gewinnt/install/vier_gewinnt/include/vier_gewinnt/vier_gewinnt/msg/detail
[7.784s] -- Up-to-date: /home/parallels/prog/ros2_4gewinnt/install/vier_gewinnt/include/vier_gewinnt/vier_gewinnt/msg/detail/dds_fastrtps
[7.784s] -- Up-to-date: /home/parallels/prog/ros2_4gewinnt/install/vier_gewinnt/include/vier_gewinnt/vier_gewinnt/msg/detail/color__rosidl_typesupport_fastrtps_cpp.hpp
[7.784s] -- Up-to-date: /home/parallels/prog/ros2_4gewinnt/install/vier_gewinnt/include/vier_gewinnt/vier_gewinnt/msg/detail/pose__rosidl_typesupport_fastrtps_cpp.hpp
[7.784s] -- Up-to-date: /home/parallels/prog/ros2_4gewinnt/install/vier_gewinnt/include/vier_gewinnt/vier_gewinnt/msg/rosidl_typesupport_fastrtps_cpp__visibility_control.h
[7.784s] -- Up-to-date: /home/parallels/prog/ros2_4gewinnt/install/vier_gewinnt/include/vier_gewinnt/vier_gewinnt/action
[7.784s] -- Up-to-date: /home/parallels/prog/ros2_4gewinnt/install/vier_gewinnt/include/vier_gewinnt/vier_gewinnt/action/detail
[7.784s] -- Up-to-date: /home/parallels/prog/ros2_4gewinnt/install/vier_gewinnt/include/vier_gewinnt/vier_gewinnt/action/detail/dds_fastrtps
[7.784s] -- Up-to-date: /home/parallels/prog/ros2_4gewinnt/install/vier_gewinnt/include/vier_gewinnt/vier_gewinnt/action/detail/rotate_absolute__rosidl_typesupport_fastrtps_cpp.hpp
[7.784s] -- Up-to-date: /home/parallels/prog/ros2_4gewinnt/install/vier_gewinnt/include/vier_gewinnt/vier_gewinnt/srv
[7.784s] -- Up-to-date: /home/parallels/prog/ros2_4gewinnt/install/vier_gewinnt/include/vier_gewinnt/vier_gewinnt/srv/detail
[7.784s] -- Up-to-date: /home/parallels/prog/ros2_4gewinnt/install/vier_gewinnt/include/vier_gewinnt/vier_gewinnt/srv/detail/dds_fastrtps
[7.784s] -- Up-to-date: /home/parallels/prog/ros2_4gewinnt/install/vier_gewinnt/include/vier_gewinnt/vier_gewinnt/srv/detail/teleport_absolute__rosidl_typesupport_fastrtps_cpp.hpp
[7.784s] -- Up-to-date: /home/parallels/prog/ros2_4gewinnt/install/vier_gewinnt/include/vier_gewinnt/vier_gewinnt/srv/detail/kill__rosidl_typesupport_fastrtps_cpp.hpp
[7.784s] -- Up-to-date: /home/parallels/prog/ros2_4gewinnt/install/vier_gewinnt/include/vier_gewinnt/vier_gewinnt/srv/detail/set_pen__rosidl_typesupport_fastrtps_cpp.hpp
[7.784s] -- Up-to-date: /home/parallels/prog/ros2_4gewinnt/install/vier_gewinnt/include/vier_gewinnt/vier_gewinnt/srv/detail/spawn__rosidl_typesupport_fastrtps_cpp.hpp
[7.784s] -- Up-to-date: /home/parallels/prog/ros2_4gewinnt/install/vier_gewinnt/include/vier_gewinnt/vier_gewinnt/srv/detail/teleport_relative__rosidl_typesupport_fastrtps_cpp.hpp
[7.784s] -- Up-to-date: /home/parallels/prog/ros2_4gewinnt/install/vier_gewinnt/lib/libvier_gewinnt__rosidl_typesupport_fastrtps_cpp.so
[7.784s] -- Up-to-date: /home/parallels/prog/ros2_4gewinnt/install/vier_gewinnt/include/vier_gewinnt/vier_gewinnt
[7.784s] -- Up-to-date: /home/parallels/prog/ros2_4gewinnt/install/vier_gewinnt/include/vier_gewinnt/vier_gewinnt/msg
[7.784s] -- Up-to-date: /home/parallels/prog/ros2_4gewinnt/install/vier_gewinnt/include/vier_gewinnt/vier_gewinnt/msg/detail
[7.784s] -- Up-to-date: /home/parallels/prog/ros2_4gewinnt/install/vier_gewinnt/include/vier_gewinnt/vier_gewinnt/msg/detail/pose__type_support.c
[7.784s] -- Up-to-date: /home/parallels/prog/ros2_4gewinnt/install/vier_gewinnt/include/vier_gewinnt/vier_gewinnt/msg/detail/color__rosidl_typesupport_introspection_c.h
[7.784s] -- Up-to-date: /home/parallels/prog/ros2_4gewinnt/install/vier_gewinnt/include/vier_gewinnt/vier_gewinnt/msg/detail/color__type_support.c
[7.784s] -- Up-to-date: /home/parallels/prog/ros2_4gewinnt/install/vier_gewinnt/include/vier_gewinnt/vier_gewinnt/msg/detail/pose__rosidl_typesupport_introspection_c.h
[7.784s] -- Up-to-date: /home/parallels/prog/ros2_4gewinnt/install/vier_gewinnt/include/vier_gewinnt/vier_gewinnt/msg/rosidl_typesupport_introspection_c__visibility_control.h
[7.784s] -- Up-to-date: /home/parallels/prog/ros2_4gewinnt/install/vier_gewinnt/include/vier_gewinnt/vier_gewinnt/action
[7.784s] -- Up-to-date: /home/parallels/prog/ros2_4gewinnt/install/vier_gewinnt/include/vier_gewinnt/vier_gewinnt/action/detail
[7.784s] -- Up-to-date: /home/parallels/prog/ros2_4gewinnt/install/vier_gewinnt/include/vier_gewinnt/vier_gewinnt/action/detail/rotate_absolute__rosidl_typesupport_introspection_c.h
[7.784s] -- Up-to-date: /home/parallels/prog/ros2_4gewinnt/install/vier_gewinnt/include/vier_gewinnt/vier_gewinnt/action/detail/rotate_absolute__type_support.c
[7.784s] -- Up-to-date: /home/parallels/prog/ros2_4gewinnt/install/vier_gewinnt/include/vier_gewinnt/vier_gewinnt/srv
[7.784s] -- Up-to-date: /home/parallels/prog/ros2_4gewinnt/install/vier_gewinnt/include/vier_gewinnt/vier_gewinnt/srv/detail
[7.785s] -- Up-to-date: /home/parallels/prog/ros2_4gewinnt/install/vier_gewinnt/include/vier_gewinnt/vier_gewinnt/srv/detail/teleport_relative__type_support.c
[7.785s] -- Up-to-date: /home/parallels/prog/ros2_4gewinnt/install/vier_gewinnt/include/vier_gewinnt/vier_gewinnt/srv/detail/kill__rosidl_typesupport_introspection_c.h
[7.785s] -- Up-to-date: /home/parallels/prog/ros2_4gewinnt/install/vier_gewinnt/include/vier_gewinnt/vier_gewinnt/srv/detail/teleport_relative__rosidl_typesupport_introspection_c.h
[7.785s] -- Up-to-date: /home/parallels/prog/ros2_4gewinnt/install/vier_gewinnt/include/vier_gewinnt/vier_gewinnt/srv/detail/spawn__rosidl_typesupport_introspection_c.h
[7.785s] -- Up-to-date: /home/parallels/prog/ros2_4gewinnt/install/vier_gewinnt/include/vier_gewinnt/vier_gewinnt/srv/detail/kill__type_support.c
[7.785s] -- Up-to-date: /home/parallels/prog/ros2_4gewinnt/install/vier_gewinnt/include/vier_gewinnt/vier_gewinnt/srv/detail/set_pen__type_support.c
[7.785s] -- Up-to-date: /home/parallels/prog/ros2_4gewinnt/install/vier_gewinnt/include/vier_gewinnt/vier_gewinnt/srv/detail/spawn__type_support.c
[7.785s] -- Up-to-date: /home/parallels/prog/ros2_4gewinnt/install/vier_gewinnt/include/vier_gewinnt/vier_gewinnt/srv/detail/set_pen__rosidl_typesupport_introspection_c.h
[7.785s] -- Up-to-date: /home/parallels/prog/ros2_4gewinnt/install/vier_gewinnt/include/vier_gewinnt/vier_gewinnt/srv/detail/teleport_absolute__rosidl_typesupport_introspection_c.h
[7.785s] -- Up-to-date: /home/parallels/prog/ros2_4gewinnt/install/vier_gewinnt/include/vier_gewinnt/vier_gewinnt/srv/detail/teleport_absolute__type_support.c
[7.785s] -- Up-to-date: /home/parallels/prog/ros2_4gewinnt/install/vier_gewinnt/lib/libvier_gewinnt__rosidl_typesupport_introspection_c.so
[7.785s] -- Up-to-date: /home/parallels/prog/ros2_4gewinnt/install/vier_gewinnt/lib/libvier_gewinnt__rosidl_typesupport_c.so
[7.785s] -- Up-to-date: /home/parallels/prog/ros2_4gewinnt/install/vier_gewinnt/include/vier_gewinnt/vier_gewinnt
[7.785s] -- Up-to-date: /home/parallels/prog/ros2_4gewinnt/install/vier_gewinnt/include/vier_gewinnt/vier_gewinnt/msg
[7.785s] -- Up-to-date: /home/parallels/prog/ros2_4gewinnt/install/vier_gewinnt/include/vier_gewinnt/vier_gewinnt/msg/detail
[7.785s] -- Up-to-date: /home/parallels/prog/ros2_4gewinnt/install/vier_gewinnt/include/vier_gewinnt/vier_gewinnt/msg/detail/color__rosidl_typesupport_introspection_cpp.hpp
[7.785s] -- Up-to-date: /home/parallels/prog/ros2_4gewinnt/install/vier_gewinnt/include/vier_gewinnt/vier_gewinnt/msg/detail/pose__rosidl_typesupport_introspection_cpp.hpp
[7.785s] -- Up-to-date: /home/parallels/prog/ros2_4gewinnt/install/vier_gewinnt/include/vier_gewinnt/vier_gewinnt/msg/detail/color__type_support.cpp
[7.785s] -- Up-to-date: /home/parallels/prog/ros2_4gewinnt/install/vier_gewinnt/include/vier_gewinnt/vier_gewinnt/msg/detail/pose__type_support.cpp
[7.785s] -- Up-to-date: /home/parallels/prog/ros2_4gewinnt/install/vier_gewinnt/include/vier_gewinnt/vier_gewinnt/action
[7.785s] -- Up-to-date: /home/parallels/prog/ros2_4gewinnt/install/vier_gewinnt/include/vier_gewinnt/vier_gewinnt/action/detail
[7.785s] -- Up-to-date: /home/parallels/prog/ros2_4gewinnt/install/vier_gewinnt/include/vier_gewinnt/vier_gewinnt/action/detail/rotate_absolute__rosidl_typesupport_introspection_cpp.hpp
[7.785s] -- Up-to-date: /home/parallels/prog/ros2_4gewinnt/install/vier_gewinnt/include/vier_gewinnt/vier_gewinnt/action/detail/rotate_absolute__type_support.cpp
[7.785s] -- Up-to-date: /home/parallels/prog/ros2_4gewinnt/install/vier_gewinnt/include/vier_gewinnt/vier_gewinnt/srv
[7.785s] -- Up-to-date: /home/parallels/prog/ros2_4gewinnt/install/vier_gewinnt/include/vier_gewinnt/vier_gewinnt/srv/detail
[7.785s] -- Up-to-date: /home/parallels/prog/ros2_4gewinnt/install/vier_gewinnt/include/vier_gewinnt/vier_gewinnt/srv/detail/teleport_absolute__type_support.cpp
[7.785s] -- Up-to-date: /home/parallels/prog/ros2_4gewinnt/install/vier_gewinnt/include/vier_gewinnt/vier_gewinnt/srv/detail/spawn__type_support.cpp
[7.785s] -- Up-to-date: /home/parallels/prog/ros2_4gewinnt/install/vier_gewinnt/include/vier_gewinnt/vier_gewinnt/srv/detail/teleport_relative__rosidl_typesupport_introspection_cpp.hpp
[7.785s] -- Up-to-date: /home/parallels/prog/ros2_4gewinnt/install/vier_gewinnt/include/vier_gewinnt/vier_gewinnt/srv/detail/spawn__rosidl_typesupport_introspection_cpp.hpp
[7.785s] -- Up-to-date: /home/parallels/prog/ros2_4gewinnt/install/vier_gewinnt/include/vier_gewinnt/vier_gewinnt/srv/detail/set_pen__type_support.cpp
[7.785s] -- Up-to-date: /home/parallels/prog/ros2_4gewinnt/install/vier_gewinnt/include/vier_gewinnt/vier_gewinnt/srv/detail/teleport_relative__type_support.cpp
[7.785s] -- Up-to-date: /home/parallels/prog/ros2_4gewinnt/install/vier_gewinnt/include/vier_gewinnt/vier_gewinnt/srv/detail/teleport_absolute__rosidl_typesupport_introspection_cpp.hpp
[7.785s] -- Up-to-date: /home/parallels/prog/ros2_4gewinnt/install/vier_gewinnt/include/vier_gewinnt/vier_gewinnt/srv/detail/set_pen__rosidl_typesupport_introspection_cpp.hpp
[7.785s] -- Up-to-date: /home/parallels/prog/ros2_4gewinnt/install/vier_gewinnt/include/vier_gewinnt/vier_gewinnt/srv/detail/kill__type_support.cpp
[7.785s] -- Up-to-date: /home/parallels/prog/ros2_4gewinnt/install/vier_gewinnt/include/vier_gewinnt/vier_gewinnt/srv/detail/kill__rosidl_typesupport_introspection_cpp.hpp
[7.785s] -- Up-to-date: /home/parallels/prog/ros2_4gewinnt/install/vier_gewinnt/lib/libvier_gewinnt__rosidl_typesupport_introspection_cpp.so
[7.785s] -- Up-to-date: /home/parallels/prog/ros2_4gewinnt/install/vier_gewinnt/lib/libvier_gewinnt__rosidl_typesupport_cpp.so
[7.785s] -- Up-to-date: /home/parallels/prog/ros2_4gewinnt/install/vier_gewinnt/share/vier_gewinnt/environment/pythonpath.sh
[7.785s] -- Up-to-date: /home/parallels/prog/ros2_4gewinnt/install/vier_gewinnt/share/vier_gewinnt/environment/pythonpath.dsv
[7.785s] -- Up-to-date: /home/parallels/prog/ros2_4gewinnt/install/vier_gewinnt/local/lib/python3.10/dist-packages/vier_gewinnt-0.0.0-py3.10.egg-info
[7.785s] -- Installing: /home/parallels/prog/ros2_4gewinnt/install/vier_gewinnt/local/lib/python3.10/dist-packages/vier_gewinnt-0.0.0-py3.10.egg-info/dependency_links.txt
[7.786s] -- Installing: /home/parallels/prog/ros2_4gewinnt/install/vier_gewinnt/local/lib/python3.10/dist-packages/vier_gewinnt-0.0.0-py3.10.egg-info/top_level.txt
[7.786s] -- Installing: /home/parallels/prog/ros2_4gewinnt/install/vier_gewinnt/local/lib/python3.10/dist-packages/vier_gewinnt-0.0.0-py3.10.egg-info/PKG-INFO
[7.786s] -- Installing: /home/parallels/prog/ros2_4gewinnt/install/vier_gewinnt/local/lib/python3.10/dist-packages/vier_gewinnt-0.0.0-py3.10.egg-info/SOURCES.txt
[7.786s] -- Up-to-date: /home/parallels/prog/ros2_4gewinnt/install/vier_gewinnt/local/lib/python3.10/dist-packages/vier_gewinnt
[7.786s] -- Up-to-date: /home/parallels/prog/ros2_4gewinnt/install/vier_gewinnt/local/lib/python3.10/dist-packages/vier_gewinnt/vier_gewinnt_s__rosidl_typesupport_c.cpython-310-aarch64-linux-gnu.so
[7.786s] -- Up-to-date: /home/parallels/prog/ros2_4gewinnt/install/vier_gewinnt/local/lib/python3.10/dist-packages/vier_gewinnt/vier_gewinnt_s__rosidl_typesupport_fastrtps_c.cpython-310-aarch64-linux-gnu.so
[7.786s] -- Up-to-date: /home/parallels/prog/ros2_4gewinnt/install/vier_gewinnt/local/lib/python3.10/dist-packages/vier_gewinnt/libvier_gewinnt__rosidl_generator_py.so
[7.786s] -- Up-to-date: /home/parallels/prog/ros2_4gewinnt/install/vier_gewinnt/local/lib/python3.10/dist-packages/vier_gewinnt/msg
[7.786s] -- Up-to-date: /home/parallels/prog/ros2_4gewinnt/install/vier_gewinnt/local/lib/python3.10/dist-packages/vier_gewinnt/msg/_color_s.c
[7.786s] -- Up-to-date: /home/parallels/prog/ros2_4gewinnt/install/vier_gewinnt/local/lib/python3.10/dist-packages/vier_gewinnt/msg/_color.py
[7.786s] -- Up-to-date: /home/parallels/prog/ros2_4gewinnt/install/vier_gewinnt/local/lib/python3.10/dist-packages/vier_gewinnt/msg/_pose.py
[7.786s] -- Up-to-date: /home/parallels/prog/ros2_4gewinnt/install/vier_gewinnt/local/lib/python3.10/dist-packages/vier_gewinnt/msg/_pose_s.c
[7.786s] -- Up-to-date: /home/parallels/prog/ros2_4gewinnt/install/vier_gewinnt/local/lib/python3.10/dist-packages/vier_gewinnt/msg/__init__.py
[7.786s] -- Up-to-date: /home/parallels/prog/ros2_4gewinnt/install/vier_gewinnt/local/lib/python3.10/dist-packages/vier_gewinnt/action
[7.786s] -- Up-to-date: /home/parallels/prog/ros2_4gewinnt/install/vier_gewinnt/local/lib/python3.10/dist-packages/vier_gewinnt/action/_rotate_absolute.py
[7.786s] -- Up-to-date: /home/parallels/prog/ros2_4gewinnt/install/vier_gewinnt/local/lib/python3.10/dist-packages/vier_gewinnt/action/__init__.py
[7.786s] -- Up-to-date: /home/parallels/prog/ros2_4gewinnt/install/vier_gewinnt/local/lib/python3.10/dist-packages/vier_gewinnt/action/_rotate_absolute_s.c
[7.786s] -- Up-to-date: /home/parallels/prog/ros2_4gewinnt/install/vier_gewinnt/local/lib/python3.10/dist-packages/vier_gewinnt/_vier_gewinnt_s.ep.rosidl_typesupport_introspection_c.c
[7.786s] -- Up-to-date: /home/parallels/prog/ros2_4gewinnt/install/vier_gewinnt/local/lib/python3.10/dist-packages/vier_gewinnt/vier_gewinnt_s__rosidl_typesupport_introspection_c.cpython-310-aarch64-linux-gnu.so
[7.786s] -- Up-to-date: /home/parallels/prog/ros2_4gewinnt/install/vier_gewinnt/local/lib/python3.10/dist-packages/vier_gewinnt/_vier_gewinnt_s.ep.rosidl_typesupport_c.c
[7.786s] -- Up-to-date: /home/parallels/prog/ros2_4gewinnt/install/vier_gewinnt/local/lib/python3.10/dist-packages/vier_gewinnt/_vier_gewinnt_s.ep.rosidl_typesupport_fastrtps_c.c
[7.786s] -- Up-to-date: /home/parallels/prog/ros2_4gewinnt/install/vier_gewinnt/local/lib/python3.10/dist-packages/vier_gewinnt/__init__.py
[7.786s] -- Up-to-date: /home/parallels/prog/ros2_4gewinnt/install/vier_gewinnt/local/lib/python3.10/dist-packages/vier_gewinnt/srv
[7.786s] -- Up-to-date: /home/parallels/prog/ros2_4gewinnt/install/vier_gewinnt/local/lib/python3.10/dist-packages/vier_gewinnt/srv/_set_pen_s.c
[7.786s] -- Up-to-date: /home/parallels/prog/ros2_4gewinnt/install/vier_gewinnt/local/lib/python3.10/dist-packages/vier_gewinnt/srv/_spawn_s.c
[7.786s] -- Up-to-date: /home/parallels/prog/ros2_4gewinnt/install/vier_gewinnt/local/lib/python3.10/dist-packages/vier_gewinnt/srv/_set_pen.py
[7.786s] -- Up-to-date: /home/parallels/prog/ros2_4gewinnt/install/vier_gewinnt/local/lib/python3.10/dist-packages/vier_gewinnt/srv/_teleport_relative_s.c
[7.786s] -- Up-to-date: /home/parallels/prog/ros2_4gewinnt/install/vier_gewinnt/local/lib/python3.10/dist-packages/vier_gewinnt/srv/_kill.py
[7.786s] -- Up-to-date: /home/parallels/prog/ros2_4gewinnt/install/vier_gewinnt/local/lib/python3.10/dist-packages/vier_gewinnt/srv/_teleport_absolute.py
[7.786s] -- Up-to-date: /home/parallels/prog/ros2_4gewinnt/install/vier_gewinnt/local/lib/python3.10/dist-packages/vier_gewinnt/srv/_teleport_absolute_s.c
[7.786s] -- Up-to-date: /home/parallels/prog/ros2_4gewinnt/install/vier_gewinnt/local/lib/python3.10/dist-packages/vier_gewinnt/srv/_spawn.py
[7.786s] -- Up-to-date: /home/parallels/prog/ros2_4gewinnt/install/vier_gewinnt/local/lib/python3.10/dist-packages/vier_gewinnt/srv/__init__.py
[7.786s] -- Up-to-date: /home/parallels/prog/ros2_4gewinnt/install/vier_gewinnt/local/lib/python3.10/dist-packages/vier_gewinnt/srv/_teleport_relative.py
[7.786s] -- Up-to-date: /home/parallels/prog/ros2_4gewinnt/install/vier_gewinnt/local/lib/python3.10/dist-packages/vier_gewinnt/srv/_kill_s.c
[7.801s] Listing '/home/parallels/prog/ros2_4gewinnt/install/vier_gewinnt/local/lib/python3.10/dist-packages/vier_gewinnt'...
[7.801s] Listing '/home/parallels/prog/ros2_4gewinnt/install/vier_gewinnt/local/lib/python3.10/dist-packages/vier_gewinnt/action'...
[7.802s] Listing '/home/parallels/prog/ros2_4gewinnt/install/vier_gewinnt/local/lib/python3.10/dist-packages/vier_gewinnt/msg'...
[7.802s] Listing '/home/parallels/prog/ros2_4gewinnt/install/vier_gewinnt/local/lib/python3.10/dist-packages/vier_gewinnt/srv'...
[7.804s] -- Up-to-date: /home/parallels/prog/ros2_4gewinnt/install/vier_gewinnt/local/lib/python3.10/dist-packages/vier_gewinnt/vier_gewinnt_s__rosidl_typesupport_fastrtps_c.cpython-310-aarch64-linux-gnu.so
[7.805s] -- Up-to-date: /home/parallels/prog/ros2_4gewinnt/install/vier_gewinnt/local/lib/python3.10/dist-packages/vier_gewinnt/vier_gewinnt_s__rosidl_typesupport_introspection_c.cpython-310-aarch64-linux-gnu.so
[7.805s] -- Up-to-date: /home/parallels/prog/ros2_4gewinnt/install/vier_gewinnt/local/lib/python3.10/dist-packages/vier_gewinnt/vier_gewinnt_s__rosidl_typesupport_c.cpython-310-aarch64-linux-gnu.so
[7.805s] -- Up-to-date: /home/parallels/prog/ros2_4gewinnt/install/vier_gewinnt/lib/libvier_gewinnt__rosidl_generator_py.so
[7.805s] -- Up-to-date: /home/parallels/prog/ros2_4gewinnt/install/vier_gewinnt/share/vier_gewinnt/action/RotateAbsolute.idl
[7.805s] -- Up-to-date: /home/parallels/prog/ros2_4gewinnt/install/vier_gewinnt/share/vier_gewinnt/msg/Color.idl
[7.805s] -- Up-to-date: /home/parallels/prog/ros2_4gewinnt/install/vier_gewinnt/share/vier_gewinnt/msg/Pose.idl
[7.805s] -- Up-to-date: /home/parallels/prog/ros2_4gewinnt/install/vier_gewinnt/share/vier_gewinnt/srv/Kill.idl
[7.805s] -- Up-to-date: /home/parallels/prog/ros2_4gewinnt/install/vier_gewinnt/share/vier_gewinnt/srv/SetPen.idl
[7.805s] -- Up-to-date: /home/parallels/prog/ros2_4gewinnt/install/vier_gewinnt/share/vier_gewinnt/srv/Spawn.idl
[7.805s] -- Up-to-date: /home/parallels/prog/ros2_4gewinnt/install/vier_gewinnt/share/vier_gewinnt/srv/TeleportAbsolute.idl
[7.805s] -- Up-to-date: /home/parallels/prog/ros2_4gewinnt/install/vier_gewinnt/share/vier_gewinnt/srv/TeleportRelative.idl
[7.805s] -- Up-to-date: /home/parallels/prog/ros2_4gewinnt/install/vier_gewinnt/share/vier_gewinnt/action/RotateAbsolute.action
[7.805s] -- Up-to-date: /home/parallels/prog/ros2_4gewinnt/install/vier_gewinnt/share/vier_gewinnt/msg/Color.msg
[7.806s] -- Up-to-date: /home/parallels/prog/ros2_4gewinnt/install/vier_gewinnt/share/vier_gewinnt/msg/Pose.msg
[7.806s] -- Up-to-date: /home/parallels/prog/ros2_4gewinnt/install/vier_gewinnt/share/vier_gewinnt/srv/Kill.srv
[7.806s] -- Up-to-date: /home/parallels/prog/ros2_4gewinnt/install/vier_gewinnt/share/vier_gewinnt/srv/Kill_Request.msg
[7.806s] -- Up-to-date: /home/parallels/prog/ros2_4gewinnt/install/vier_gewinnt/share/vier_gewinnt/srv/Kill_Response.msg
[7.806s] -- Up-to-date: /home/parallels/prog/ros2_4gewinnt/install/vier_gewinnt/share/vier_gewinnt/srv/SetPen.srv
[7.806s] -- Up-to-date: /home/parallels/prog/ros2_4gewinnt/install/vier_gewinnt/share/vier_gewinnt/srv/SetPen_Request.msg
[7.806s] -- Up-to-date: /home/parallels/prog/ros2_4gewinnt/install/vier_gewinnt/share/vier_gewinnt/srv/SetPen_Response.msg
[7.806s] -- Up-to-date: /home/parallels/prog/ros2_4gewinnt/install/vier_gewinnt/share/vier_gewinnt/srv/Spawn.srv
[7.806s] -- Up-to-date: /home/parallels/prog/ros2_4gewinnt/install/vier_gewinnt/share/vier_gewinnt/srv/Spawn_Request.msg
[7.806s] -- Up-to-date: /home/parallels/prog/ros2_4gewinnt/install/vier_gewinnt/share/vier_gewinnt/srv/Spawn_Response.msg
[7.806s] -- Up-to-date: /home/parallels/prog/ros2_4gewinnt/install/vier_gewinnt/share/vier_gewinnt/srv/TeleportAbsolute.srv
[7.806s] -- Up-to-date: /home/parallels/prog/ros2_4gewinnt/install/vier_gewinnt/share/vier_gewinnt/srv/TeleportAbsolute_Request.msg
[7.806s] -- Up-to-date: /home/parallels/prog/ros2_4gewinnt/install/vier_gewinnt/share/vier_gewinnt/srv/TeleportAbsolute_Response.msg
[7.806s] -- Up-to-date: /home/parallels/prog/ros2_4gewinnt/install/vier_gewinnt/share/vier_gewinnt/srv/TeleportRelative.srv
[7.806s] -- Up-to-date: /home/parallels/prog/ros2_4gewinnt/install/vier_gewinnt/share/vier_gewinnt/srv/TeleportRelative_Request.msg
[7.806s] -- Up-to-date: /home/parallels/prog/ros2_4gewinnt/install/vier_gewinnt/share/vier_gewinnt/srv/TeleportRelative_Response.msg
[7.806s] -- Up-to-date: /home/parallels/prog/ros2_4gewinnt/install/vier_gewinnt/lib/vier_gewinnt/init
[7.806s] -- Installing: /home/parallels/prog/ros2_4gewinnt/install/vier_gewinnt/lib/vier_gewinnt/vier_gewinnt_node
[7.812s] -- Set runtime path of "/home/parallels/prog/ros2_4gewinnt/install/vier_gewinnt/lib/vier_gewinnt/vier_gewinnt_node" to ""
[7.812s] -- Up-to-date: /home/parallels/prog/ros2_4gewinnt/install/vier_gewinnt/share/vier_gewinnt/images
[7.812s] -- Up-to-date: /home/parallels/prog/ros2_4gewinnt/install/vier_gewinnt/share/vier_gewinnt/images/ardent.png
[7.812s] -- Up-to-date: /home/parallels/prog/ros2_4gewinnt/install/vier_gewinnt/share/vier_gewinnt/images/oldImages
[7.812s] -- Up-to-date: /home/parallels/prog/ros2_4gewinnt/install/vier_gewinnt/share/vier_gewinnt/images/oldImages/bouncy.png
[7.812s] -- Up-to-date: /home/parallels/prog/ros2_4gewinnt/install/vier_gewinnt/share/vier_gewinnt/images/oldImages/eloquent.png
[7.812s] -- Up-to-date: /home/parallels/prog/ros2_4gewinnt/install/vier_gewinnt/share/vier_gewinnt/images/oldImages/dashing.png
[7.812s] -- Up-to-date: /home/parallels/prog/ros2_4gewinnt/install/vier_gewinnt/share/vier_gewinnt/images/oldImages/foxy.png
[7.812s] -- Up-to-date: /home/parallels/prog/ros2_4gewinnt/install/vier_gewinnt/share/vier_gewinnt/images/oldImages/humble.png
[7.812s] -- Up-to-date: /home/parallels/prog/ros2_4gewinnt/install/vier_gewinnt/share/vier_gewinnt/images/oldImages/galactic.png
[7.812s] -- Up-to-date: /home/parallels/prog/ros2_4gewinnt/install/vier_gewinnt/share/vier_gewinnt/images/oldImages/rolling.png
[7.812s] -- Up-to-date: /home/parallels/prog/ros2_4gewinnt/install/vier_gewinnt/share/vier_gewinnt/images/oldImages/crystal.png
[7.812s] -- Up-to-date: /home/parallels/prog/ros2_4gewinnt/install/vier_gewinnt/share/ament_index/resource_index/package_run_dependencies/vier_gewinnt
[7.812s] -- Up-to-date: /home/parallels/prog/ros2_4gewinnt/install/vier_gewinnt/share/ament_index/resource_index/parent_prefix_path/vier_gewinnt
[7.813s] -- Up-to-date: /home/parallels/prog/ros2_4gewinnt/install/vier_gewinnt/share/vier_gewinnt/environment/ament_prefix_path.sh
[7.813s] -- Up-to-date: /home/parallels/prog/ros2_4gewinnt/install/vier_gewinnt/share/vier_gewinnt/environment/ament_prefix_path.dsv
[7.813s] -- Up-to-date: /home/parallels/prog/ros2_4gewinnt/install/vier_gewinnt/share/vier_gewinnt/environment/path.sh
[7.813s] -- Up-to-date: /home/parallels/prog/ros2_4gewinnt/install/vier_gewinnt/share/vier_gewinnt/environment/path.dsv
[7.813s] -- Up-to-date: /home/parallels/prog/ros2_4gewinnt/install/vier_gewinnt/share/vier_gewinnt/local_setup.bash
[7.813s] -- Up-to-date: /home/parallels/prog/ros2_4gewinnt/install/vier_gewinnt/share/vier_gewinnt/local_setup.sh
[7.813s] -- Up-to-date: /home/parallels/prog/ros2_4gewinnt/install/vier_gewinnt/share/vier_gewinnt/local_setup.zsh
[7.813s] -- Up-to-date: /home/parallels/prog/ros2_4gewinnt/install/vier_gewinnt/share/vier_gewinnt/local_setup.dsv
[7.813s] -- Up-to-date: /home/parallels/prog/ros2_4gewinnt/install/vier_gewinnt/share/vier_gewinnt/package.dsv
[7.813s] -- Up-to-date: /home/parallels/prog/ros2_4gewinnt/install/vier_gewinnt/share/ament_index/resource_index/packages/vier_gewinnt
[7.813s] -- Up-to-date: /home/parallels/prog/ros2_4gewinnt/install/vier_gewinnt/share/vier_gewinnt/cmake/export_vier_gewinnt__rosidl_generator_cExport.cmake
[7.813s] -- Up-to-date: /home/parallels/prog/ros2_4gewinnt/install/vier_gewinnt/share/vier_gewinnt/cmake/export_vier_gewinnt__rosidl_generator_cExport-noconfig.cmake
[7.813s] -- Up-to-date: /home/parallels/prog/ros2_4gewinnt/install/vier_gewinnt/share/vier_gewinnt/cmake/export_vier_gewinnt__rosidl_typesupport_fastrtps_cExport.cmake
[7.813s] -- Up-to-date: /home/parallels/prog/ros2_4gewinnt/install/vier_gewinnt/share/vier_gewinnt/cmake/export_vier_gewinnt__rosidl_typesupport_fastrtps_cExport-noconfig.cmake
[7.813s] -- Up-to-date: /home/parallels/prog/ros2_4gewinnt/install/vier_gewinnt/share/vier_gewinnt/cmake/export_vier_gewinnt__rosidl_generator_cppExport.cmake
[7.813s] -- Up-to-date: /home/parallels/prog/ros2_4gewinnt/install/vier_gewinnt/share/vier_gewinnt/cmake/export_vier_gewinnt__rosidl_typesupport_fastrtps_cppExport.cmake
[7.813s] -- Up-to-date: /home/parallels/prog/ros2_4gewinnt/install/vier_gewinnt/share/vier_gewinnt/cmake/export_vier_gewinnt__rosidl_typesupport_fastrtps_cppExport-noconfig.cmake
[7.813s] -- Up-to-date: /home/parallels/prog/ros2_4gewinnt/install/vier_gewinnt/share/vier_gewinnt/cmake/vier_gewinnt__rosidl_typesupport_introspection_cExport.cmake
[7.813s] -- Up-to-date: /home/parallels/prog/ros2_4gewinnt/install/vier_gewinnt/share/vier_gewinnt/cmake/vier_gewinnt__rosidl_typesupport_introspection_cExport-noconfig.cmake
[7.813s] -- Up-to-date: /home/parallels/prog/ros2_4gewinnt/install/vier_gewinnt/share/vier_gewinnt/cmake/vier_gewinnt__rosidl_typesupport_cExport.cmake
[7.813s] -- Up-to-date: /home/parallels/prog/ros2_4gewinnt/install/vier_gewinnt/share/vier_gewinnt/cmake/vier_gewinnt__rosidl_typesupport_cExport-noconfig.cmake
[7.813s] -- Up-to-date: /home/parallels/prog/ros2_4gewinnt/install/vier_gewinnt/share/vier_gewinnt/cmake/vier_gewinnt__rosidl_typesupport_introspection_cppExport.cmake
[7.813s] -- Up-to-date: /home/parallels/prog/ros2_4gewinnt/install/vier_gewinnt/share/vier_gewinnt/cmake/vier_gewinnt__rosidl_typesupport_introspection_cppExport-noconfig.cmake
[7.814s] -- Up-to-date: /home/parallels/prog/ros2_4gewinnt/install/vier_gewinnt/share/vier_gewinnt/cmake/vier_gewinnt__rosidl_typesupport_cppExport.cmake
[7.814s] -- Up-to-date: /home/parallels/prog/ros2_4gewinnt/install/vier_gewinnt/share/vier_gewinnt/cmake/vier_gewinnt__rosidl_typesupport_cppExport-noconfig.cmake
[7.814s] -- Up-to-date: /home/parallels/prog/ros2_4gewinnt/install/vier_gewinnt/share/vier_gewinnt/cmake/export_vier_gewinnt__rosidl_generator_pyExport.cmake
[7.814s] -- Up-to-date: /home/parallels/prog/ros2_4gewinnt/install/vier_gewinnt/share/vier_gewinnt/cmake/export_vier_gewinnt__rosidl_generator_pyExport-noconfig.cmake
[7.814s] -- Up-to-date: /home/parallels/prog/ros2_4gewinnt/install/vier_gewinnt/share/vier_gewinnt/cmake/rosidl_cmake-extras.cmake
[7.814s] -- Up-to-date: /home/parallels/prog/ros2_4gewinnt/install/vier_gewinnt/share/vier_gewinnt/cmake/ament_cmake_export_dependencies-extras.cmake
[7.814s] -- Up-to-date: /home/parallels/prog/ros2_4gewinnt/install/vier_gewinnt/share/vier_gewinnt/cmake/ament_cmake_export_include_directories-extras.cmake
[7.814s] -- Up-to-date: /home/parallels/prog/ros2_4gewinnt/install/vier_gewinnt/share/vier_gewinnt/cmake/ament_cmake_export_libraries-extras.cmake
[7.814s] -- Up-to-date: /home/parallels/prog/ros2_4gewinnt/install/vier_gewinnt/share/vier_gewinnt/cmake/ament_cmake_export_targets-extras.cmake
[7.814s] -- Up-to-date: /home/parallels/prog/ros2_4gewinnt/install/vier_gewinnt/share/vier_gewinnt/cmake/rosidl_cmake_export_typesupport_targets-extras.cmake
[7.814s] -- Up-to-date: /home/parallels/prog/ros2_4gewinnt/install/vier_gewinnt/share/vier_gewinnt/cmake/rosidl_cmake_export_typesupport_libraries-extras.cmake
[7.814s] -- Up-to-date: /home/parallels/prog/ros2_4gewinnt/install/vier_gewinnt/share/vier_gewinnt/cmake/vier_gewinntConfig.cmake
[7.814s] -- Up-to-date: /home/parallels/prog/ros2_4gewinnt/install/vier_gewinnt/share/vier_gewinnt/cmake/vier_gewinntConfig-version.cmake
[7.814s] -- Up-to-date: /home/parallels/prog/ros2_4gewinnt/install/vier_gewinnt/share/vier_gewinnt/package.xml
[7.816s] Invoked command in '/home/parallels/prog/ros2_4gewinnt/build/vier_gewinnt' returned '0': CMAKE_PREFIX_PATH=${CMAKE_PREFIX_PATH}:/opt/ros/humble /usr/bin/cmake --install /home/parallels/prog/ros2_4gewinnt/build/vier_gewinnt
