-- Found ament_cmake: 1.3.2 (/opt/ros/humble/share/ament_cmake/cmake)
-- Found ament_index_cpp: 1.4.0 (/opt/ros/humble/share/ament_index_cpp/cmake)
-- Found geometry_msgs: 4.2.2 (/opt/ros/humble/share/geometry_msgs/cmake)
-- Found rosidl_generator_c: 3.1.3 (/opt/ros/humble/share/rosidl_generator_c/cmake)
-- Found rosidl_adapter: 3.1.3 (/opt/ros/humble/share/rosidl_adapter/cmake)
-- Found rosidl_generator_cpp: 3.1.3 (/opt/ros/humble/share/rosidl_generator_cpp/cmake)
-- Using all available rosidl_typesupport_c: rosidl_typesupport_fastrtps_c;rosidl_typesupport_introspection_c
-- Using all available rosidl_typesupport_cpp: rosidl_typesupport_fastrtps_cpp;rosidl_typesupport_introspection_cpp
-- Found rclcpp: 16.0.1 (/opt/ros/humble/share/rclcpp/cmake)
-- Found rmw_implementation_cmake: 6.1.0 (/opt/ros/humble/share/rmw_implementation_cmake/cmake)
-- Found rmw_fastrtps_cpp: 6.2.1 (/opt/ros/humble/share/rmw_fastrtps_cpp/cmake)
-- Using RMW implementation 'rmw_fastrtps_cpp' as default
-- Found rclcpp_action: 16.0.1 (/opt/ros/humble/share/rclcpp_action/cmake)
-- Found rosidl_default_generators: 1.2.0 (/opt/ros/humble/share/rosidl_default_generators/cmake)
-- Found std_srvs: 4.2.2 (/opt/ros/humble/share/std_srvs/cmake)
-- Found ament_cmake_ros: 0.10.0 (/opt/ros/humble/share/ament_cmake_ros/cmake)
-- Using all available rosidl_typesupport_c: rosidl_typesupport_fastrtps_c;rosidl_typesupport_introspection_c
-- Using all available rosidl_typesupport_cpp: rosidl_typesupport_fastrtps_cpp;rosidl_typesupport_introspection_cpp
-- Found python_cmake_module: 0.10.0 (/opt/ros/humble/share/python_cmake_module/cmake)
-- Using PYTHON_EXECUTABLE: /usr/bin/python3
-- Using PYTHON_INCLUDE_DIRS: /usr/include/python3.10
-- Using PYTHON_LIBRARIES: /usr/lib/aarch64-linux-gnu/libpython3.10.so
-- Configuring done
-- Generating done
-- Build files have been written to: /home/parallels/prog/ros2_4gewinnt/build/vier_gewinnt
[35m[1mConsolidate compiler generated dependencies of target init[0m
[35m[1mConsolidate compiler generated dependencies of target vier_gewinnt__rosidl_generator_c[0m
[  1%] Built target vier_gewinnt__cpp
[  1%] Built target ament_cmake_python_copy_vier_gewinnt
[  3%] Built target init
[ 13%] Built target vier_gewinnt__rosidl_generator_c
[35m[1mConsolidate compiler generated dependencies of target vier_gewinnt__rosidl_typesupport_cpp[0m
[35m[1mConsolidate compiler generated dependencies of target vier_gewinnt__rosidl_typesupport_introspection_cpp[0m
[35m[1mConsolidate compiler generated dependencies of target vier_gewinnt__rosidl_typesupport_fastrtps_cpp[0m
[ 24%] Built target vier_gewinnt__rosidl_typesupport_cpp
[ 34%] Built target vier_gewinnt__rosidl_typesupport_introspection_cpp
[ 45%] Built target vier_gewinnt__rosidl_typesupport_fastrtps_cpp
[35m[1mConsolidate compiler generated dependencies of target vier_gewinnt__rosidl_typesupport_c[0m
[35m[1mConsolidate compiler generated dependencies of target vier_gewinnt__rosidl_typesupport_introspection_c[0m
[35m[1mConsolidate compiler generated dependencies of target vier_gewinnt__rosidl_typesupport_fastrtps_c[0m
[ 55%] Built target vier_gewinnt__rosidl_typesupport_c
[ 66%] Built target vier_gewinnt__rosidl_typesupport_introspection_c
[ 76%] Built target vier_gewinnt__rosidl_typesupport_fastrtps_c
[ 77%] [34m[1mGenerating include/turtlesim/moc_turtle_frame.cpp[0m
[ 77%] Built target vier_gewinnt
[ 78%] [34m[1mGenerating Python code for ROS interfaces[0m
[ 80%] [32mBuilding CXX object CMakeFiles/vier_gewinnt_node.dir/src/turtlesim.cpp.o[0m
[ 81%] [32mBuilding CXX object CMakeFiles/vier_gewinnt_node.dir/src/turtle.cpp.o[0m
running egg_info
writing vier_gewinnt.egg-info/PKG-INFO
writing dependency_links to vier_gewinnt.egg-info/dependency_links.txt
writing top-level names to vier_gewinnt.egg-info/top_level.txt
reading manifest file 'vier_gewinnt.egg-info/SOURCES.txt'
writing manifest file 'vier_gewinnt.egg-info/SOURCES.txt'
[ 81%] Built target ament_cmake_python_build_vier_gewinnt_egg
[ 82%] [32mBuilding CXX object CMakeFiles/vier_gewinnt_node.dir/src/turtle_frame.cpp.o[0m
[ 82%] Built target vier_gewinnt__py
[ 83%] [32mBuilding C object CMakeFiles/vier_gewinnt__rosidl_generator_py.dir/rosidl_generator_py/vier_gewinnt/action/_rotate_absolute_s.c.o[0m
[ 84%] [32mBuilding C object CMakeFiles/vier_gewinnt__rosidl_generator_py.dir/rosidl_generator_py/vier_gewinnt/msg/_color_s.c.o[0m
[ 85%] [32mBuilding C object CMakeFiles/vier_gewinnt__rosidl_generator_py.dir/rosidl_generator_py/vier_gewinnt/msg/_pose_s.c.o[0m
[ 86%] [32mBuilding C object CMakeFiles/vier_gewinnt__rosidl_generator_py.dir/rosidl_generator_py/vier_gewinnt/srv/_kill_s.c.o[0m
[ 87%] [32mBuilding C object CMakeFiles/vier_gewinnt__rosidl_generator_py.dir/rosidl_generator_py/vier_gewinnt/srv/_set_pen_s.c.o[0m
[ 88%] [32mBuilding C object CMakeFiles/vier_gewinnt__rosidl_generator_py.dir/rosidl_generator_py/vier_gewinnt/srv/_spawn_s.c.o[0m
[ 89%] [32mBuilding C object CMakeFiles/vier_gewinnt__rosidl_generator_py.dir/rosidl_generator_py/vier_gewinnt/srv/_teleport_absolute_s.c.o[0m
[ 90%] [32mBuilding C object CMakeFiles/vier_gewinnt__rosidl_generator_py.dir/rosidl_generator_py/vier_gewinnt/srv/_teleport_relative_s.c.o[0m
[ 91%] [32m[1mLinking C shared library rosidl_generator_py/vier_gewinnt/libvier_gewinnt__rosidl_generator_py.so[0m
[ 91%] Built target vier_gewinnt__rosidl_generator_py
[ 92%] [32mBuilding C object CMakeFiles/vier_gewinnt__rosidl_typesupport_fastrtps_c__pyext.dir/rosidl_generator_py/vier_gewinnt/_vier_gewinnt_s.ep.rosidl_typesupport_fastrtps_c.c.o[0m
[ 93%] [32m[1mLinking C shared library rosidl_generator_py/vier_gewinnt/vier_gewinnt_s__rosidl_typesupport_fastrtps_c.cpython-310-aarch64-linux-gnu.so[0m
[ 93%] Built target vier_gewinnt__rosidl_typesupport_fastrtps_c__pyext
[ 94%] [32mBuilding C object CMakeFiles/vier_gewinnt__rosidl_typesupport_introspection_c__pyext.dir/rosidl_generator_py/vier_gewinnt/_vier_gewinnt_s.ep.rosidl_typesupport_introspection_c.c.o[0m
[ 95%] [32m[1mLinking C shared library rosidl_generator_py/vier_gewinnt/vier_gewinnt_s__rosidl_typesupport_introspection_c.cpython-310-aarch64-linux-gnu.so[0m
[ 95%] Built target vier_gewinnt__rosidl_typesupport_introspection_c__pyext
[ 96%] [32mBuilding C object CMakeFiles/vier_gewinnt__rosidl_typesupport_c__pyext.dir/rosidl_generator_py/vier_gewinnt/_vier_gewinnt_s.ep.rosidl_typesupport_c.c.o[0m
[ 97%] [32m[1mLinking C shared library rosidl_generator_py/vier_gewinnt/vier_gewinnt_s__rosidl_typesupport_c.cpython-310-aarch64-linux-gnu.so[0m
[ 97%] Built target vier_gewinnt__rosidl_typesupport_c__pyext
[ 98%] [32mBuilding CXX object CMakeFiles/vier_gewinnt_node.dir/include/turtlesim/moc_turtle_frame.cpp.o[0m
