[0.322s] DEBUG:colcon:Command line arguments: ['/usr/bin/colcon', 'build']
[0.322s] DEBUG:colcon:Parsed command line arguments: Namespace(log_base=None, log_level=None, verb_name='build', build_base='build', install_base='install', merge_install=False, symlink_install=False, test_result_base=None, continue_on_error=False, executor='parallel', parallel_workers=4, event_handlers=None, ignore_user_meta=False, metas=['./colcon.meta'], base_paths=['.'], packages_ignore=None, packages_ignore_regex=None, paths=None, packages_up_to=None, packages_up_to_regex=None, packages_above=None, packages_above_and_dependencies=None, packages_above_depth=None, packages_select_by_dep=None, packages_skip_by_dep=None, packages_skip_up_to=None, packages_select_build_failed=False, packages_skip_build_finished=False, packages_select_test_failures=False, packages_skip_test_passed=False, packages_select=None, packages_skip=None, packages_select_regex=None, packages_skip_regex=None, packages_start=None, packages_end=None, allow_overriding=[], cmake_args=None, cmake_target=None, cmake_target_skip_unavailable=False, cmake_clean_cache=False, cmake_clean_first=False, cmake_force_configure=False, ament_cmake_args=None, catkin_cmake_args=None, catkin_skip_building_tests=False, verb_parser=<colcon_defaults.argument_parser.defaults.DefaultArgumentsDecorator object at 0xffff7e75b490>, verb_extension=<colcon_core.verb.build.BuildVerb object at 0xffff7f1aa5c0>, main=<bound method BuildVerb.main of <colcon_core.verb.build.BuildVerb object at 0xffff7f1aa5c0>>)
[0.353s] Level 1:colcon.colcon_core.package_discovery:discover_packages(colcon_meta) check parameters
[0.353s] Level 1:colcon.colcon_core.package_discovery:discover_packages(recursive) check parameters
[0.353s] Level 1:colcon.colcon_core.package_discovery:discover_packages(ignore) check parameters
[0.353s] Level 1:colcon.colcon_core.package_discovery:discover_packages(path) check parameters
[0.353s] Level 1:colcon.colcon_core.package_discovery:discover_packages(colcon_meta) discover
[0.353s] Level 1:colcon.colcon_core.package_discovery:discover_packages(recursive) discover
[0.353s] INFO:colcon.colcon_core.package_discovery:Crawling recursively for packages in '/home/parallels/prog/ros2_4gewinnt'
[0.353s] Level 1:colcon.colcon_core.package_identification:_identify(.) by extensions ['ignore', 'ignore_ament_install']
[0.353s] Level 1:colcon.colcon_core.package_identification:_identify(.) by extension 'ignore'
[0.353s] Level 1:colcon.colcon_core.package_identification:_identify(.) by extension 'ignore_ament_install'
[0.353s] Level 1:colcon.colcon_core.package_identification:_identify(.) by extensions ['colcon_pkg']
[0.353s] Level 1:colcon.colcon_core.package_identification:_identify(.) by extension 'colcon_pkg'
[0.353s] Level 1:colcon.colcon_core.package_identification:_identify(.) by extensions ['colcon_meta']
[0.353s] Level 1:colcon.colcon_core.package_identification:_identify(.) by extension 'colcon_meta'
[0.353s] Level 1:colcon.colcon_core.package_identification:_identify(.) by extensions ['ros']
[0.353s] Level 1:colcon.colcon_core.package_identification:_identify(.) by extension 'ros'
[0.361s] Level 1:colcon.colcon_core.package_identification:_identify(.) by extensions ['cmake', 'python']
[0.362s] Level 1:colcon.colcon_core.package_identification:_identify(.) by extension 'cmake'
[0.362s] Level 1:colcon.colcon_core.package_identification:_identify(.) by extension 'python'
[0.362s] Level 1:colcon.colcon_core.package_identification:_identify(.) by extensions ['python_setup_py']
[0.362s] Level 1:colcon.colcon_core.package_identification:_identify(.) by extension 'python_setup_py'
[0.362s] Level 1:colcon.colcon_core.package_identification:_identify(build) by extensions ['ignore', 'ignore_ament_install']
[0.362s] Level 1:colcon.colcon_core.package_identification:_identify(build) by extension 'ignore'
[0.362s] Level 1:colcon.colcon_core.package_identification:_identify(build) ignored
[0.362s] Level 1:colcon.colcon_core.package_identification:_identify(install) by extensions ['ignore', 'ignore_ament_install']
[0.362s] Level 1:colcon.colcon_core.package_identification:_identify(install) by extension 'ignore'
[0.362s] Level 1:colcon.colcon_core.package_identification:_identify(install) ignored
[0.362s] Level 1:colcon.colcon_core.package_identification:_identify(log) by extensions ['ignore', 'ignore_ament_install']
[0.362s] Level 1:colcon.colcon_core.package_identification:_identify(log) by extension 'ignore'
[0.362s] Level 1:colcon.colcon_core.package_identification:_identify(log) ignored
[0.362s] Level 1:colcon.colcon_core.package_identification:_identify(vier_gewinnt) by extensions ['ignore', 'ignore_ament_install']
[0.362s] Level 1:colcon.colcon_core.package_identification:_identify(vier_gewinnt) by extension 'ignore'
[0.362s] Level 1:colcon.colcon_core.package_identification:_identify(vier_gewinnt) by extension 'ignore_ament_install'
[0.362s] Level 1:colcon.colcon_core.package_identification:_identify(vier_gewinnt) by extensions ['colcon_pkg']
[0.362s] Level 1:colcon.colcon_core.package_identification:_identify(vier_gewinnt) by extension 'colcon_pkg'
[0.362s] Level 1:colcon.colcon_core.package_identification:_identify(vier_gewinnt) by extensions ['colcon_meta']
[0.362s] Level 1:colcon.colcon_core.package_identification:_identify(vier_gewinnt) by extension 'colcon_meta'
[0.362s] Level 1:colcon.colcon_core.package_identification:_identify(vier_gewinnt) by extensions ['ros']
[0.362s] Level 1:colcon.colcon_core.package_identification:_identify(vier_gewinnt) by extension 'ros'
[0.364s] DEBUG:colcon.colcon_core.package_identification:Package 'vier_gewinnt' with type 'ros.ament_cmake' and name 'vier_gewinnt'
[0.364s] Level 1:colcon.colcon_core.package_discovery:discover_packages(recursive) using defaults
[0.364s] Level 1:colcon.colcon_core.package_discovery:discover_packages(ignore) discover
[0.364s] Level 1:colcon.colcon_core.package_discovery:discover_packages(ignore) using defaults
[0.364s] Level 1:colcon.colcon_core.package_discovery:discover_packages(path) discover
[0.364s] Level 1:colcon.colcon_core.package_discovery:discover_packages(path) using defaults
[0.385s] Level 1:colcon.colcon_core.package_discovery:discover_packages(prefix_path) check parameters
[0.385s] Level 1:colcon.colcon_core.package_discovery:discover_packages(prefix_path) discover
[0.389s] DEBUG:colcon.colcon_installed_package_information.package_discovery:Found 283 installed packages in /opt/ros/humble
[0.390s] Level 1:colcon.colcon_core.package_discovery:discover_packages(prefix_path) using defaults
[0.446s] Level 5:colcon.colcon_core.verb:set package 'vier_gewinnt' build argument 'cmake_args' from command line to 'None'
[0.446s] Level 5:colcon.colcon_core.verb:set package 'vier_gewinnt' build argument 'cmake_target' from command line to 'None'
[0.446s] Level 5:colcon.colcon_core.verb:set package 'vier_gewinnt' build argument 'cmake_target_skip_unavailable' from command line to 'False'
[0.446s] Level 5:colcon.colcon_core.verb:set package 'vier_gewinnt' build argument 'cmake_clean_cache' from command line to 'False'
[0.446s] Level 5:colcon.colcon_core.verb:set package 'vier_gewinnt' build argument 'cmake_clean_first' from command line to 'False'
[0.446s] Level 5:colcon.colcon_core.verb:set package 'vier_gewinnt' build argument 'cmake_force_configure' from command line to 'False'
[0.446s] Level 5:colcon.colcon_core.verb:set package 'vier_gewinnt' build argument 'ament_cmake_args' from command line to 'None'
[0.446s] Level 5:colcon.colcon_core.verb:set package 'vier_gewinnt' build argument 'catkin_cmake_args' from command line to 'None'
[0.446s] Level 5:colcon.colcon_core.verb:set package 'vier_gewinnt' build argument 'catkin_skip_building_tests' from command line to 'False'
[0.446s] DEBUG:colcon.colcon_core.verb:Building package 'vier_gewinnt' with the following arguments: {'ament_cmake_args': None, 'build_base': '/home/parallels/prog/ros2_4gewinnt/build/vier_gewinnt', 'catkin_cmake_args': None, 'catkin_skip_building_tests': False, 'cmake_args': None, 'cmake_clean_cache': False, 'cmake_clean_first': False, 'cmake_force_configure': False, 'cmake_target': None, 'cmake_target_skip_unavailable': False, 'install_base': '/home/parallels/prog/ros2_4gewinnt/install/vier_gewinnt', 'merge_install': False, 'path': '/home/parallels/prog/ros2_4gewinnt/vier_gewinnt', 'symlink_install': False, 'test_result_base': None}
[0.447s] INFO:colcon.colcon_core.executor:Executing jobs using 'parallel' executor
[0.448s] DEBUG:colcon.colcon_parallel_executor.executor.parallel:run_until_complete
[0.448s] INFO:colcon.colcon_ros.task.ament_cmake.build:Building ROS package in '/home/parallels/prog/ros2_4gewinnt/vier_gewinnt' with build type 'ament_cmake'
[0.448s] INFO:colcon.colcon_cmake.task.cmake.build:Building CMake package in '/home/parallels/prog/ros2_4gewinnt/vier_gewinnt'
[0.454s] INFO:colcon.colcon_core.plugin_system:Skipping extension 'colcon_core.shell.bat': Not used on non-Windows systems
[0.454s] INFO:colcon.colcon_core.shell:Skip shell extension 'powershell' for command environment: Not usable outside of PowerShell
[0.454s] DEBUG:colcon.colcon_core.shell:Skip shell extension 'dsv' for command environment
[0.461s] DEBUG:colcon.colcon_core.event_handler.log_command:Invoking command in '/home/parallels/prog/ros2_4gewinnt/build/vier_gewinnt': CMAKE_PREFIX_PATH=/opt/ros/humble /usr/bin/cmake --build /home/parallels/prog/ros2_4gewinnt/build/vier_gewinnt -- -j4 -l4
[1.849s] DEBUG:colcon.colcon_core.event_handler.log_command:Invoked command in '/home/parallels/prog/ros2_4gewinnt/build/vier_gewinnt' returned '0': CMAKE_PREFIX_PATH=/opt/ros/humble /usr/bin/cmake --build /home/parallels/prog/ros2_4gewinnt/build/vier_gewinnt -- -j4 -l4
[2.007s] DEBUG:colcon.colcon_core.event_handler.log_command:Invoking command in '/home/parallels/prog/ros2_4gewinnt/build/vier_gewinnt': CMAKE_PREFIX_PATH=/opt/ros/humble /usr/bin/cmake --install /home/parallels/prog/ros2_4gewinnt/build/vier_gewinnt
[2.045s] Level 1:colcon.colcon_core.environment:create_environment_scripts_only(vier_gewinnt)
[2.045s] DEBUG:colcon.colcon_core.event_handler.log_command:Invoked command in '/home/parallels/prog/ros2_4gewinnt/build/vier_gewinnt' returned '0': CMAKE_PREFIX_PATH=/opt/ros/humble /usr/bin/cmake --install /home/parallels/prog/ros2_4gewinnt/build/vier_gewinnt
[2.047s] Level 1:colcon.colcon_core.environment:checking '/home/parallels/prog/ros2_4gewinnt/install/vier_gewinnt' for CMake module files
[2.048s] Level 1:colcon.colcon_core.environment:checking '/home/parallels/prog/ros2_4gewinnt/install/vier_gewinnt' for CMake config files
[2.048s] Level 1:colcon.colcon_core.shell:create_environment_hook('vier_gewinnt', 'cmake_prefix_path')
[2.048s] INFO:colcon.colcon_core.shell:Creating environment hook '/home/parallels/prog/ros2_4gewinnt/install/vier_gewinnt/share/vier_gewinnt/hook/cmake_prefix_path.ps1'
[2.049s] INFO:colcon.colcon_core.shell:Creating environment descriptor '/home/parallels/prog/ros2_4gewinnt/install/vier_gewinnt/share/vier_gewinnt/hook/cmake_prefix_path.dsv'
[2.049s] INFO:colcon.colcon_core.shell:Creating environment hook '/home/parallels/prog/ros2_4gewinnt/install/vier_gewinnt/share/vier_gewinnt/hook/cmake_prefix_path.sh'
[2.049s] Level 1:colcon.colcon_core.environment:checking '/home/parallels/prog/ros2_4gewinnt/install/vier_gewinnt/lib'
[2.049s] Level 1:colcon.colcon_core.shell:create_environment_hook('vier_gewinnt', 'ld_library_path_lib')
[2.050s] INFO:colcon.colcon_core.shell:Creating environment hook '/home/parallels/prog/ros2_4gewinnt/install/vier_gewinnt/share/vier_gewinnt/hook/ld_library_path_lib.ps1'
[2.050s] INFO:colcon.colcon_core.shell:Creating environment descriptor '/home/parallels/prog/ros2_4gewinnt/install/vier_gewinnt/share/vier_gewinnt/hook/ld_library_path_lib.dsv'
[2.050s] INFO:colcon.colcon_core.shell:Creating environment hook '/home/parallels/prog/ros2_4gewinnt/install/vier_gewinnt/share/vier_gewinnt/hook/ld_library_path_lib.sh'
[2.050s] Level 1:colcon.colcon_core.environment:checking '/home/parallels/prog/ros2_4gewinnt/install/vier_gewinnt/bin'
[2.050s] Level 1:colcon.colcon_core.environment:checking '/home/parallels/prog/ros2_4gewinnt/install/vier_gewinnt/lib/pkgconfig/vier_gewinnt.pc'
[2.050s] Level 1:colcon.colcon_core.environment:checking '/home/parallels/prog/ros2_4gewinnt/install/vier_gewinnt/lib/python3.10/site-packages'
[2.050s] Level 1:colcon.colcon_core.environment:checking '/home/parallels/prog/ros2_4gewinnt/install/vier_gewinnt/bin'
[2.051s] INFO:colcon.colcon_core.shell:Creating package script '/home/parallels/prog/ros2_4gewinnt/install/vier_gewinnt/share/vier_gewinnt/package.ps1'
[2.051s] INFO:colcon.colcon_core.shell:Creating package descriptor '/home/parallels/prog/ros2_4gewinnt/install/vier_gewinnt/share/vier_gewinnt/package.dsv'
[2.052s] INFO:colcon.colcon_core.shell:Creating package script '/home/parallels/prog/ros2_4gewinnt/install/vier_gewinnt/share/vier_gewinnt/package.sh'
[2.052s] INFO:colcon.colcon_core.shell:Creating package script '/home/parallels/prog/ros2_4gewinnt/install/vier_gewinnt/share/vier_gewinnt/package.bash'
[2.052s] INFO:colcon.colcon_core.shell:Creating package script '/home/parallels/prog/ros2_4gewinnt/install/vier_gewinnt/share/vier_gewinnt/package.zsh'
[2.052s] Level 1:colcon.colcon_core.environment:create_file_with_runtime_dependencies(/home/parallels/prog/ros2_4gewinnt/install/vier_gewinnt/share/colcon-core/packages/vier_gewinnt)
[2.197s] Level 1:colcon.colcon_core.environment:create_environment_scripts_only(vier_gewinnt)
[2.198s] Level 1:colcon.colcon_core.environment:checking '/home/parallels/prog/ros2_4gewinnt/install/vier_gewinnt' for CMake module files
[2.198s] Level 1:colcon.colcon_core.environment:checking '/home/parallels/prog/ros2_4gewinnt/install/vier_gewinnt' for CMake config files
[2.198s] Level 1:colcon.colcon_core.shell:create_environment_hook('vier_gewinnt', 'cmake_prefix_path')
[2.199s] INFO:colcon.colcon_core.shell:Creating environment hook '/home/parallels/prog/ros2_4gewinnt/install/vier_gewinnt/share/vier_gewinnt/hook/cmake_prefix_path.ps1'
[2.199s] INFO:colcon.colcon_core.shell:Creating environment descriptor '/home/parallels/prog/ros2_4gewinnt/install/vier_gewinnt/share/vier_gewinnt/hook/cmake_prefix_path.dsv'
[2.199s] INFO:colcon.colcon_core.shell:Creating environment hook '/home/parallels/prog/ros2_4gewinnt/install/vier_gewinnt/share/vier_gewinnt/hook/cmake_prefix_path.sh'
[2.199s] Level 1:colcon.colcon_core.environment:checking '/home/parallels/prog/ros2_4gewinnt/install/vier_gewinnt/lib'
[2.200s] Level 1:colcon.colcon_core.shell:create_environment_hook('vier_gewinnt', 'ld_library_path_lib')
[2.200s] INFO:colcon.colcon_core.shell:Creating environment hook '/home/parallels/prog/ros2_4gewinnt/install/vier_gewinnt/share/vier_gewinnt/hook/ld_library_path_lib.ps1'
[2.200s] INFO:colcon.colcon_core.shell:Creating environment descriptor '/home/parallels/prog/ros2_4gewinnt/install/vier_gewinnt/share/vier_gewinnt/hook/ld_library_path_lib.dsv'
[2.200s] INFO:colcon.colcon_core.shell:Creating environment hook '/home/parallels/prog/ros2_4gewinnt/install/vier_gewinnt/share/vier_gewinnt/hook/ld_library_path_lib.sh'
[2.200s] Level 1:colcon.colcon_core.environment:checking '/home/parallels/prog/ros2_4gewinnt/install/vier_gewinnt/bin'
[2.200s] Level 1:colcon.colcon_core.environment:checking '/home/parallels/prog/ros2_4gewinnt/install/vier_gewinnt/lib/pkgconfig/vier_gewinnt.pc'
[2.201s] Level 1:colcon.colcon_core.environment:checking '/home/parallels/prog/ros2_4gewinnt/install/vier_gewinnt/lib/python3.10/site-packages'
[2.201s] Level 1:colcon.colcon_core.environment:checking '/home/parallels/prog/ros2_4gewinnt/install/vier_gewinnt/bin'
[2.201s] INFO:colcon.colcon_core.shell:Creating package script '/home/parallels/prog/ros2_4gewinnt/install/vier_gewinnt/share/vier_gewinnt/package.ps1'
[2.201s] INFO:colcon.colcon_core.shell:Creating package descriptor '/home/parallels/prog/ros2_4gewinnt/install/vier_gewinnt/share/vier_gewinnt/package.dsv'
[2.202s] INFO:colcon.colcon_core.shell:Creating package script '/home/parallels/prog/ros2_4gewinnt/install/vier_gewinnt/share/vier_gewinnt/package.sh'
[2.202s] INFO:colcon.colcon_core.shell:Creating package script '/home/parallels/prog/ros2_4gewinnt/install/vier_gewinnt/share/vier_gewinnt/package.bash'
[2.202s] INFO:colcon.colcon_core.shell:Creating package script '/home/parallels/prog/ros2_4gewinnt/install/vier_gewinnt/share/vier_gewinnt/package.zsh'
[2.202s] Level 1:colcon.colcon_core.environment:create_file_with_runtime_dependencies(/home/parallels/prog/ros2_4gewinnt/install/vier_gewinnt/share/colcon-core/packages/vier_gewinnt)
[2.202s] DEBUG:colcon.colcon_parallel_executor.executor.parallel:closing loop
[2.202s] DEBUG:colcon.colcon_parallel_executor.executor.parallel:loop closed
[2.202s] DEBUG:colcon.colcon_parallel_executor.executor.parallel:run_until_complete finished with '0'
[2.203s] DEBUG:colcon.colcon_core.event_reactor:joining thread
[2.206s] INFO:colcon.colcon_core.plugin_system:Skipping extension 'colcon_notification.desktop_notification.terminal_notifier': Not used on non-Darwin systems
[2.206s] INFO:colcon.colcon_core.plugin_system:Skipping extension 'colcon_notification.desktop_notification.win32': Not used on non-Windows systems
[2.206s] INFO:colcon.colcon_notification.desktop_notification:Sending desktop notification using 'notify2'
[2.218s] DEBUG:colcon.colcon_core.event_reactor:joined thread
[2.219s] INFO:colcon.colcon_core.shell:Creating prefix script '/home/parallels/prog/ros2_4gewinnt/install/local_setup.ps1'
[2.220s] INFO:colcon.colcon_core.shell:Creating prefix util module '/home/parallels/prog/ros2_4gewinnt/install/_local_setup_util_ps1.py'
[2.221s] INFO:colcon.colcon_core.shell:Creating prefix chain script '/home/parallels/prog/ros2_4gewinnt/install/setup.ps1'
[2.221s] INFO:colcon.colcon_core.shell:Creating prefix script '/home/parallels/prog/ros2_4gewinnt/install/local_setup.sh'
[2.222s] INFO:colcon.colcon_core.shell:Creating prefix util module '/home/parallels/prog/ros2_4gewinnt/install/_local_setup_util_sh.py'
[2.222s] INFO:colcon.colcon_core.shell:Creating prefix chain script '/home/parallels/prog/ros2_4gewinnt/install/setup.sh'
[2.222s] INFO:colcon.colcon_core.shell:Creating prefix script '/home/parallels/prog/ros2_4gewinnt/install/local_setup.bash'
[2.223s] INFO:colcon.colcon_core.shell:Creating prefix chain script '/home/parallels/prog/ros2_4gewinnt/install/setup.bash'
[2.223s] INFO:colcon.colcon_core.shell:Creating prefix script '/home/parallels/prog/ros2_4gewinnt/install/local_setup.zsh'
[2.223s] INFO:colcon.colcon_core.shell:Creating prefix chain script '/home/parallels/prog/ros2_4gewinnt/install/setup.zsh'
